/COM,ANSYS RELEASE 2021 R2           BUILD 21.2      UP20210601       11:12:01

 *** WARNING ***                         CP =       0.391   TIME= 11:12:03
 Shape testing revealed that 6 of the 30 new or modified elements        
 violate shape warning limits.  To review test results, please see the   
 output file or issue the CHECK command.                                 

 *** WARNING ***                         CP =       1.156   TIME= 11:12:03
 Overlapping elements will be generated due to zero node increment.      

 *** WARNING ***                         CP =       3.641   TIME= 11:12:04
 Overlapping elements will be generated due to zero node increment.      

 *** WARNING ***                         CP =       4.141   TIME= 11:12:04
 Previous testing revealed that 6 of the 3428 selected elements violate  
 shape warning limits.  To review warning messages, please see the       
 output or error file, or issue the CHECK command.                       

 *** WARNING ***                         CP =       4.141   TIME= 11:12:04
 ANSYS,INC.-supplied version of coding for USERCK has been used.         

 *** WARNING ***                         CP =       4.141   TIME= 11:12:04
 ANSYS,INC.-supplied version of coding for USERCK has been used.         

 *** WARNING ***                         CP =       4.141   TIME= 11:12:04
 ANSYS,INC.-supplied version of coding for USERCK has been used.         

 *** WARNING ***                         CP =       4.141   TIME= 11:12:04
 ANSYS,INC.-supplied version of coding for USERCK has been used.         

 *** WARNING ***                         CP =       4.141   TIME= 11:12:04
 ANSYS,INC.-supplied version of coding for USERCK has been used.         

 *** WARNING ***                         CP =       4.141   TIME= 11:12:04
 ANSYS,INC.-supplied version of coding for USERCK has been used.         

 *** WARNING ***                         CP =       4.141   TIME= 11:12:04
 ANSYS,INC.-supplied version of coding for USERCK has been used.         

 *** WARNING ***                         CP =       4.141   TIME= 11:12:04
 ANSYS,INC.-supplied version of coding for USERCK has been used.         

 *** WARNING ***                         CP =       4.141   TIME= 11:12:04
 ANSYS,INC.-supplied version of coding for USERCK has been used.         

 *** WARNING ***                         CP =       4.141   TIME= 11:12:04
 ANSYS,INC.-supplied version of coding for USERCK has been used.         

 *** WARNING ***                         CP =       4.141   TIME= 11:12:04
 ANSYS,INC.-supplied version of coding for USERCK has been used.         

 *** WARNING ***                         CP =       4.141   TIME= 11:12:04
 ANSYS,INC.-supplied version of coding for USERCK has been used.         

 *** WARNING ***                         CP =       4.141   TIME= 11:12:04
 ANSYS,INC.-supplied version of coding for USERCK has been used.         

 *** WARNING ***                         CP =       4.141   TIME= 11:12:04
 ANSYS,INC.-supplied version of coding for USERCK has been used.         

 *** WARNING ***                         CP =       4.141   TIME= 11:12:04
 ANSYS,INC.-supplied version of coding for USERCK has been used.         

 *** WARNING ***                         CP =       4.141   TIME= 11:12:04
 ANSYS,INC.-supplied version of coding for USERCK has been used.         

 *** WARNING ***                         CP =       4.141   TIME= 11:12:04
 ANSYS,INC.-supplied version of coding for USERCK has been used.         

 *** WARNING ***                         CP =       4.141   TIME= 11:12:04
 ANSYS,INC.-supplied version of coding for USERCK has been used.         

 *** WARNING ***                         CP =       4.141   TIME= 11:12:04
 ANSYS,INC.-supplied version of coding for USERCK has been used.         

 *** WARNING ***                         CP =       4.141   TIME= 11:12:04
 ANSYS,INC.-supplied version of coding for USERCK has been used.         

 *** WARNING ***                         CP =       4.141   TIME= 11:12:04
 ANSYS,INC.-supplied version of coding for USERCK has been used.         

 *** WARNING ***                         CP =       4.141   TIME= 11:12:04
 ANSYS,INC.-supplied version of coding for USERCK has been used.         

 *** WARNING ***                         CP =       4.141   TIME= 11:12:04
 ANSYS,INC.-supplied version of coding for USERCK has been used.         

 *** WARNING ***                         CP =       4.141   TIME= 11:12:04
 ANSYS,INC.-supplied version of coding for USERCK has been used.         

 *** WARNING ***                         CP =       4.141   TIME= 11:12:04
 ANSYS,INC.-supplied version of coding for USERCK has been used.         

 *** WARNING ***                         CP =       4.141   TIME= 11:12:04
 ANSYS,INC.-supplied version of coding for USERCK has been used.         

 *** WARNING ***                         CP =       4.141   TIME= 11:12:04
 ANSYS,INC.-supplied version of coding for USERCK has been used.         

 *** WARNING ***                         CP =       4.141   TIME= 11:12:04
 ANSYS,INC.-supplied version of coding for USERCK has been used.         

 *** WARNING ***                         CP =       4.141   TIME= 11:12:04
 ANSYS,INC.-supplied version of coding for USERCK has been used.         

 *** WARNING ***                         CP =       4.141   TIME= 11:12:04
 ANSYS,INC.-supplied version of coding for USERCK has been used.         

 *** WARNING ***                         CP =       4.141   TIME= 11:12:04
 ANSYS,INC.-supplied version of coding for USERCK has been used.         

 *** WARNING ***                         CP =       4.141   TIME= 11:12:04
 ANSYS,INC.-supplied version of coding for USERCK has been used.         

 *** WARNING ***                         CP =       4.141   TIME= 11:12:04
 ANSYS,INC.-supplied version of coding for USERCK has been used.         

 *** WARNING ***                         CP =       4.141   TIME= 11:12:04
 ANSYS,INC.-supplied version of coding for USERCK has been used.         

 *** WARNING ***                         CP =       4.141   TIME= 11:12:04
 ANSYS,INC.-supplied version of coding for USERCK has been used.         

 *** WARNING ***                         CP =       4.141   TIME= 11:12:04
 ANSYS,INC.-supplied version of coding for USERCK has been used.         

 *** WARNING ***                         CP =       4.141   TIME= 11:12:04
 ANSYS,INC.-supplied version of coding for USERCK has been used.         

 *** WARNING ***                         CP =       4.141   TIME= 11:12:04
 ANSYS,INC.-supplied version of coding for USERCK has been used.         

 *** WARNING ***                         CP =       4.141   TIME= 11:12:04
 ANSYS,INC.-supplied version of coding for USERCK has been used.         

 *** WARNING ***                         CP =       4.141   TIME= 11:12:04
 ANSYS,INC.-supplied version of coding for USERCK has been used.         

 *** WARNING ***                         CP =       4.141   TIME= 11:12:04
 ANSYS,INC.-supplied version of coding for USERCK has been used.         

 *** WARNING ***                         CP =       4.141   TIME= 11:12:04
 ANSYS,INC.-supplied version of coding for USERCK has been used.         

 *** WARNING ***                         CP =       4.141   TIME= 11:12:04
 ANSYS,INC.-supplied version of coding for USERCK has been used.         

 *** WARNING ***                         CP =       4.141   TIME= 11:12:04
 ANSYS,INC.-supplied version of coding for USERCK has been used.         

 *** WARNING ***                         CP =       4.141   TIME= 11:12:04
 ANSYS,INC.-supplied version of coding for USERCK has been used.         

 *** WARNING ***                         CP =       4.141   TIME= 11:12:04
 ANSYS,INC.-supplied version of coding for USERCK has been used.         

 *** WARNING ***                         CP =       4.141   TIME= 11:12:04
 ANSYS,INC.-supplied version of coding for USERCK has been used.         

 *** WARNING ***                         CP =       4.141   TIME= 11:12:04
 ANSYS,INC.-supplied version of coding for USERCK has been used.         

 *** WARNING ***                         CP =       4.141   TIME= 11:12:04
 ANSYS,INC.-supplied version of coding for USERCK has been used.         

 *** WARNING ***                         CP =       4.141   TIME= 11:12:04
 ANSYS,INC.-supplied version of coding for USERCK has been used.         

 *** WARNING ***                         CP =       4.141   TIME= 11:12:04
 ANSYS,INC.-supplied version of coding for USERCK has been used.         

 *** WARNING ***                         CP =       4.141   TIME= 11:12:04
 ANSYS,INC.-supplied version of coding for USERCK has been used.         

 *** WARNING ***                         CP =       4.141   TIME= 11:12:04
 ANSYS,INC.-supplied version of coding for USERCK has been used.         

 *** WARNING ***                         CP =       4.141   TIME= 11:12:04
 ANSYS,INC.-supplied version of coding for USERCK has been used.         

 *** WARNING ***                         CP =       4.141   TIME= 11:12:04
 ANSYS,INC.-supplied version of coding for USERCK has been used.         

 *** WARNING ***                         CP =       4.141   TIME= 11:12:04
 ANSYS,INC.-supplied version of coding for USERCK has been used.         

 *** WARNING ***                         CP =       4.141   TIME= 11:12:04
 ANSYS,INC.-supplied version of coding for USERCK has been used.         

 *** WARNING ***                         CP =       4.141   TIME= 11:12:04
 ANSYS,INC.-supplied version of coding for USERCK has been used.         

 *** WARNING ***                         CP =       4.141   TIME= 11:12:04
 ANSYS,INC.-supplied version of coding for USERCK has been used.         

 *** WARNING ***                         CP =       4.141   TIME= 11:12:04
 ANSYS,INC.-supplied version of coding for USERCK has been used.         

 *** WARNING ***                         CP =       4.141   TIME= 11:12:04
 ANSYS,INC.-supplied version of coding for USERCK has been used.         

 *** WARNING ***                         CP =       4.141   TIME= 11:12:04
 ANSYS,INC.-supplied version of coding for USERCK has been used.         

 *** WARNING ***                         CP =       4.141   TIME= 11:12:04
 ANSYS,INC.-supplied version of coding for USERCK has been used.         

 *** WARNING ***                         CP =       4.141   TIME= 11:12:04
 ANSYS,INC.-supplied version of coding for USERCK has been used.         

 *** WARNING ***                         CP =       4.141   TIME= 11:12:04
 ANSYS,INC.-supplied version of coding for USERCK has been used.         

 *** WARNING ***                         CP =       4.141   TIME= 11:12:04
 ANSYS,INC.-supplied version of coding for USERCK has been used.         

 *** WARNING ***                         CP =       4.141   TIME= 11:12:04
 ANSYS,INC.-supplied version of coding for USERCK has been used.         

 *** WARNING ***                         CP =       4.141   TIME= 11:12:04
 ANSYS,INC.-supplied version of coding for USERCK has been used.         

 *** WARNING ***                         CP =       4.141   TIME= 11:12:04
 ANSYS,INC.-supplied version of coding for USERCK has been used.         

 *** WARNING ***                         CP =       4.141   TIME= 11:12:04
 ANSYS,INC.-supplied version of coding for USERCK has been used.         

 *** WARNING ***                         CP =       4.141   TIME= 11:12:04
 ANSYS,INC.-supplied version of coding for USERCK has been used.         

 *** WARNING ***                         CP =       4.141   TIME= 11:12:04
 ANSYS,INC.-supplied version of coding for USERCK has been used.         

 *** WARNING ***                         CP =       4.141   TIME= 11:12:04
 ANSYS,INC.-supplied version of coding for USERCK has been used.         

 *** WARNING ***                         CP =       4.141   TIME= 11:12:04
 ANSYS,INC.-supplied version of coding for USERCK has been used.         

 *** WARNING ***                         CP =       4.141   TIME= 11:12:04
 ANSYS,INC.-supplied version of coding for USERCK has been used.         

 *** WARNING ***                         CP =       4.141   TIME= 11:12:04
 ANSYS,INC.-supplied version of coding for USERCK has been used.         

 *** WARNING ***                         CP =       4.141   TIME= 11:12:04
 ANSYS,INC.-supplied version of coding for USERCK has been used.         

 *** WARNING ***                         CP =       4.141   TIME= 11:12:04
 ANSYS,INC.-supplied version of coding for USERCK has been used.         

 *** WARNING ***                         CP =       4.141   TIME= 11:12:04
 ANSYS,INC.-supplied version of coding for USERCK has been used.         

 *** WARNING ***                         CP =       4.141   TIME= 11:12:04
 ANSYS,INC.-supplied version of coding for USERCK has been used.         

 *** WARNING ***                         CP =       4.141   TIME= 11:12:04
 ANSYS,INC.-supplied version of coding for USERCK has been used.         

 *** WARNING ***                         CP =       4.141   TIME= 11:12:04
 ANSYS,INC.-supplied version of coding for USERCK has been used.         

 *** WARNING ***                         CP =       4.141   TIME= 11:12:04
 ANSYS,INC.-supplied version of coding for USERCK has been used.         

 *** WARNING ***                         CP =       4.141   TIME= 11:12:04
 ANSYS,INC.-supplied version of coding for USERCK has been used.         

 *** WARNING ***                         CP =       4.141   TIME= 11:12:04
 ANSYS,INC.-supplied version of coding for USERCK has been used.         

 *** WARNING ***                         CP =       4.141   TIME= 11:12:04
 ANSYS,INC.-supplied version of coding for USERCK has been used.         

 *** WARNING ***                         CP =       4.141   TIME= 11:12:04
 ANSYS,INC.-supplied version of coding for USERCK has been used.         

 *** WARNING ***                         CP =       4.141   TIME= 11:12:04
 ANSYS,INC.-supplied version of coding for USERCK has been used.         

 *** WARNING ***                         CP =       4.141   TIME= 11:12:04
 ANSYS,INC.-supplied version of coding for USERCK has been used.         

 *** WARNING ***                         CP =       4.141   TIME= 11:12:04
 ANSYS,INC.-supplied version of coding for USERCK has been used.         

 *** WARNING ***                         CP =       4.141   TIME= 11:12:04
 ANSYS,INC.-supplied version of coding for USERCK has been used.         

 *** WARNING ***                         CP =       4.141   TIME= 11:12:04
 ANSYS,INC.-supplied version of coding for USERCK has been used.         

 *** WARNING ***                         CP =       4.141   TIME= 11:12:04
 ANSYS,INC.-supplied version of coding for USERCK has been used.         

 *** WARNING ***                         CP =       4.141   TIME= 11:12:04
 ANSYS,INC.-supplied version of coding for USERCK has been used.         

 *** WARNING ***                         CP =       4.141   TIME= 11:12:04
 ANSYS,INC.-supplied version of coding for USERCK has been used.         

 *** WARNING ***                         CP =       4.141   TIME= 11:12:04
 ANSYS,INC.-supplied version of coding for USERCK has been used.         

 *** WARNING ***                         CP =       4.141   TIME= 11:12:04
 ANSYS,INC.-supplied version of coding for USERCK has been used.         

 *** WARNING ***                         CP =       4.141   TIME= 11:12:04
 ANSYS,INC.-supplied version of coding for USERCK has been used.         

 *** WARNING ***                         CP =      27.516   TIME= 11:12:05
 Both solid model and finite element model boundary conditions have been 
 applied to this model.  As solid loads are transferred to the nodes or  
 elements, they can overwrite directly applied loads.                    

 *** WARNING ***                         CP =      27.516   TIME= 11:12:05
 Both solid model and finite element model boundary conditions have been 
 applied to this model.  As solid loads are transferred to the nodes or  
 elements, they can overwrite directly applied loads.                    

 *** WARNING ***                         CP =    1567.312   TIME= 11:13:42
 The view for graph plots is currently NOT changeable.                   
  To enable graph view manipulation, issue /GROPTS,VIEW,1.               
