/COM,ANSYS RELEASE 2022 R1           BUILD 22.1      UP20211129       09:10:33

 *** WARNING ***                         CP =       0.562   TIME= 09:10:38
 Shape testing revealed that 6 of the 30 new or modified elements        
 violate shape warning limits.  To review test results, please see the   
 output file or issue the CHECK command.                                 

 *** WARNING ***                         CP =       2.453   TIME= 09:10:38
 Overlapping elements will be generated due to zero node increment.      

 *** WARNING ***                         CP =       8.453   TIME= 09:10:39
 Overlapping elements will be generated due to zero node increment.      

 *** WARNING ***                         CP =       9.578   TIME= 09:10:39
 Previous testing revealed that 6 of the 3428 selected elements violate  
 shape warning limits.  To review warning messages, please see the       
 output or error file, or issue the CHECK command.                       

 *** WARNING ***                         CP =       9.578   TIME= 09:10:39
 ANSYS,INC.-supplied version of coding for USERCK has been used.         

 *** WARNING ***                         CP =      44.969   TIME= 09:10:40
 Both solid model and finite element model boundary conditions have been 
 applied to this model.  As solid loads are transferred to the nodes or  
 elements, they can overwrite directly applied loads.                    

 *** WARNING ***                         CP =      44.969   TIME= 09:10:40
 Both solid model and finite element model boundary conditions have been 
 applied to this model.  As solid loads are transferred to the nodes or  
 elements, they can overwrite directly applied loads.                    

 *** WARNING ***                         CP =    1769.656   TIME= 09:11:52
 The view for graph plots is currently NOT changeable.                   
  To enable graph view manipulation, issue /GROPTS,VIEW,1.               
