/COM,ANSYS RELEASE 2022 R1           BUILD 22.1      UP20211129       20:17:34

 *** WARNING ***                         CP =       1.000   TIME= 20:17:39
 Assembly A0 is deleted.                                                 

 *** WARNING ***                         CP =       4.875   TIME= 20:17:43
 Assembly VD8 is deleted.                                                

 *** WARNING ***                         CP =       4.875   TIME= 20:17:43
 Assembly VD7 is deleted.                                                

 *** WARNING ***                         CP =       8.031   TIME= 20:17:47
 Assembly VD52 is deleted.                                               

 *** WARNING ***                         CP =       8.031   TIME= 20:17:47
 Assembly VD51 is deleted.                                               

 *** WARNING ***                         CP =       8.031   TIME= 20:17:47
 Assembly VD62 is deleted.                                               

 *** WARNING ***                         CP =       8.031   TIME= 20:17:47
 Assembly VD61 is deleted.                                               

 *** WARNING ***                         CP =      16.812   TIME= 20:17:50
 Structural elements without mid nodes usually produce much more         
 accurate results in quad or brick shape.                                

 *** WARNING ***                         CP =      22.578   TIME= 20:17:51
 Shape testing revealed that 1 of the 17558 new or modified elements     
 violate shape warning limits.  To review test results, please see the   
 output file or issue the CHECK command.                                 

 *** WARNING ***                         CP =      29.234   TIME= 20:17:53
 Shape testing revealed that 8 of the 38122 new or modified elements     
 violate shape warning limits.  To review test results, please see the   
 output file or issue the CHECK command.                                 

 *** WARNING ***                         CP =      29.984   TIME= 20:17:53
 Concatenation of line 242 is not transferred for symm operation.        

 *** WARNING ***                         CP =      29.984   TIME= 20:17:53
 Concatenation of area 167 is not transferred for symm operation.        

 *** WARNING ***                         CP =      29.984   TIME= 20:17:53
 Concatenation of line 230 is not transferred for symm operation.        

 *** WARNING ***                         CP =      34.188   TIME= 20:17:53
 Concatenation of line 227 is not transferred for symm operation.        

 *** WARNING ***                         CP =      35.797   TIME= 20:17:54
 Shape testing revealed that 9 of the 55680 new or modified elements     
 violate shape warning limits.  To review test results, please see the   
 output file or issue the CHECK command.                                 

 *** WARNING ***                         CP =      39.547   TIME= 20:17:54
 After NUMMRG,NODE, node 52634 (and possibly others) is associated with  
 more than one solid model entity.  Future commands which depend on the  
 node to solid model connectivity (meshing, mesh clearing, solid         
 boundary condition transfer, etc.) may not operate properly.            
 NUMMRG,KP may correct this problem.                                     

 *** WARNING ***                         CP =      41.047   TIME= 20:17:54
 Tetrahedron element 114561 has an aspect ratio of 35.58, which exceeds  
 the warning limit of 20.                                                

 *** WARNING ***                         CP =      41.047   TIME= 20:17:54
 Tetrahedron element 114561 has an angle between adjacent edges of       
 172.3 degrees, which exceeds the warning limit of 165 degrees.          

 *** WARNING ***                         CP =      41.047   TIME= 20:17:54
 Tetrahedron element 117695 has an aspect ratio of 20.84, which exceeds  
 the warning limit of 20.                                                

 *** WARNING ***                         CP =      41.047   TIME= 20:17:54
 Tetrahedron element 117695 has an angle between adjacent edges of       
 168.8 degrees, which exceeds the warning limit of 165 degrees.          

 *** WARNING ***                         CP =      41.625   TIME= 20:17:54
 Due to merge, line 174 is now meshed.                                   

 *** WARNING ***                         CP =      41.625   TIME= 20:17:54
 Due to merge, line 178 is now meshed.                                   

 *** WARNING ***                         CP =      41.625   TIME= 20:17:54
 Due to merge, line 148 is now meshed.                                   

 *** WARNING ***                         CP =      41.625   TIME= 20:17:54
 Due to merge, line 176 is now meshed.                                   

 *** WARNING ***                         CP =      41.625   TIME= 20:17:54
 Due to merge, line 177 is now meshed.                                   

 *** WARNING ***                         CP =      41.625   TIME= 20:17:54
 Due to merge, line 172 is now meshed.                                   

 *** WARNING ***                         CP =      41.625   TIME= 20:17:54
 Due to merge, line 171 is now meshed.                                   

 *** WARNING ***                         CP =      41.625   TIME= 20:17:54
 Due to merge, line 173 is now meshed.                                   

 *** WARNING ***                         CP =      41.625   TIME= 20:17:54
 Due to merge, line 42 is now meshed.                                    

 *** WARNING ***                         CP =      41.625   TIME= 20:17:54
 Due to merge, line 169 is now meshed.                                   

 *** WARNING ***                         CP =      41.625   TIME= 20:17:54
 Due to merge, line 55 is now meshed.                                    

 *** WARNING ***                         CP =      41.625   TIME= 20:17:54
 Due to merge, line 45 is now meshed.                                    

 *** WARNING ***                         CP =      41.625   TIME= 20:17:54
 Due to merge, line 54 is now meshed.                                    

 *** WARNING ***                         CP =      41.625   TIME= 20:17:54
 Due to merge, line 41 is now meshed.                                    

 *** WARNING ***                         CP =      41.641   TIME= 20:17:54
 Due to merge, area 99 is now meshed.                                    

 *** WARNING ***                         CP =      41.641   TIME= 20:17:54
 Due to merge, area 113 is now meshed.                                   

 *** WARNING ***                         CP =      41.641   TIME= 20:17:54
 Due to merge, area 58 is now meshed.                                    

 *** WARNING ***                         CP =      41.641   TIME= 20:17:54
 Due to merge, area 53 is now meshed.                                    

 *** WARNING ***                         CP =      41.641   TIME= 20:17:54
 Due to merge, area 28 is now meshed.                                    

 *** WARNING ***                         CP =      41.641   TIME= 20:17:54
 Due to merge, area 18 is now meshed.                                    

 *** WARNING ***                         CP =      42.172   TIME= 20:17:55
 Shape testing revealed that 232 of the 11799 new or modified elements   
 violate shape warning limits.  To review test results, please see the   
 output file or issue the CHECK command.                                 

 *** WARNING ***                         CP =      48.922   TIME= 20:17:56
 Shape testing revealed that 16 of the 32832 new or modified elements    
 violate shape warning limits.  To review test results, please see the   
 output file or issue the CHECK command.                                 

 *** WARNING ***                         CP =      61.844   TIME= 20:17:59
 Overlapping elements will be generated due to zero node increment.      

 *** WARNING ***                         CP =      62.969   TIME= 20:17:59
 Shape testing revealed that 2 of the 11352 new or modified elements     
 violate shape warning limits.  To review test results, please see the   
 output file or issue the CHECK command.                                 

 *** WARNING ***                         CP =      66.719   TIME= 20:17:59
 Overlapping elements will be generated due to zero node increment.      

 *** WARNING ***                         CP =     108.344   TIME= 20:18:01
 Overlapping elements will be generated due to zero node increment.      

 *** WARNING ***                         CP =     123.812   TIME= 20:18:01
 SOLID185 wedges are recommended only in regions of relatively low       
 stress gradients.                                                       

 *** WARNING ***                         CP =     125.312   TIME= 20:18:01
 Previous testing revealed that 268 of the 221314 selected elements      
 violate shape warning limits.  To review warning messages, please see   
 the output or error file, or issue the CHECK command.                   

 *** WARNING ***                         CP =    6126.812   TIME= 20:23:28
 Both solid model and finite element model boundary conditions have been 
 applied to this model.  As solid loads are transferred to the nodes or  
 elements, they can overwrite directly applied loads.                    

 *** WARNING ***                         CP =    6133.062   TIME= 20:23:28
 Both solid model and finite element model boundary conditions have been 
 applied to this model.  As solid loads are transferred to the nodes or  
 elements, they can overwrite directly applied loads.                    

 *** WARNING ***                         CP =  278974.188   TIME= 00:27:48
 The selected element set contains mixed element stiffness types.        
  This could invalidate error estimation.                                

 *** WARNING ***                         CP =  278978.188   TIME= 00:27:52
 The selected element set contains mixed element stiffness types.        
  This could invalidate error estimation.                                

 *** WARNING ***                         CP =  278979.125   TIME= 00:27:53
 The selected element set contains mixed materials.                      
  This could invalidate error estimation.                                

 *** WARNING ***                         CP =  278982.156   TIME= 00:27:56
 The selected element set contains mixed element stiffness types.        
  This could invalidate error estimation.                                

 *** WARNING ***                         CP =  278983.094   TIME= 00:27:57
 The selected element set contains mixed materials.                      
  This could invalidate error estimation.                                

 *** WARNING ***                         CP =  278986.062   TIME= 00:28:00
 The selected element set contains mixed element stiffness types.        
  This could invalidate error estimation.                                

 *** WARNING ***                         CP =  278987.000   TIME= 00:28:01
 The selected element set contains mixed materials.                      
  This could invalidate error estimation.                                

 *** WARNING ***                         CP =  278990.000   TIME= 00:28:04
 The selected element set contains mixed element stiffness types.        
  This could invalidate error estimation.                                

 *** WARNING ***                         CP =  278990.938   TIME= 00:28:05
 The selected element set contains mixed materials.                      
  This could invalidate error estimation.                                

 *** WARNING ***                         CP =  278993.875   TIME= 00:28:08
 The selected element set contains mixed element stiffness types.        
  This could invalidate error estimation.                                

 *** WARNING ***                         CP =  278994.812   TIME= 00:28:09
 The selected element set contains mixed materials.                      
  This could invalidate error estimation.                                

 *** WARNING ***                         CP =  278997.781   TIME= 00:28:12
 The selected element set contains mixed element stiffness types.        
  This could invalidate error estimation.                                

 *** WARNING ***                         CP =  278998.719   TIME= 00:28:13
 The selected element set contains mixed materials.                      
  This could invalidate error estimation.                                

 *** WARNING ***                         CP =  279001.688   TIME= 00:28:16
 The selected element set contains mixed element stiffness types.        
  This could invalidate error estimation.                                

 *** WARNING ***                         CP =  279002.625   TIME= 00:28:17
 The selected element set contains mixed materials.                      
  This could invalidate error estimation.                                

 *** WARNING ***                         CP =  279005.562   TIME= 00:28:20
 The selected element set contains mixed element stiffness types.        
  This could invalidate error estimation.                                

 *** WARNING ***                         CP =  279006.500   TIME= 00:28:21
 The selected element set contains mixed materials.                      
  This could invalidate error estimation.                                

 *** WARNING ***                         CP =  279009.438   TIME= 00:28:24
 The selected element set contains mixed element stiffness types.        
  This could invalidate error estimation.                                

 *** WARNING ***                         CP =  279010.375   TIME= 00:28:25
 The selected element set contains mixed materials.                      
  This could invalidate error estimation.                                

 *** WARNING ***                         CP =  279013.312   TIME= 00:28:27
 The selected element set contains mixed element stiffness types.        
  This could invalidate error estimation.                                

 *** WARNING ***                         CP =  279014.250   TIME= 00:28:28
 The selected element set contains mixed materials.                      
  This could invalidate error estimation.                                

 *** WARNING ***                         CP =  279017.188   TIME= 00:28:31
 The selected element set contains mixed element stiffness types.        
  This could invalidate error estimation.                                

 *** WARNING ***                         CP =  279018.125   TIME= 00:28:32
 The selected element set contains mixed materials.                      
  This could invalidate error estimation.                                

 *** WARNING ***                         CP =  279021.062   TIME= 00:28:35
 The selected element set contains mixed element stiffness types.        
  This could invalidate error estimation.                                

 *** WARNING ***                         CP =  279022.000   TIME= 00:28:36
 The selected element set contains mixed materials.                      
  This could invalidate error estimation.                                

 *** WARNING ***                         CP =  279024.906   TIME= 00:28:39
 The selected element set contains mixed element stiffness types.        
  This could invalidate error estimation.                                

 *** WARNING ***                         CP =  279025.844   TIME= 00:28:40
 The selected element set contains mixed materials.                      
  This could invalidate error estimation.                                

 *** WARNING ***                         CP =  279028.781   TIME= 00:28:43
 The selected element set contains mixed element stiffness types.        
  This could invalidate error estimation.                                

 *** WARNING ***                         CP =  279029.719   TIME= 00:28:44
 The selected element set contains mixed materials.                      
  This could invalidate error estimation.                                

 *** WARNING ***                         CP =  279032.625   TIME= 00:28:47
 The selected element set contains mixed element stiffness types.        
  This could invalidate error estimation.                                

 *** WARNING ***                         CP =  279033.562   TIME= 00:28:48
 The selected element set contains mixed materials.                      
  This could invalidate error estimation.                                

 *** WARNING ***                         CP =  279036.500   TIME= 00:28:51
 The selected element set contains mixed element stiffness types.        
  This could invalidate error estimation.                                

 *** WARNING ***                         CP =  279037.438   TIME= 00:28:52
 The selected element set contains mixed materials.                      
  This could invalidate error estimation.                                

 *** WARNING ***                         CP =  279040.375   TIME= 00:28:54
 The selected element set contains mixed element stiffness types.        
  This could invalidate error estimation.                                

 *** WARNING ***                         CP =  279041.312   TIME= 00:28:55
 The selected element set contains mixed materials.                      
  This could invalidate error estimation.                                

 *** WARNING ***                         CP =  279044.219   TIME= 00:28:58
 The selected element set contains mixed element stiffness types.        
  This could invalidate error estimation.                                

 *** WARNING ***                         CP =  279045.156   TIME= 00:28:59
 The selected element set contains mixed materials.                      
  This could invalidate error estimation.                                

 *** WARNING ***                         CP =  279048.062   TIME= 00:29:02
 The selected element set contains mixed element stiffness types.        
  This could invalidate error estimation.                                

 *** WARNING ***                         CP =  279049.000   TIME= 00:29:03
 The selected element set contains mixed materials.                      
  This could invalidate error estimation.                                

 *** WARNING ***                         CP =  279051.906   TIME= 00:29:06
 The selected element set contains mixed element stiffness types.        
  This could invalidate error estimation.                                

 *** WARNING ***                         CP =  279052.844   TIME= 00:29:07
 The selected element set contains mixed materials.                      
  This could invalidate error estimation.                                

 *** WARNING ***                         CP =  279055.750   TIME= 00:29:10
 The selected element set contains mixed element stiffness types.        
  This could invalidate error estimation.                                

 *** WARNING ***                         CP =  279056.688   TIME= 00:29:11
 The selected element set contains mixed materials.                      
  This could invalidate error estimation.                                

 *** WARNING ***                         CP =  279059.625   TIME= 00:29:14
 The selected element set contains mixed element stiffness types.        
  This could invalidate error estimation.                                

 *** WARNING ***                         CP =  279060.562   TIME= 00:29:15
 The selected element set contains mixed materials.                      
  This could invalidate error estimation.                                

 *** WARNING ***                         CP =  279063.438   TIME= 00:29:18
 The selected element set contains mixed element stiffness types.        
  This could invalidate error estimation.                                

 *** WARNING ***                         CP =  279064.375   TIME= 00:29:19
 The selected element set contains mixed materials.                      
  This could invalidate error estimation.                                

 *** WARNING ***                         CP =  279067.281   TIME= 00:29:21
 The selected element set contains mixed element stiffness types.        
  This could invalidate error estimation.                                

 *** WARNING ***                         CP =  279068.250   TIME= 00:29:22
 The selected element set contains mixed materials.                      
  This could invalidate error estimation.                                

 *** WARNING ***                         CP =  279071.125   TIME= 00:29:25
 The selected element set contains mixed element stiffness types.        
  This could invalidate error estimation.                                

 *** WARNING ***                         CP =  279072.062   TIME= 00:29:26
 The selected element set contains mixed materials.                      
  This could invalidate error estimation.                                

 *** WARNING ***                         CP =  279075.000   TIME= 00:29:29
 The selected element set contains mixed element stiffness types.        
  This could invalidate error estimation.                                

 *** WARNING ***                         CP =  279075.938   TIME= 00:29:30
 The selected element set contains mixed materials.                      
  This could invalidate error estimation.                                

 *** WARNING ***                         CP =  279078.812   TIME= 00:29:33
 The selected element set contains mixed element stiffness types.        
  This could invalidate error estimation.                                

 *** WARNING ***                         CP =  279079.750   TIME= 00:29:34
 The selected element set contains mixed materials.                      
  This could invalidate error estimation.                                

 *** WARNING ***                         CP =  279082.625   TIME= 00:29:37
 The selected element set contains mixed element stiffness types.        
  This could invalidate error estimation.                                

 *** WARNING ***                         CP =  279083.562   TIME= 00:29:38
 The selected element set contains mixed materials.                      
  This could invalidate error estimation.                                

 *** WARNING ***                         CP =  279086.469   TIME= 00:29:41
 The selected element set contains mixed element stiffness types.        
  This could invalidate error estimation.                                

 *** WARNING ***                         CP =  279087.406   TIME= 00:29:42
 The selected element set contains mixed materials.                      
  This could invalidate error estimation.                                

 *** WARNING ***                         CP =  279090.312   TIME= 00:29:44
 The selected element set contains mixed element stiffness types.        
  This could invalidate error estimation.                                

 *** WARNING ***                         CP =  279091.250   TIME= 00:29:45
 The selected element set contains mixed materials.                      
  This could invalidate error estimation.                                

 *** WARNING ***                         CP =  279094.125   TIME= 00:29:48
 The selected element set contains mixed element stiffness types.        
  This could invalidate error estimation.                                

 *** WARNING ***                         CP =  279095.062   TIME= 00:29:49
 The selected element set contains mixed materials.                      
  This could invalidate error estimation.                                

 *** WARNING ***                         CP =  279097.938   TIME= 00:29:52
 The selected element set contains mixed element stiffness types.        
  This could invalidate error estimation.                                

 *** WARNING ***                         CP =  279098.875   TIME= 00:29:53
 The selected element set contains mixed materials.                      
  This could invalidate error estimation.                                

 *** WARNING ***                         CP =  279101.781   TIME= 00:29:56
 The selected element set contains mixed element stiffness types.        
  This could invalidate error estimation.                                

 *** WARNING ***                         CP =  279102.719   TIME= 00:29:57
 The selected element set contains mixed materials.                      
  This could invalidate error estimation.                                

 *** WARNING ***                         CP =  279105.594   TIME= 00:30:00
 The selected element set contains mixed element stiffness types.        
  This could invalidate error estimation.                                

 *** WARNING ***                         CP =  279106.531   TIME= 00:30:01
 The selected element set contains mixed materials.                      
  This could invalidate error estimation.                                

 *** WARNING ***                         CP =  279109.438   TIME= 00:30:04
 The selected element set contains mixed element stiffness types.        
  This could invalidate error estimation.                                

 *** WARNING ***                         CP =  279110.375   TIME= 00:30:04
 The selected element set contains mixed materials.                      
  This could invalidate error estimation.                                

 *** WARNING ***                         CP =  279113.250   TIME= 00:30:07
 The selected element set contains mixed element stiffness types.        
  This could invalidate error estimation.                                

 *** WARNING ***                         CP =  279114.188   TIME= 00:30:08
 The selected element set contains mixed materials.                      
  This could invalidate error estimation.                                

 *** WARNING ***                         CP =  279117.062   TIME= 00:30:11
 The selected element set contains mixed element stiffness types.        
  This could invalidate error estimation.                                

 *** WARNING ***                         CP =  279118.000   TIME= 00:30:12
 The selected element set contains mixed materials.                      
  This could invalidate error estimation.                                

 *** WARNING ***                         CP =  279120.875   TIME= 00:30:15
 The selected element set contains mixed element stiffness types.        
  This could invalidate error estimation.                                

 *** WARNING ***                         CP =  279121.812   TIME= 00:30:16
 The selected element set contains mixed materials.                      
  This could invalidate error estimation.                                

 *** WARNING ***                         CP =  279124.688   TIME= 00:30:19
 The selected element set contains mixed element stiffness types.        
  This could invalidate error estimation.                                

 *** WARNING ***                         CP =  279125.625   TIME= 00:30:20
 The selected element set contains mixed materials.                      
  This could invalidate error estimation.                                

 *** WARNING ***                         CP =  279128.469   TIME= 00:30:23
 The selected element set contains mixed element stiffness types.        
  This could invalidate error estimation.                                

 *** WARNING ***                         CP =  279129.406   TIME= 00:30:24
 The selected element set contains mixed materials.                      
  This could invalidate error estimation.                                

 *** WARNING ***                         CP =  279132.250   TIME= 00:30:26
 The selected element set contains mixed element stiffness types.        
  This could invalidate error estimation.                                

 *** WARNING ***                         CP =  279133.188   TIME= 00:30:27
 The selected element set contains mixed materials.                      
  This could invalidate error estimation.                                

 *** WARNING ***                         CP =  279136.031   TIME= 00:30:30
 The selected element set contains mixed element stiffness types.        
  This could invalidate error estimation.                                

 *** WARNING ***                         CP =  279136.938   TIME= 00:30:31
 The selected element set contains mixed materials.                      
  This could invalidate error estimation.                                

 *** WARNING ***                         CP =  279139.812   TIME= 00:30:34
 The selected element set contains mixed element stiffness types.        
  This could invalidate error estimation.                                

 *** WARNING ***                         CP =  279140.688   TIME= 00:30:35
 The selected element set contains mixed materials.                      
  This could invalidate error estimation.                                

 *** WARNING ***                         CP =  279143.531   TIME= 00:30:38
 The selected element set contains mixed element stiffness types.        
  This could invalidate error estimation.                                

 *** WARNING ***                         CP =  279144.438   TIME= 00:30:39
 The selected element set contains mixed materials.                      
  This could invalidate error estimation.                                

 *** WARNING ***                         CP =  279147.250   TIME= 00:30:41
 The selected element set contains mixed element stiffness types.        
  This could invalidate error estimation.                                

 *** WARNING ***                         CP =  279148.125   TIME= 00:30:42
 The selected element set contains mixed materials.                      
  This could invalidate error estimation.                                

 *** WARNING ***                         CP =  279150.969   TIME= 00:30:45
 The selected element set contains mixed element stiffness types.        
  This could invalidate error estimation.                                

 *** WARNING ***                         CP =  279151.875   TIME= 00:30:46
 The selected element set contains mixed materials.                      
  This could invalidate error estimation.                                

 *** WARNING ***                         CP =  279154.688   TIME= 00:30:49
 The selected element set contains mixed element stiffness types.        
  This could invalidate error estimation.                                

 *** WARNING ***                         CP =  279155.562   TIME= 00:30:50
 The selected element set contains mixed materials.                      
  This could invalidate error estimation.                                

 *** WARNING ***                         CP =  279158.375   TIME= 00:30:52
 The selected element set contains mixed element stiffness types.        
  This could invalidate error estimation.                                

 *** WARNING ***                         CP =  279159.250   TIME= 00:30:53
 The selected element set contains mixed materials.                      
  This could invalidate error estimation.                                

 *** WARNING ***                         CP =  279162.062   TIME= 00:30:56
 The selected element set contains mixed element stiffness types.        
  This could invalidate error estimation.                                

 *** WARNING ***                         CP =  279162.906   TIME= 00:30:57
 The selected element set contains mixed materials.                      
  This could invalidate error estimation.                                

 *** WARNING ***                         CP =  279165.719   TIME= 00:31:00
 The selected element set contains mixed element stiffness types.        
  This could invalidate error estimation.                                

 *** WARNING ***                         CP =  279166.594   TIME= 00:31:01
 The selected element set contains mixed materials.                      
  This could invalidate error estimation.                                

 *** WARNING ***                         CP =  279169.375   TIME= 00:31:03
 The selected element set contains mixed element stiffness types.        
  This could invalidate error estimation.                                

 *** WARNING ***                         CP =  279170.250   TIME= 00:31:04
 The selected element set contains mixed materials.                      
  This could invalidate error estimation.                                

 *** WARNING ***                         CP =  279173.000   TIME= 00:31:07
 The selected element set contains mixed element stiffness types.        
  This could invalidate error estimation.                                

 *** WARNING ***                         CP =  279173.875   TIME= 00:31:08
 The selected element set contains mixed materials.                      
  This could invalidate error estimation.                                

 *** WARNING ***                         CP =  279176.656   TIME= 00:31:11
 The selected element set contains mixed element stiffness types.        
  This could invalidate error estimation.                                

 *** WARNING ***                         CP =  279177.500   TIME= 00:31:12
 The selected element set contains mixed materials.                      
  This could invalidate error estimation.                                

 *** WARNING ***                         CP =  279180.281   TIME= 00:31:14
 The selected element set contains mixed element stiffness types.        
  This could invalidate error estimation.                                

 *** WARNING ***                         CP =  279181.125   TIME= 00:31:15
 The selected element set contains mixed materials.                      
  This could invalidate error estimation.                                

 *** WARNING ***                         CP =  279183.875   TIME= 00:31:18
 The selected element set contains mixed element stiffness types.        
  This could invalidate error estimation.                                

 *** WARNING ***                         CP =  279184.719   TIME= 00:31:19
 The selected element set contains mixed materials.                      
  This could invalidate error estimation.                                

 *** WARNING ***                         CP =  279187.469   TIME= 00:31:22
 The selected element set contains mixed element stiffness types.        
  This could invalidate error estimation.                                

 *** WARNING ***                         CP =  279188.312   TIME= 00:31:22
 The selected element set contains mixed materials.                      
  This could invalidate error estimation.                                

 *** WARNING ***                         CP =  279191.094   TIME= 00:31:25
 The selected element set contains mixed element stiffness types.        
  This could invalidate error estimation.                                

 *** WARNING ***                         CP =  279191.938   TIME= 00:31:26
 The selected element set contains mixed materials.                      
  This could invalidate error estimation.                                

 *** WARNING ***                         CP =  279194.688   TIME= 00:31:29
 The selected element set contains mixed element stiffness types.        
  This could invalidate error estimation.                                

 *** WARNING ***                         CP =  279195.500   TIME= 00:31:30
 The selected element set contains mixed materials.                      
  This could invalidate error estimation.                                

 *** WARNING ***                         CP =  279198.281   TIME= 00:31:32
 The selected element set contains mixed element stiffness types.        
  This could invalidate error estimation.                                

 *** WARNING ***                         CP =  279199.125   TIME= 00:31:33
 The selected element set contains mixed materials.                      
  This could invalidate error estimation.                                

 *** WARNING ***                         CP =  279201.875   TIME= 00:31:36
 The selected element set contains mixed element stiffness types.        
  This could invalidate error estimation.                                

 *** WARNING ***                         CP =  279202.688   TIME= 00:31:37
 The selected element set contains mixed materials.                      
  This could invalidate error estimation.                                

 *** WARNING ***                         CP =  279205.438   TIME= 00:31:40
 The selected element set contains mixed element stiffness types.        
  This could invalidate error estimation.                                

 *** WARNING ***                         CP =  279206.281   TIME= 00:31:40
 The selected element set contains mixed materials.                      
  This could invalidate error estimation.                                

 *** WARNING ***                         CP =  279209.031   TIME= 00:31:43
 The selected element set contains mixed element stiffness types.        
  This could invalidate error estimation.                                

 *** WARNING ***                         CP =  279209.875   TIME= 00:31:44
 The selected element set contains mixed materials.                      
  This could invalidate error estimation.                                

 *** WARNING ***                         CP =  279212.625   TIME= 00:31:47
 The selected element set contains mixed element stiffness types.        
  This could invalidate error estimation.                                

 *** WARNING ***                         CP =  279213.438   TIME= 00:31:48
 The selected element set contains mixed materials.                      
  This could invalidate error estimation.                                

 *** WARNING ***                         CP =  279216.188   TIME= 00:31:50
 The selected element set contains mixed element stiffness types.        
  This could invalidate error estimation.                                

 *** WARNING ***                         CP =  279217.000   TIME= 00:31:51
 The selected element set contains mixed materials.                      
  This could invalidate error estimation.                                

 *** WARNING ***                         CP =  279219.781   TIME= 00:31:54
 The selected element set contains mixed element stiffness types.        
  This could invalidate error estimation.                                

 *** WARNING ***                         CP =  279220.594   TIME= 00:31:55
 The selected element set contains mixed materials.                      
  This could invalidate error estimation.                                

 *** WARNING ***                         CP =  279223.344   TIME= 00:31:57
 The selected element set contains mixed element stiffness types.        
  This could invalidate error estimation.                                

 *** WARNING ***                         CP =  279224.188   TIME= 00:31:58
 The selected element set contains mixed materials.                      
  This could invalidate error estimation.                                

 *** WARNING ***                         CP =  279226.938   TIME= 00:32:01
 The selected element set contains mixed element stiffness types.        
  This could invalidate error estimation.                                

 *** WARNING ***                         CP =  279227.750   TIME= 00:32:02
 The selected element set contains mixed materials.                      
  This could invalidate error estimation.                                

 *** WARNING ***                         CP =  279230.500   TIME= 00:32:05
 The selected element set contains mixed element stiffness types.        
  This could invalidate error estimation.                                

 *** WARNING ***                         CP =  279231.312   TIME= 00:32:05
 The selected element set contains mixed materials.                      
  This could invalidate error estimation.                                

 *** WARNING ***                         CP =  279234.062   TIME= 00:32:08
 The selected element set contains mixed element stiffness types.        
  This could invalidate error estimation.                                

 *** WARNING ***                         CP =  279234.875   TIME= 00:32:09
 The selected element set contains mixed materials.                      
  This could invalidate error estimation.                                

 *** WARNING ***                         CP =  279237.625   TIME= 00:32:12
 The selected element set contains mixed element stiffness types.        
  This could invalidate error estimation.                                

 *** WARNING ***                         CP =  279238.438   TIME= 00:32:13
 The selected element set contains mixed materials.                      
  This could invalidate error estimation.                                

 *** WARNING ***                         CP =  279241.188   TIME= 00:32:15
 The selected element set contains mixed element stiffness types.        
  This could invalidate error estimation.                                

 *** WARNING ***                         CP =  279242.000   TIME= 00:32:16
 The selected element set contains mixed materials.                      
  This could invalidate error estimation.                                

 *** WARNING ***                         CP =  279244.750   TIME= 00:32:19
 The selected element set contains mixed element stiffness types.        
  This could invalidate error estimation.                                

 *** WARNING ***                         CP =  279245.562   TIME= 00:32:20
 The selected element set contains mixed materials.                      
  This could invalidate error estimation.                                

 *** WARNING ***                         CP =  279248.281   TIME= 00:32:22
 The selected element set contains mixed element stiffness types.        
  This could invalidate error estimation.                                

 *** WARNING ***                         CP =  279249.094   TIME= 00:32:23
 The selected element set contains mixed materials.                      
  This could invalidate error estimation.                                

 *** WARNING ***                         CP =  279251.875   TIME= 00:32:26
 The selected element set contains mixed element stiffness types.        
  This could invalidate error estimation.                                

 *** WARNING ***                         CP =  279252.688   TIME= 00:32:27
 The selected element set contains mixed materials.                      
  This could invalidate error estimation.                                

 *** WARNING ***                         CP =  279255.438   TIME= 00:32:30
 The selected element set contains mixed element stiffness types.        
  This could invalidate error estimation.                                

 *** WARNING ***                         CP =  279256.219   TIME= 00:32:30
 The selected element set contains mixed materials.                      
  This could invalidate error estimation.                                

 *** WARNING ***                         CP =  279258.938   TIME= 00:32:33
 The selected element set contains mixed element stiffness types.        
  This could invalidate error estimation.                                

 *** WARNING ***                         CP =  279259.750   TIME= 00:32:34
 The selected element set contains mixed materials.                      
  This could invalidate error estimation.                                

 *** WARNING ***                         CP =  279262.500   TIME= 00:32:37
 The selected element set contains mixed element stiffness types.        
  This could invalidate error estimation.                                

 *** WARNING ***                         CP =  279263.312   TIME= 00:32:37
 The selected element set contains mixed materials.                      
  This could invalidate error estimation.                                

 *** WARNING ***                         CP =  279266.062   TIME= 00:32:40
 The selected element set contains mixed element stiffness types.        
  This could invalidate error estimation.                                

 *** WARNING ***                         CP =  279266.875   TIME= 00:32:41
 The selected element set contains mixed materials.                      
  This could invalidate error estimation.                                

 *** WARNING ***                         CP =  279269.625   TIME= 00:32:44
 The selected element set contains mixed element stiffness types.        
  This could invalidate error estimation.                                

 *** WARNING ***                         CP =  279270.406   TIME= 00:32:44
 The selected element set contains mixed materials.                      
  This could invalidate error estimation.                                

 *** WARNING ***                         CP =  279273.156   TIME= 00:32:47
 The selected element set contains mixed element stiffness types.        
  This could invalidate error estimation.                                

 *** WARNING ***                         CP =  279273.938   TIME= 00:32:48
 The selected element set contains mixed materials.                      
  This could invalidate error estimation.                                

 *** WARNING ***                         CP =  279276.688   TIME= 00:32:51
 The selected element set contains mixed element stiffness types.        
  This could invalidate error estimation.                                

 *** WARNING ***                         CP =  279277.500   TIME= 00:32:52
 The selected element set contains mixed materials.                      
  This could invalidate error estimation.                                

 *** WARNING ***                         CP =  279280.250   TIME= 00:32:54
 The selected element set contains mixed element stiffness types.        
  This could invalidate error estimation.                                

 *** WARNING ***                         CP =  279281.031   TIME= 00:32:55
 The selected element set contains mixed materials.                      
  This could invalidate error estimation.                                

 *** WARNING ***                         CP =  279283.750   TIME= 00:32:58
 The selected element set contains mixed element stiffness types.        
  This could invalidate error estimation.                                

 *** WARNING ***                         CP =  279284.562   TIME= 00:32:59
 The selected element set contains mixed materials.                      
  This could invalidate error estimation.                                

 *** WARNING ***                         CP =  279287.281   TIME= 00:33:01
 The selected element set contains mixed element stiffness types.        
  This could invalidate error estimation.                                

 *** WARNING ***                         CP =  279288.062   TIME= 00:33:02
 The selected element set contains mixed materials.                      
  This could invalidate error estimation.                                

 *** WARNING ***                         CP =  279290.812   TIME= 00:33:05
 The selected element set contains mixed element stiffness types.        
  This could invalidate error estimation.                                

 *** WARNING ***                         CP =  279291.625   TIME= 00:33:06
 The selected element set contains mixed materials.                      
  This could invalidate error estimation.                                

 *** WARNING ***                         CP =  279294.344   TIME= 00:33:08
 The selected element set contains mixed element stiffness types.        
  This could invalidate error estimation.                                

 *** WARNING ***                         CP =  279295.125   TIME= 00:33:09
 The selected element set contains mixed materials.                      
  This could invalidate error estimation.                                

 *** WARNING ***                         CP =  279297.875   TIME= 00:33:12
 The selected element set contains mixed element stiffness types.        
  This could invalidate error estimation.                                

 *** WARNING ***                         CP =  279298.656   TIME= 00:33:13
 The selected element set contains mixed materials.                      
  This could invalidate error estimation.                                

 *** WARNING ***                         CP =  279301.375   TIME= 00:33:15
 The selected element set contains mixed element stiffness types.        
  This could invalidate error estimation.                                

 *** WARNING ***                         CP =  279302.188   TIME= 00:33:16
 The selected element set contains mixed materials.                      
  This could invalidate error estimation.                                

 *** WARNING ***                         CP =  279304.875   TIME= 00:33:19
 The selected element set contains mixed element stiffness types.        
  This could invalidate error estimation.                                

 *** WARNING ***                         CP =  279305.688   TIME= 00:33:20
 The selected element set contains mixed materials.                      
  This could invalidate error estimation.                                

 *** WARNING ***                         CP =  279308.406   TIME= 00:33:22
 The selected element set contains mixed element stiffness types.        
  This could invalidate error estimation.                                

 *** WARNING ***                         CP =  279309.188   TIME= 00:33:23
 The selected element set contains mixed materials.                      
  This could invalidate error estimation.                                

 *** WARNING ***                         CP =  279311.938   TIME= 00:33:26
 The selected element set contains mixed element stiffness types.        
  This could invalidate error estimation.                                

 *** WARNING ***                         CP =  279312.719   TIME= 00:33:27
 The selected element set contains mixed materials.                      
  This could invalidate error estimation.                                

 *** WARNING ***                         CP =  279315.438   TIME= 00:33:29
 The selected element set contains mixed element stiffness types.        
  This could invalidate error estimation.                                

 *** WARNING ***                         CP =  279316.219   TIME= 00:33:30
 The selected element set contains mixed materials.                      
  This could invalidate error estimation.                                

 *** WARNING ***                         CP =  279318.938   TIME= 00:33:33
 The selected element set contains mixed element stiffness types.        
  This could invalidate error estimation.                                

 *** WARNING ***                         CP =  279319.688   TIME= 00:33:34
 The selected element set contains mixed materials.                      
  This could invalidate error estimation.                                

 *** WARNING ***                         CP =  279322.438   TIME= 00:33:37
 The selected element set contains mixed element stiffness types.        
  This could invalidate error estimation.                                

 *** WARNING ***                         CP =  279323.219   TIME= 00:33:37
 The selected element set contains mixed materials.                      
  This could invalidate error estimation.                                

 *** WARNING ***                         CP =  279325.938   TIME= 00:33:40
 The selected element set contains mixed element stiffness types.        
  This could invalidate error estimation.                                

 *** WARNING ***                         CP =  279326.719   TIME= 00:33:41
 The selected element set contains mixed materials.                      
  This could invalidate error estimation.                                

 *** WARNING ***                         CP =  279329.438   TIME= 00:33:44
 The selected element set contains mixed element stiffness types.        
  This could invalidate error estimation.                                

 *** WARNING ***                         CP =  279330.219   TIME= 00:33:44
 The selected element set contains mixed materials.                      
  This could invalidate error estimation.                                

 *** WARNING ***                         CP =  279332.938   TIME= 00:33:47
 The selected element set contains mixed element stiffness types.        
  This could invalidate error estimation.                                

 *** WARNING ***                         CP =  279333.719   TIME= 00:33:48
 The selected element set contains mixed materials.                      
  This could invalidate error estimation.                                

 *** WARNING ***                         CP =  279333.812   TIME= 00:33:48
 The view for graph plots is currently NOT changeable.                   
  To enable graph view manipulation, issue /GROPTS,VIEW,1.               

 *** WARNING ***                         CP =  279335.125   TIME= 00:33:50
 Parameter N_SEL already exists.  It is deleted and redefined by the     
 *DIM command.                                                           

 *** WARNING ***                         CP =  279342.719   TIME= 00:33:53
 The selected element set contains mixed element stiffness types.        
  This could invalidate error estimation.                                

 *** WARNING ***                         CP =  279346.562   TIME= 00:33:57
 The selected element set contains mixed element stiffness types.        
  This could invalidate error estimation.                                

 *** WARNING ***                         CP =  279347.500   TIME= 00:33:58
 The selected element set contains mixed materials.                      
  This could invalidate error estimation.                                

 *** WARNING ***                         CP =  279350.406   TIME= 00:34:01
 The selected element set contains mixed element stiffness types.        
  This could invalidate error estimation.                                

 *** WARNING ***                         CP =  279351.344   TIME= 00:34:02
 The selected element set contains mixed materials.                      
  This could invalidate error estimation.                                

 *** WARNING ***                         CP =  279354.250   TIME= 00:34:04
 The selected element set contains mixed element stiffness types.        
  This could invalidate error estimation.                                

 *** WARNING ***                         CP =  279355.188   TIME= 00:34:05
 The selected element set contains mixed materials.                      
  This could invalidate error estimation.                                

 *** WARNING ***                         CP =  279358.094   TIME= 00:34:08
 The selected element set contains mixed element stiffness types.        
  This could invalidate error estimation.                                

 *** WARNING ***                         CP =  279359.031   TIME= 00:34:09
 The selected element set contains mixed materials.                      
  This could invalidate error estimation.                                

 *** WARNING ***                         CP =  279361.938   TIME= 00:34:12
 The selected element set contains mixed element stiffness types.        
  This could invalidate error estimation.                                

 *** WARNING ***                         CP =  279362.875   TIME= 00:34:13
 The selected element set contains mixed materials.                      
  This could invalidate error estimation.                                

 *** WARNING ***                         CP =  279365.781   TIME= 00:34:16
 The selected element set contains mixed element stiffness types.        
  This could invalidate error estimation.                                

 *** WARNING ***                         CP =  279366.719   TIME= 00:34:17
 The selected element set contains mixed materials.                      
  This could invalidate error estimation.                                

 *** WARNING ***                         CP =  279369.625   TIME= 00:34:20
 The selected element set contains mixed element stiffness types.        
  This could invalidate error estimation.                                

 *** WARNING ***                         CP =  279370.562   TIME= 00:34:21
 The selected element set contains mixed materials.                      
  This could invalidate error estimation.                                

 *** WARNING ***                         CP =  279373.438   TIME= 00:34:24
 The selected element set contains mixed element stiffness types.        
  This could invalidate error estimation.                                

 *** WARNING ***                         CP =  279374.375   TIME= 00:34:25
 The selected element set contains mixed materials.                      
  This could invalidate error estimation.                                

 *** WARNING ***                         CP =  279377.312   TIME= 00:34:28
 The selected element set contains mixed element stiffness types.        
  This could invalidate error estimation.                                

 *** WARNING ***                         CP =  279378.250   TIME= 00:34:28
 The selected element set contains mixed materials.                      
  This could invalidate error estimation.                                

 *** WARNING ***                         CP =  279381.125   TIME= 00:34:31
 The selected element set contains mixed element stiffness types.        
  This could invalidate error estimation.                                

 *** WARNING ***                         CP =  279382.062   TIME= 00:34:32
 The selected element set contains mixed materials.                      
  This could invalidate error estimation.                                

 *** WARNING ***                         CP =  279385.000   TIME= 00:34:35
 The selected element set contains mixed element stiffness types.        
  This could invalidate error estimation.                                

 *** WARNING ***                         CP =  279385.938   TIME= 00:34:36
 The selected element set contains mixed materials.                      
  This could invalidate error estimation.                                

 *** WARNING ***                         CP =  279388.812   TIME= 00:34:39
 The selected element set contains mixed element stiffness types.        
  This could invalidate error estimation.                                

 *** WARNING ***                         CP =  279389.750   TIME= 00:34:40
 The selected element set contains mixed materials.                      
  This could invalidate error estimation.                                

 *** WARNING ***                         CP =  279392.625   TIME= 00:34:43
 The selected element set contains mixed element stiffness types.        
  This could invalidate error estimation.                                

 *** WARNING ***                         CP =  279393.562   TIME= 00:34:44
 The selected element set contains mixed materials.                      
  This could invalidate error estimation.                                

 *** WARNING ***                         CP =  279396.469   TIME= 00:34:47
 The selected element set contains mixed element stiffness types.        
  This could invalidate error estimation.                                

 *** WARNING ***                         CP =  279397.406   TIME= 00:34:48
 The selected element set contains mixed materials.                      
  This could invalidate error estimation.                                

 *** WARNING ***                         CP =  279400.312   TIME= 00:34:51
 The selected element set contains mixed element stiffness types.        
  This could invalidate error estimation.                                

 *** WARNING ***                         CP =  279401.250   TIME= 00:34:51
 The selected element set contains mixed materials.                      
  This could invalidate error estimation.                                

 *** WARNING ***                         CP =  279404.125   TIME= 00:34:54
 The selected element set contains mixed element stiffness types.        
  This could invalidate error estimation.                                

 *** WARNING ***                         CP =  279405.062   TIME= 00:34:55
 The selected element set contains mixed materials.                      
  This could invalidate error estimation.                                

 *** WARNING ***                         CP =  279407.938   TIME= 00:34:58
 The selected element set contains mixed element stiffness types.        
  This could invalidate error estimation.                                

 *** WARNING ***                         CP =  279408.875   TIME= 00:34:59
 The selected element set contains mixed materials.                      
  This could invalidate error estimation.                                

 *** WARNING ***                         CP =  279411.781   TIME= 00:35:02
 The selected element set contains mixed element stiffness types.        
  This could invalidate error estimation.                                

 *** WARNING ***                         CP =  279412.719   TIME= 00:35:03
 The selected element set contains mixed materials.                      
  This could invalidate error estimation.                                

 *** WARNING ***                         CP =  279415.594   TIME= 00:35:06
 The selected element set contains mixed element stiffness types.        
  This could invalidate error estimation.                                

 *** WARNING ***                         CP =  279416.531   TIME= 00:35:07
 The selected element set contains mixed materials.                      
  This could invalidate error estimation.                                

 *** WARNING ***                         CP =  279419.438   TIME= 00:35:10
 The selected element set contains mixed element stiffness types.        
  This could invalidate error estimation.                                

 *** WARNING ***                         CP =  279420.375   TIME= 00:35:11
 The selected element set contains mixed materials.                      
  This could invalidate error estimation.                                

 *** WARNING ***                         CP =  279423.250   TIME= 00:35:13
 The selected element set contains mixed element stiffness types.        
  This could invalidate error estimation.                                

 *** WARNING ***                         CP =  279424.188   TIME= 00:35:14
 The selected element set contains mixed materials.                      
  This could invalidate error estimation.                                

 *** WARNING ***                         CP =  279427.031   TIME= 00:35:17
 The selected element set contains mixed element stiffness types.        
  This could invalidate error estimation.                                

 *** WARNING ***                         CP =  279427.969   TIME= 00:35:18
 The selected element set contains mixed materials.                      
  This could invalidate error estimation.                                

 *** WARNING ***                         CP =  279430.844   TIME= 00:35:21
 The selected element set contains mixed element stiffness types.        
  This could invalidate error estimation.                                

 *** WARNING ***                         CP =  279431.812   TIME= 00:35:22
 The selected element set contains mixed materials.                      
  This could invalidate error estimation.                                

 *** WARNING ***                         CP =  279434.656   TIME= 00:35:25
 The selected element set contains mixed element stiffness types.        
  This could invalidate error estimation.                                

 *** WARNING ***                         CP =  279435.594   TIME= 00:35:26
 The selected element set contains mixed materials.                      
  This could invalidate error estimation.                                

 *** WARNING ***                         CP =  279438.500   TIME= 00:35:29
 The selected element set contains mixed element stiffness types.        
  This could invalidate error estimation.                                

 *** WARNING ***                         CP =  279439.438   TIME= 00:35:30
 The selected element set contains mixed materials.                      
  This could invalidate error estimation.                                

 *** WARNING ***                         CP =  279442.312   TIME= 00:35:33
 The selected element set contains mixed element stiffness types.        
  This could invalidate error estimation.                                

 *** WARNING ***                         CP =  279443.250   TIME= 00:35:33
 The selected element set contains mixed materials.                      
  This could invalidate error estimation.                                

 *** WARNING ***                         CP =  279446.125   TIME= 00:35:36
 The selected element set contains mixed element stiffness types.        
  This could invalidate error estimation.                                

 *** WARNING ***                         CP =  279447.062   TIME= 00:35:37
 The selected element set contains mixed materials.                      
  This could invalidate error estimation.                                

 *** WARNING ***                         CP =  279449.938   TIME= 00:35:40
 The selected element set contains mixed element stiffness types.        
  This could invalidate error estimation.                                

 *** WARNING ***                         CP =  279450.875   TIME= 00:35:41
 The selected element set contains mixed materials.                      
  This could invalidate error estimation.                                

 *** WARNING ***                         CP =  279453.750   TIME= 00:35:44
 The selected element set contains mixed element stiffness types.        
  This could invalidate error estimation.                                

 *** WARNING ***                         CP =  279454.688   TIME= 00:35:45
 The selected element set contains mixed materials.                      
  This could invalidate error estimation.                                

 *** WARNING ***                         CP =  279457.531   TIME= 00:35:48
 The selected element set contains mixed element stiffness types.        
  This could invalidate error estimation.                                

 *** WARNING ***                         CP =  279458.500   TIME= 00:35:49
 The selected element set contains mixed materials.                      
  This could invalidate error estimation.                                

 *** WARNING ***                         CP =  279461.312   TIME= 00:35:52
 The selected element set contains mixed element stiffness types.        
  This could invalidate error estimation.                                

 *** WARNING ***                         CP =  279462.250   TIME= 00:35:52
 The selected element set contains mixed materials.                      
  This could invalidate error estimation.                                

 *** WARNING ***                         CP =  279465.125   TIME= 00:35:55
 The selected element set contains mixed element stiffness types.        
  This could invalidate error estimation.                                

 *** WARNING ***                         CP =  279466.062   TIME= 00:35:56
 The selected element set contains mixed materials.                      
  This could invalidate error estimation.                                

 *** WARNING ***                         CP =  279468.938   TIME= 00:35:59
 The selected element set contains mixed element stiffness types.        
  This could invalidate error estimation.                                

 *** WARNING ***                         CP =  279469.875   TIME= 00:36:00
 The selected element set contains mixed materials.                      
  This could invalidate error estimation.                                

 *** WARNING ***                         CP =  279472.750   TIME= 00:36:03
 The selected element set contains mixed element stiffness types.        
  This could invalidate error estimation.                                

 *** WARNING ***                         CP =  279473.688   TIME= 00:36:04
 The selected element set contains mixed materials.                      
  This could invalidate error estimation.                                

 *** WARNING ***                         CP =  279476.500   TIME= 00:36:07
 The selected element set contains mixed element stiffness types.        
  This could invalidate error estimation.                                

 *** WARNING ***                         CP =  279477.438   TIME= 00:36:08
 The selected element set contains mixed materials.                      
  This could invalidate error estimation.                                

 *** WARNING ***                         CP =  279480.312   TIME= 00:36:11
 The selected element set contains mixed element stiffness types.        
  This could invalidate error estimation.                                

 *** WARNING ***                         CP =  279481.250   TIME= 00:36:11
 The selected element set contains mixed materials.                      
  This could invalidate error estimation.                                

 *** WARNING ***                         CP =  279484.125   TIME= 00:36:14
 The selected element set contains mixed element stiffness types.        
  This could invalidate error estimation.                                

 *** WARNING ***                         CP =  279485.062   TIME= 00:36:15
 The selected element set contains mixed materials.                      
  This could invalidate error estimation.                                

 *** WARNING ***                         CP =  279487.875   TIME= 00:36:18
 The selected element set contains mixed element stiffness types.        
  This could invalidate error estimation.                                

 *** WARNING ***                         CP =  279488.812   TIME= 00:36:19
 The selected element set contains mixed materials.                      
  This could invalidate error estimation.                                

 *** WARNING ***                         CP =  279491.688   TIME= 00:36:22
 The selected element set contains mixed element stiffness types.        
  This could invalidate error estimation.                                

 *** WARNING ***                         CP =  279492.625   TIME= 00:36:23
 The selected element set contains mixed materials.                      
  This could invalidate error estimation.                                

 *** WARNING ***                         CP =  279495.469   TIME= 00:36:26
 The selected element set contains mixed element stiffness types.        
  This could invalidate error estimation.                                

 *** WARNING ***                         CP =  279496.375   TIME= 00:36:27
 The selected element set contains mixed materials.                      
  This could invalidate error estimation.                                

 *** WARNING ***                         CP =  279499.219   TIME= 00:36:29
 The selected element set contains mixed element stiffness types.        
  This could invalidate error estimation.                                

 *** WARNING ***                         CP =  279500.125   TIME= 00:36:30
 The selected element set contains mixed materials.                      
  This could invalidate error estimation.                                

 *** WARNING ***                         CP =  279502.969   TIME= 00:36:33
 The selected element set contains mixed element stiffness types.        
  This could invalidate error estimation.                                

 *** WARNING ***                         CP =  279503.875   TIME= 00:36:34
 The selected element set contains mixed materials.                      
  This could invalidate error estimation.                                

 *** WARNING ***                         CP =  279506.688   TIME= 00:36:37
 The selected element set contains mixed element stiffness types.        
  This could invalidate error estimation.                                

 *** WARNING ***                         CP =  279507.594   TIME= 00:36:38
 The selected element set contains mixed materials.                      
  This could invalidate error estimation.                                

 *** WARNING ***                         CP =  279510.375   TIME= 00:36:41
 The selected element set contains mixed element stiffness types.        
  This could invalidate error estimation.                                

 *** WARNING ***                         CP =  279511.312   TIME= 00:36:41
 The selected element set contains mixed materials.                      
  This could invalidate error estimation.                                

 *** WARNING ***                         CP =  279514.125   TIME= 00:36:44
 The selected element set contains mixed element stiffness types.        
  This could invalidate error estimation.                                

 *** WARNING ***                         CP =  279515.000   TIME= 00:36:45
 The selected element set contains mixed materials.                      
  This could invalidate error estimation.                                

 *** WARNING ***                         CP =  279517.812   TIME= 00:36:48
 The selected element set contains mixed element stiffness types.        
  This could invalidate error estimation.                                

 *** WARNING ***                         CP =  279518.688   TIME= 00:36:49
 The selected element set contains mixed materials.                      
  This could invalidate error estimation.                                

 *** WARNING ***                         CP =  279521.500   TIME= 00:36:52
 The selected element set contains mixed element stiffness types.        
  This could invalidate error estimation.                                

 *** WARNING ***                         CP =  279522.375   TIME= 00:36:53
 The selected element set contains mixed materials.                      
  This could invalidate error estimation.                                

 *** WARNING ***                         CP =  279525.156   TIME= 00:36:55
 The selected element set contains mixed element stiffness types.        
  This could invalidate error estimation.                                

 *** WARNING ***                         CP =  279526.062   TIME= 00:36:56
 The selected element set contains mixed materials.                      
  This could invalidate error estimation.                                

 *** WARNING ***                         CP =  279528.812   TIME= 00:36:59
 The selected element set contains mixed element stiffness types.        
  This could invalidate error estimation.                                

 *** WARNING ***                         CP =  279529.688   TIME= 00:37:00
 The selected element set contains mixed materials.                      
  This could invalidate error estimation.                                

 *** WARNING ***                         CP =  279532.469   TIME= 00:37:03
 The selected element set contains mixed element stiffness types.        
  This could invalidate error estimation.                                

 *** WARNING ***                         CP =  279533.344   TIME= 00:37:04
 The selected element set contains mixed materials.                      
  This could invalidate error estimation.                                

 *** WARNING ***                         CP =  279536.125   TIME= 00:37:06
 The selected element set contains mixed element stiffness types.        
  This could invalidate error estimation.                                

 *** WARNING ***                         CP =  279536.969   TIME= 00:37:07
 The selected element set contains mixed materials.                      
  This could invalidate error estimation.                                

 *** WARNING ***                         CP =  279539.750   TIME= 00:37:10
 The selected element set contains mixed element stiffness types.        
  This could invalidate error estimation.                                

 *** WARNING ***                         CP =  279540.594   TIME= 00:37:11
 The selected element set contains mixed materials.                      
  This could invalidate error estimation.                                

 *** WARNING ***                         CP =  279543.375   TIME= 00:37:14
 The selected element set contains mixed element stiffness types.        
  This could invalidate error estimation.                                

 *** WARNING ***                         CP =  279544.219   TIME= 00:37:14
 The selected element set contains mixed materials.                      
  This could invalidate error estimation.                                

 *** WARNING ***                         CP =  279546.969   TIME= 00:37:17
 The selected element set contains mixed element stiffness types.        
  This could invalidate error estimation.                                

 *** WARNING ***                         CP =  279547.812   TIME= 00:37:18
 The selected element set contains mixed materials.                      
  This could invalidate error estimation.                                

 *** WARNING ***                         CP =  279550.562   TIME= 00:37:21
 The selected element set contains mixed element stiffness types.        
  This could invalidate error estimation.                                

 *** WARNING ***                         CP =  279551.375   TIME= 00:37:22
 The selected element set contains mixed materials.                      
  This could invalidate error estimation.                                

 *** WARNING ***                         CP =  279554.125   TIME= 00:37:24
 The selected element set contains mixed element stiffness types.        
  This could invalidate error estimation.                                

 *** WARNING ***                         CP =  279554.969   TIME= 00:37:25
 The selected element set contains mixed materials.                      
  This could invalidate error estimation.                                

 *** WARNING ***                         CP =  279557.688   TIME= 00:37:28
 The selected element set contains mixed element stiffness types.        
  This could invalidate error estimation.                                

 *** WARNING ***                         CP =  279558.531   TIME= 00:37:29
 The selected element set contains mixed materials.                      
  This could invalidate error estimation.                                

 *** WARNING ***                         CP =  279561.312   TIME= 00:37:31
 The selected element set contains mixed element stiffness types.        
  This could invalidate error estimation.                                

 *** WARNING ***                         CP =  279562.125   TIME= 00:37:32
 The selected element set contains mixed materials.                      
  This could invalidate error estimation.                                

 *** WARNING ***                         CP =  279564.875   TIME= 00:37:35
 The selected element set contains mixed element stiffness types.        
  This could invalidate error estimation.                                

 *** WARNING ***                         CP =  279565.688   TIME= 00:37:36
 The selected element set contains mixed materials.                      
  This could invalidate error estimation.                                

 *** WARNING ***                         CP =  279568.500   TIME= 00:37:39
 The selected element set contains mixed element stiffness types.        
  This could invalidate error estimation.                                

 *** WARNING ***                         CP =  279569.312   TIME= 00:37:40
 The selected element set contains mixed materials.                      
  This could invalidate error estimation.                                

 *** WARNING ***                         CP =  279572.125   TIME= 00:37:42
 The selected element set contains mixed element stiffness types.        
  This could invalidate error estimation.                                

 *** WARNING ***                         CP =  279572.938   TIME= 00:37:43
 The selected element set contains mixed materials.                      
  This could invalidate error estimation.                                

 *** WARNING ***                         CP =  279575.688   TIME= 00:37:46
 The selected element set contains mixed element stiffness types.        
  This could invalidate error estimation.                                

 *** WARNING ***                         CP =  279576.500   TIME= 00:37:47
 The selected element set contains mixed materials.                      
  This could invalidate error estimation.                                

 *** WARNING ***                         CP =  279579.250   TIME= 00:37:49
 The selected element set contains mixed element stiffness types.        
  This could invalidate error estimation.                                

 *** WARNING ***                         CP =  279580.062   TIME= 00:37:50
 The selected element set contains mixed materials.                      
  This could invalidate error estimation.                                

 *** WARNING ***                         CP =  279582.812   TIME= 00:37:53
 The selected element set contains mixed element stiffness types.        
  This could invalidate error estimation.                                

 *** WARNING ***                         CP =  279583.625   TIME= 00:37:54
 The selected element set contains mixed materials.                      
  This could invalidate error estimation.                                

 *** WARNING ***                         CP =  279586.375   TIME= 00:37:57
 The selected element set contains mixed element stiffness types.        
  This could invalidate error estimation.                                

 *** WARNING ***                         CP =  279587.188   TIME= 00:37:57
 The selected element set contains mixed materials.                      
  This could invalidate error estimation.                                

 *** WARNING ***                         CP =  279589.938   TIME= 00:38:00
 The selected element set contains mixed element stiffness types.        
  This could invalidate error estimation.                                

 *** WARNING ***                         CP =  279590.750   TIME= 00:38:01
 The selected element set contains mixed materials.                      
  This could invalidate error estimation.                                

 *** WARNING ***                         CP =  279593.500   TIME= 00:38:04
 The selected element set contains mixed element stiffness types.        
  This could invalidate error estimation.                                

 *** WARNING ***                         CP =  279594.312   TIME= 00:38:05
 The selected element set contains mixed materials.                      
  This could invalidate error estimation.                                

 *** WARNING ***                         CP =  279597.062   TIME= 00:38:07
 The selected element set contains mixed element stiffness types.        
  This could invalidate error estimation.                                

 *** WARNING ***                         CP =  279597.875   TIME= 00:38:08
 The selected element set contains mixed materials.                      
  This could invalidate error estimation.                                

 *** WARNING ***                         CP =  279600.625   TIME= 00:38:11
 The selected element set contains mixed element stiffness types.        
  This could invalidate error estimation.                                

 *** WARNING ***                         CP =  279601.438   TIME= 00:38:12
 The selected element set contains mixed materials.                      
  This could invalidate error estimation.                                

 *** WARNING ***                         CP =  279604.188   TIME= 00:38:14
 The selected element set contains mixed element stiffness types.        
  This could invalidate error estimation.                                

 *** WARNING ***                         CP =  279605.000   TIME= 00:38:15
 The selected element set contains mixed materials.                      
  This could invalidate error estimation.                                

 *** WARNING ***                         CP =  279607.719   TIME= 00:38:18
 The selected element set contains mixed element stiffness types.        
  This could invalidate error estimation.                                

 *** WARNING ***                         CP =  279608.531   TIME= 00:38:19
 The selected element set contains mixed materials.                      
  This could invalidate error estimation.                                

 *** WARNING ***                         CP =  279611.250   TIME= 00:38:21
 The selected element set contains mixed element stiffness types.        
  This could invalidate error estimation.                                

 *** WARNING ***                         CP =  279612.062   TIME= 00:38:22
 The selected element set contains mixed materials.                      
  This could invalidate error estimation.                                

 *** WARNING ***                         CP =  279614.812   TIME= 00:38:25
 The selected element set contains mixed element stiffness types.        
  This could invalidate error estimation.                                

 *** WARNING ***                         CP =  279615.625   TIME= 00:38:26
 The selected element set contains mixed materials.                      
  This could invalidate error estimation.                                

 *** WARNING ***                         CP =  279618.375   TIME= 00:38:29
 The selected element set contains mixed element stiffness types.        
  This could invalidate error estimation.                                

 *** WARNING ***                         CP =  279619.188   TIME= 00:38:29
 The selected element set contains mixed materials.                      
  This could invalidate error estimation.                                

 *** WARNING ***                         CP =  279621.938   TIME= 00:38:32
 The selected element set contains mixed element stiffness types.        
  This could invalidate error estimation.                                

 *** WARNING ***                         CP =  279622.750   TIME= 00:38:33
 The selected element set contains mixed materials.                      
  This could invalidate error estimation.                                

 *** WARNING ***                         CP =  279625.438   TIME= 00:38:36
 The selected element set contains mixed element stiffness types.        
  This could invalidate error estimation.                                

 *** WARNING ***                         CP =  279626.250   TIME= 00:38:36
 The selected element set contains mixed materials.                      
  This could invalidate error estimation.                                

 *** WARNING ***                         CP =  279629.000   TIME= 00:38:39
 The selected element set contains mixed element stiffness types.        
  This could invalidate error estimation.                                

 *** WARNING ***                         CP =  279629.812   TIME= 00:38:40
 The selected element set contains mixed materials.                      
  This could invalidate error estimation.                                

 *** WARNING ***                         CP =  279632.531   TIME= 00:38:43
 The selected element set contains mixed element stiffness types.        
  This could invalidate error estimation.                                

 *** WARNING ***                         CP =  279633.312   TIME= 00:38:43
 The selected element set contains mixed materials.                      
  This could invalidate error estimation.                                

 *** WARNING ***                         CP =  279636.062   TIME= 00:38:46
 The selected element set contains mixed element stiffness types.        
  This could invalidate error estimation.                                

 *** WARNING ***                         CP =  279636.875   TIME= 00:38:47
 The selected element set contains mixed materials.                      
  This could invalidate error estimation.                                

 *** WARNING ***                         CP =  279639.562   TIME= 00:38:50
 The selected element set contains mixed element stiffness types.        
  This could invalidate error estimation.                                

 *** WARNING ***                         CP =  279640.375   TIME= 00:38:51
 The selected element set contains mixed materials.                      
  This could invalidate error estimation.                                

 *** WARNING ***                         CP =  279643.125   TIME= 00:38:53
 The selected element set contains mixed element stiffness types.        
  This could invalidate error estimation.                                

 *** WARNING ***                         CP =  279643.938   TIME= 00:38:54
 The selected element set contains mixed materials.                      
  This could invalidate error estimation.                                

 *** WARNING ***                         CP =  279646.656   TIME= 00:38:57
 The selected element set contains mixed element stiffness types.        
  This could invalidate error estimation.                                

 *** WARNING ***                         CP =  279647.438   TIME= 00:38:58
 The selected element set contains mixed materials.                      
  This could invalidate error estimation.                                

 *** WARNING ***                         CP =  279650.188   TIME= 00:39:00
 The selected element set contains mixed element stiffness types.        
  This could invalidate error estimation.                                

 *** WARNING ***                         CP =  279651.000   TIME= 00:39:01
 The selected element set contains mixed materials.                      
  This could invalidate error estimation.                                

 *** WARNING ***                         CP =  279653.688   TIME= 00:39:04
 The selected element set contains mixed element stiffness types.        
  This could invalidate error estimation.                                

 *** WARNING ***                         CP =  279654.500   TIME= 00:39:05
 The selected element set contains mixed materials.                      
  This could invalidate error estimation.                                

 *** WARNING ***                         CP =  279657.250   TIME= 00:39:07
 The selected element set contains mixed element stiffness types.        
  This could invalidate error estimation.                                

 *** WARNING ***                         CP =  279658.031   TIME= 00:39:08
 The selected element set contains mixed materials.                      
  This could invalidate error estimation.                                

 *** WARNING ***                         CP =  279660.750   TIME= 00:39:11
 The selected element set contains mixed element stiffness types.        
  This could invalidate error estimation.                                

 *** WARNING ***                         CP =  279661.531   TIME= 00:39:12
 The selected element set contains mixed materials.                      
  This could invalidate error estimation.                                

 *** WARNING ***                         CP =  279664.250   TIME= 00:39:14
 The selected element set contains mixed element stiffness types.        
  This could invalidate error estimation.                                

 *** WARNING ***                         CP =  279665.062   TIME= 00:39:15
 The selected element set contains mixed materials.                      
  This could invalidate error estimation.                                

 *** WARNING ***                         CP =  279667.750   TIME= 00:39:18
 The selected element set contains mixed element stiffness types.        
  This could invalidate error estimation.                                

 *** WARNING ***                         CP =  279668.562   TIME= 00:39:19
 The selected element set contains mixed materials.                      
  This could invalidate error estimation.                                

 *** WARNING ***                         CP =  279671.281   TIME= 00:39:21
 The selected element set contains mixed element stiffness types.        
  This could invalidate error estimation.                                

 *** WARNING ***                         CP =  279672.062   TIME= 00:39:22
 The selected element set contains mixed materials.                      
  This could invalidate error estimation.                                

 *** WARNING ***                         CP =  279674.781   TIME= 00:39:25
 The selected element set contains mixed element stiffness types.        
  This could invalidate error estimation.                                

 *** WARNING ***                         CP =  279675.562   TIME= 00:39:26
 The selected element set contains mixed materials.                      
  This could invalidate error estimation.                                

 *** WARNING ***                         CP =  279678.312   TIME= 00:39:28
 The selected element set contains mixed element stiffness types.        
  This could invalidate error estimation.                                

 *** WARNING ***                         CP =  279679.094   TIME= 00:39:29
 The selected element set contains mixed materials.                      
  This could invalidate error estimation.                                

 *** WARNING ***                         CP =  279681.812   TIME= 00:39:32
 The selected element set contains mixed element stiffness types.        
  This could invalidate error estimation.                                

 *** WARNING ***                         CP =  279682.625   TIME= 00:39:33
 The selected element set contains mixed materials.                      
  This could invalidate error estimation.                                

 *** WARNING ***                         CP =  279685.312   TIME= 00:39:35
 The selected element set contains mixed element stiffness types.        
  This could invalidate error estimation.                                

 *** WARNING ***                         CP =  279686.125   TIME= 00:39:36
 The selected element set contains mixed materials.                      
  This could invalidate error estimation.                                

 *** WARNING ***                         CP =  279688.812   TIME= 00:39:39
 The selected element set contains mixed element stiffness types.        
  This could invalidate error estimation.                                

 *** WARNING ***                         CP =  279689.594   TIME= 00:39:40
 The selected element set contains mixed materials.                      
  This could invalidate error estimation.                                

 *** WARNING ***                         CP =  279692.312   TIME= 00:39:42
 The selected element set contains mixed element stiffness types.        
  This could invalidate error estimation.                                

 *** WARNING ***                         CP =  279693.094   TIME= 00:39:43
 The selected element set contains mixed materials.                      
  This could invalidate error estimation.                                

 *** WARNING ***                         CP =  279695.812   TIME= 00:39:46
 The selected element set contains mixed element stiffness types.        
  This could invalidate error estimation.                                

 *** WARNING ***                         CP =  279696.625   TIME= 00:39:47
 The selected element set contains mixed materials.                      
  This could invalidate error estimation.                                

 *** WARNING ***                         CP =  279699.312   TIME= 00:39:49
 The selected element set contains mixed element stiffness types.        
  This could invalidate error estimation.                                

 *** WARNING ***                         CP =  279700.094   TIME= 00:39:50
 The selected element set contains mixed materials.                      
  This could invalidate error estimation.                                

 *** WARNING ***                         CP =  279703.062   TIME= 00:39:53
 During this session a solution was performed using 24 CPU cores in      
 shared-memory parallel (SMP) mode (-np 24).  It is strongly             
 recommended to use distributed memory parallel (DMP) mode instead       
 (-dis -np 24).  DMP mode typically outperforms SMP mode, even when      
 running on a single system.  For more information, see the ANSYS        
 Parallel Processing Guide in the ANSYS Help system.                     
