/COM,ANSYS RELEASE 2022 R1           BUILD 22.1      UP20211129       21:38:28

 *** WARNING ***                         CP =       0.484   TIME= 21:38:33
 Shape testing revealed that 6 of the 30 new or modified elements        
 violate shape warning limits.  To review test results, please see the   
 output file or issue the CHECK command.                                 

 *** WARNING ***                         CP =       1.750   TIME= 21:38:33
 Overlapping elements will be generated due to zero node increment.      

 *** WARNING ***                         CP =       5.500   TIME= 21:38:33
 Overlapping elements will be generated due to zero node increment.      

 *** WARNING ***                         CP =       6.000   TIME= 21:38:33
 Previous testing revealed that 6 of the 3428 selected elements violate  
 shape warning limits.  To review warning messages, please see the       
 output or error file, or issue the CHECK command.                       

 *** WARNING ***                         CP =       6.250   TIME= 21:38:33
 ANSYS,INC.-supplied version of coding for USERCK has been used.         

 *** WARNING ***                         CP =      34.250   TIME= 21:38:35
 Both solid model and finite element model boundary conditions have been 
 applied to this model.  As solid loads are transferred to the nodes or  
 elements, they can overwrite directly applied loads.                    

 *** WARNING ***                         CP =      34.250   TIME= 21:38:35
 Both solid model and finite element model boundary conditions have been 
 applied to this model.  As solid loads are transferred to the nodes or  
 elements, they can overwrite directly applied loads.                    

 *** WARNING ***                         CP =    1632.891   TIME= 21:40:17
 The view for graph plots is currently NOT changeable.                   
  To enable graph view manipulation, issue /GROPTS,VIEW,1.               
