Intel(R) Fortran Intel(R) 64 Compiler Classic for applications running on Intel(R) 64, Version 2021.1 Build 20201112_000000
Copyright (C) 1985-2020 Intel Corporation.  All rights reserved.

Usermat.F
Usermat.F(232): warning #8889: Explicit declaration of the EXTERNAL attribute is required.   [USERMAT3D_EPVP]
              CALL usermat3d_EPVP (
-------------------^
Usermat.F(244): warning #8889: Explicit declaration of the EXTERNAL attribute is required.   [USERMAT3D_VE_CONCRETO]
              CALL usermat3d_VE_CONCRETO (
-------------------^
Usermat.F(11): remark #7712: This variable has not been used.   [PVOLDER]
     &                   cutFactor, pVolDer, hrmflg, var3, var4,
------------------------------------^
Usermat.F(11): remark #7712: This variable has not been used.   [HRMFLG]
     &                   cutFactor, pVolDer, hrmflg, var3, var4,
---------------------------------------------^
Usermat.F(267): remark #7712: This variable has not been used.   [MATID]
     &                   matId, elemId,kDomIntPt, kLayer, kSectPt,
-------------------------^
Usermat.F(267): remark #7712: This variable has not been used.   [KLAYER]
     &                   matId, elemId,kDomIntPt, kLayer, kSectPt,
--------------------------------------------------^
Usermat.F(267): remark #7712: This variable has not been used.   [KSECTPT]
     &                   matId, elemId,kDomIntPt, kLayer, kSectPt,
----------------------------------------------------------^
Usermat.F(268): remark #7712: This variable has not been used.   [LDSTEP]
     &                   ldstep,isubst,keycut,
-------------------------^
Usermat.F(268): remark #7712: This variable has not been used.   [ISUBST]
     &                   ldstep,isubst,keycut,
--------------------------------^
Usermat.F(268): remark #7712: This variable has not been used.   [KEYCUT]
     &                   ldstep,isubst,keycut,
---------------------------------------^
Usermat.F(269): remark #7712: This variable has not been used.   [NDIRECT]
     &                   nDirect,nShear,ncomp,nStatev,nProp,
-------------------------^
Usermat.F(269): remark #7712: This variable has not been used.   [NSHEAR]
     &                   nDirect,nShear,ncomp,nStatev,nProp,
---------------------------------^
Usermat.F(270): remark #7712: This variable has not been used.   [TIME]
     &                   Time,dTime,Temp,dTemp,
-------------------------^
Usermat.F(270): remark #7712: This variable has not been used.   [DTIME]
     &                   Time,dTime,Temp,dTemp,
------------------------------^
Usermat.F(270): remark #7712: This variable has not been used.   [TEMP]
     &                   Time,dTime,Temp,dTemp,
------------------------------------^
Usermat.F(270): remark #7712: This variable has not been used.   [DTEMP]
     &                   Time,dTime,Temp,dTemp,
-----------------------------------------^
Usermat.F(271): remark #7712: This variable has not been used.   [USTATEV]
     &                   stress,ustatev,dsdePl,sedEl,sedPl,epseq,
--------------------------------^
Usermat.F(271): remark #7712: This variable has not been used.   [SEDEL]
     &                   stress,ustatev,dsdePl,sedEl,sedPl,epseq,
-----------------------------------------------^
Usermat.F(271): remark #7712: This variable has not been used.   [SEDPL]
     &                   stress,ustatev,dsdePl,sedEl,sedPl,epseq,
-----------------------------------------------------^
Usermat.F(271): remark #7712: This variable has not been used.   [EPSEQ]
     &                   stress,ustatev,dsdePl,sedEl,sedPl,epseq,
-----------------------------------------------------------^
Usermat.F(272): remark #7712: This variable has not been used.   [EPSPL]
     &                   Strain,dStrain, epsPl, prop, coords, 
-----------------------------------------^
Usermat.F(272): remark #7712: This variable has not been used.   [COORDS]
     &                   Strain,dStrain, epsPl, prop, coords, 
------------------------------------------------------^
Usermat.F(273): remark #7712: This variable has not been used.   [VAR0]
     &                   var0, defGrad_t, defGrad,
-------------------------^
Usermat.F(273): remark #7712: This variable has not been used.   [DEFGRAD_T]
     &                   var0, defGrad_t, defGrad,
-------------------------------^
Usermat.F(273): remark #7712: This variable has not been used.   [DEFGRAD]
     &                   var0, defGrad_t, defGrad,
------------------------------------------^
Usermat.F(274): remark #7712: This variable has not been used.   [EPSZZ]
     &                   tsstif, epsZZ, cutFactor, 
---------------------------------^
Usermat.F(274): remark #7712: This variable has not been used.   [CUTFACTOR]
     &                   tsstif, epsZZ, cutFactor, 
----------------------------------------^
Usermat.F(275): remark #7712: This variable has not been used.   [VAR1]
     &                   var1, var2, var3, var4, var5,
-------------------------^
Usermat.F(275): remark #7712: This variable has not been used.   [VAR2]
     &                   var1, var2, var3, var4, var5,
-------------------------------^
Usermat.F(275): remark #7712: This variable has not been used.   [VAR3]
     &                   var1, var2, var3, var4, var5,
-------------------------------------^
Usermat.F(275): remark #7712: This variable has not been used.   [VAR4]
     &                   var1, var2, var3, var4, var5,
-------------------------------------------^
Usermat.F(275): remark #7712: This variable has not been used.   [VAR5]
     &                   var1, var2, var3, var4, var5,
-------------------------------------------------^
Usermat.F(276): remark #7712: This variable has not been used.   [VAR6]
     &                   var6, var7)
-------------------------^
Usermat.F(276): remark #7712: This variable has not been used.   [VAR7]
     &                   var6, var7)
-------------------------------^
Usermat.F(322): remark #7712: This variable has not been used.   [I]
      INTEGER             i, j,ncompgt
--------------------------^
Usermat.F(322): remark #7712: This variable has not been used.   [J]
      INTEGER             i, j,ncompgt
-----------------------------^
Usermat.F(604): warning #5194: Source line truncated.
      CALL yield(superficief,I1,J2,theta,c,fi,f)     ! função de escoamento
------------------------------------------------------------------------^
Usermat.F(618): warning #5194: Source line truncated.
          CALL invars(stressn,ncomp,I1,J2,J3,theta,s)             ! Invariantes do tensor de tensões
------------------------------------------------------------------------^
Usermat.F(620): warning #5194: Source line truncated.
          CALL c1c2c3(J2,theta,superficieg,psi,c1,c2,c3)     ! componentes vetor de fluxo
------------------------------------------------------------------------^
Usermat.F(682): warning #5194: Source line truncated.
              CALL invars(stress,ncomp,I1,J2,J3,theta,s)           ! Invariantes
------------------------------------------------------------------------^
Usermat.F(683): warning #5194: Source line truncated.
              CALL yield(superficief,I1,J2,theta,c,fi,f)      ! função de escoamento
------------------------------------------------------------------------^
Usermat.F(374): remark #7712: This variable has not been used.   [MATID]
     &                   matId, elemId,kDomIntPt, kLayer, kSectPt,
-------------------------^
Usermat.F(374): remark #7712: This variable has not been used.   [KLAYER]
     &                   matId, elemId,kDomIntPt, kLayer, kSectPt,
--------------------------------------------------^
Usermat.F(374): remark #7712: This variable has not been used.   [KSECTPT]
     &                   matId, elemId,kDomIntPt, kLayer, kSectPt,
----------------------------------------------------------^
Usermat.F(375): remark #7712: This variable has not been used.   [LDSTEP]
     &                   ldstep,isubst,keycut,
-------------------------^
Usermat.F(375): remark #7712: This variable has not been used.   [ISUBST]
     &                   ldstep,isubst,keycut,
--------------------------------^
Usermat.F(376): remark #7712: This variable has not been used.   [NDIRECT]
     &                   nDirect,nShear,ncomp,nStatev,nProp,
-------------------------^
Usermat.F(376): remark #7712: This variable has not been used.   [NSHEAR]
     &                   nDirect,nShear,ncomp,nStatev,nProp,
---------------------------------^
Usermat.F(377): remark #7712: This variable has not been used.   [TIME]
     &                   Time,dTime,Temp,dTemp,
-------------------------^
Usermat.F(377): remark #7712: This variable has not been used.   [DTIME]
     &                   Time,dTime,Temp,dTemp,
------------------------------^
Usermat.F(377): remark #7712: This variable has not been used.   [TEMP]
     &                   Time,dTime,Temp,dTemp,
------------------------------------^
Usermat.F(377): remark #7712: This variable has not been used.   [DTEMP]
     &                   Time,dTime,Temp,dTemp,
-----------------------------------------^
Usermat.F(379): remark #7712: This variable has not been used.   [COORDS]
     &                   Strain,dStrain, epsPl, prop, coords, 
------------------------------------------------------^
Usermat.F(380): remark #7712: This variable has not been used.   [VAR0]
     &                   var0, defGrad_t, defGrad,
-------------------------^
Usermat.F(380): remark #7712: This variable has not been used.   [DEFGRAD_T]
     &                   var0, defGrad_t, defGrad,
-------------------------------^
Usermat.F(380): remark #7712: This variable has not been used.   [DEFGRAD]
     &                   var0, defGrad_t, defGrad,
------------------------------------------^
Usermat.F(381): remark #7712: This variable has not been used.   [EPSZZ]
     &                   tsstif, epsZZ, cutFactor, 
---------------------------------^
Usermat.F(381): remark #7712: This variable has not been used.   [CUTFACTOR]
     &                   tsstif, epsZZ, cutFactor, 
----------------------------------------^
Usermat.F(382): remark #7712: This variable has not been used.   [VAR1]
     &                   var1, var2, var3, var4, var5,
-------------------------^
Usermat.F(382): remark #7712: This variable has not been used.   [VAR2]
     &                   var1, var2, var3, var4, var5,
-------------------------------^
Usermat.F(382): remark #7712: This variable has not been used.   [VAR3]
     &                   var1, var2, var3, var4, var5,
-------------------------------------^
Usermat.F(382): remark #7712: This variable has not been used.   [VAR4]
     &                   var1, var2, var3, var4, var5,
-------------------------------------------^
Usermat.F(382): remark #7712: This variable has not been used.   [VAR5]
     &                   var1, var2, var3, var4, var5,
-------------------------------------------------^
Usermat.F(383): remark #7712: This variable has not been used.   [VAR6]
     &                   var6, var7)
-------------------------^
Usermat.F(383): remark #7712: This variable has not been used.   [VAR7]
     &                   var6, var7)
-------------------------------^
Usermat.F(484): remark #7712: This variable has not been used.   [I]
     &                i, j, k, nrmax, ncompgt, dalg         
----------------------^
Usermat.F(484): remark #7712: This variable has not been used.   [J]
     &                i, j, k, nrmax, ncompgt, dalg         
-------------------------^
Usermat.F(746): remark #7712: This variable has not been used.   [MATID]
     &                   matId, elemId,kDomIntPt, kLayer, kSectPt,
-------------------------^
Usermat.F(746): remark #7712: This variable has not been used.   [KLAYER]
     &                   matId, elemId,kDomIntPt, kLayer, kSectPt,
--------------------------------------------------^
Usermat.F(746): remark #7712: This variable has not been used.   [KSECTPT]
     &                   matId, elemId,kDomIntPt, kLayer, kSectPt,
----------------------------------------------------------^
Usermat.F(747): remark #7712: This variable has not been used.   [LDSTEP]
     &                   ldstep,isubst,keycut,
-------------------------^
Usermat.F(747): remark #7712: This variable has not been used.   [ISUBST]
     &                   ldstep,isubst,keycut,
--------------------------------^
Usermat.F(748): remark #7712: This variable has not been used.   [NDIRECT]
     &                   nDirect,nShear,ncomp,nStatev,nProp,
-------------------------^
Usermat.F(748): remark #7712: This variable has not been used.   [NSHEAR]
     &                   nDirect,nShear,ncomp,nStatev,nProp,
---------------------------------^
Usermat.F(749): remark #7712: This variable has not been used.   [TIME]
     &                   Time,dTime,Temp,dTemp,
-------------------------^
Usermat.F(749): remark #7712: This variable has not been used.   [TEMP]
     &                   Time,dTime,Temp,dTemp,
------------------------------------^
Usermat.F(749): remark #7712: This variable has not been used.   [DTEMP]
     &                   Time,dTime,Temp,dTemp,
-----------------------------------------^
Usermat.F(750): remark #7712: This variable has not been used.   [SEDEL]
     &                   stress,ustatev,dsdePl,sedEl,sedPl,epseq,
-----------------------------------------------^
Usermat.F(750): remark #7712: This variable has not been used.   [SEDPL]
     &                   stress,ustatev,dsdePl,sedEl,sedPl,epseq,
-----------------------------------------------------^
Usermat.F(751): remark #7712: This variable has not been used.   [COORDS]
     &                   Strain,dStrain, epsPl, prop, coords, 
------------------------------------------------------^
Usermat.F(752): remark #7712: This variable has not been used.   [VAR0]
     &                   var0, defGrad_t, defGrad,
-------------------------^
Usermat.F(752): remark #7712: This variable has not been used.   [DEFGRAD_T]
     &                   var0, defGrad_t, defGrad,
-------------------------------^
Usermat.F(752): remark #7712: This variable has not been used.   [DEFGRAD]
     &                   var0, defGrad_t, defGrad,
------------------------------------------^
Usermat.F(753): remark #7712: This variable has not been used.   [EPSZZ]
     &                   tsstif, epsZZ, cutFactor, 
---------------------------------^
Usermat.F(753): remark #7712: This variable has not been used.   [CUTFACTOR]
     &                   tsstif, epsZZ, cutFactor, 
----------------------------------------^
Usermat.F(754): remark #7712: This variable has not been used.   [VAR1]
     &                   var1, var2, var3, var4, var5,
-------------------------^
Usermat.F(754): remark #7712: This variable has not been used.   [VAR2]
     &                   var1, var2, var3, var4, var5,
-------------------------------^
Usermat.F(754): remark #7712: This variable has not been used.   [VAR3]
     &                   var1, var2, var3, var4, var5,
-------------------------------------^
Usermat.F(754): remark #7712: This variable has not been used.   [VAR4]
     &                   var1, var2, var3, var4, var5,
-------------------------------------------^
Usermat.F(754): remark #7712: This variable has not been used.   [VAR5]
     &                   var1, var2, var3, var4, var5,
-------------------------------------------------^
Usermat.F(755): remark #7712: This variable has not been used.   [VAR6]
     &                   var6, var7)
-------------------------^
Usermat.F(755): remark #7712: This variable has not been used.   [VAR7]
     &                   var6, var7)
-------------------------------^
Usermat.F(1045): warning #5194: Source line truncated.
      !**************************************************************************!
------------------------------------------------------------------------^
Usermat.F(1414): warning #5194: Source line truncated.
      CALL yield(superficief,I1,J2,theta,c,fi,f)     ! função de escoamento
------------------------------------------------------------------------^
Usermat.F(1428): warning #5194: Source line truncated.
          CALL invars(stressn,ncomp,I1,J2,J3,theta,s)             ! Invariantes do tensor de tensões
------------------------------------------------------------------------^
Usermat.F(1430): warning #5194: Source line truncated.
          CALL c1c2c3(J2,theta,superficieg,psi,c1,c2,c3)     ! componentes vetor de fluxo
------------------------------------------------------------------------^
Usermat.F(1492): warning #5194: Source line truncated.
              CALL invars(stress,ncomp,I1,J2,J3,theta,s)           ! Invariantes
------------------------------------------------------------------------^
Usermat.F(1493): warning #5194: Source line truncated.
              CALL yield(superficief,I1,J2,theta,c,fi,f)      ! função de escoamento
------------------------------------------------------------------------^
Usermat.F(1034): remark #7712: This variable has not been used.   [MATID]
     &                   matId, elemId,kDomIntPt, kLayer, kSectPt,
-------------------------^
Usermat.F(1034): remark #7712: This variable has not been used.   [KLAYER]
     &                   matId, elemId,kDomIntPt, kLayer, kSectPt,
--------------------------------------------------^
Usermat.F(1034): remark #7712: This variable has not been used.   [KSECTPT]
     &                   matId, elemId,kDomIntPt, kLayer, kSectPt,
----------------------------------------------------------^
Usermat.F(1035): remark #7712: This variable has not been used.   [LDSTEP]
     &                   ldstep,isubst,keycut,
-------------------------^
Usermat.F(1035): remark #7712: This variable has not been used.   [ISUBST]
     &                   ldstep,isubst,keycut,
--------------------------------^
Usermat.F(1036): remark #7712: This variable has not been used.   [NDIRECT]
     &                   nDirect,nShear,ncomp,nStatev,nProp,
-------------------------^
Usermat.F(1036): remark #7712: This variable has not been used.   [NSHEAR]
     &                   nDirect,nShear,ncomp,nStatev,nProp,
---------------------------------^
Usermat.F(1037): remark #7712: This variable has not been used.   [TIME]
     &                   Time,dTime,Temp,dTemp,
-------------------------^
Usermat.F(1037): remark #7712: This variable has not been used.   [TEMP]
     &                   Time,dTime,Temp,dTemp,
------------------------------------^
Usermat.F(1037): remark #7712: This variable has not been used.   [DTEMP]
     &                   Time,dTime,Temp,dTemp,
-----------------------------------------^
Usermat.F(1039): remark #7712: This variable has not been used.   [COORDS]
     &                   Strain,dStrain, epsPl, prop, coords, 
------------------------------------------------------^
Usermat.F(1040): remark #7712: This variable has not been used.   [VAR0]
     &                   var0, defGrad_t, defGrad,
-------------------------^
Usermat.F(1040): remark #7712: This variable has not been used.   [DEFGRAD_T]
     &                   var0, defGrad_t, defGrad,
-------------------------------^
Usermat.F(1040): remark #7712: This variable has not been used.   [DEFGRAD]
     &                   var0, defGrad_t, defGrad,
------------------------------------------^
Usermat.F(1041): remark #7712: This variable has not been used.   [EPSZZ]
     &                   tsstif, epsZZ, cutFactor, 
---------------------------------^
Usermat.F(1041): remark #7712: This variable has not been used.   [CUTFACTOR]
     &                   tsstif, epsZZ, cutFactor, 
----------------------------------------^
Usermat.F(1042): remark #7712: This variable has not been used.   [VAR1]
     &                   var1, var2, var3, var4, var5,
-------------------------^
Usermat.F(1042): remark #7712: This variable has not been used.   [VAR2]
     &                   var1, var2, var3, var4, var5,
-------------------------------^
Usermat.F(1042): remark #7712: This variable has not been used.   [VAR3]
     &                   var1, var2, var3, var4, var5,
-------------------------------------^
Usermat.F(1042): remark #7712: This variable has not been used.   [VAR4]
     &                   var1, var2, var3, var4, var5,
-------------------------------------------^
Usermat.F(1042): remark #7712: This variable has not been used.   [VAR5]
     &                   var1, var2, var3, var4, var5,
-------------------------------------------------^
Usermat.F(1043): remark #7712: This variable has not been used.   [VAR6]
     &                   var6, var7)
-------------------------^
Usermat.F(1043): remark #7712: This variable has not been used.   [VAR7]
     &                   var6, var7)
-------------------------------^
Usermat.F(1170): remark #7712: This variable has not been used.   [I]
     &                i, j, k, ncompgt   
----------------------^
Usermat.F(1170): remark #7712: This variable has not been used.   [J]
     &                i, j, k, ncompgt   
-------------------------^
Usermat.F(1575): warning #5194: Source line truncated.
      DOUBLE PRECISION I1             ! primeiro invariante do tensor de tensões
------------------------------------------------------------------------^
Usermat.F(1649): warning #5194: Source line truncated.
      INTEGER          ncomp                              ! numero de componentes
------------------------------------------------------------------------^
Usermat.F(1706): warning #5194: Source line truncated.
      DOUBLE PRECISION J2                 ! segundo invariante do desviador
------------------------------------------------------------------------^
Usermat.F(1694): remark #7712: This variable has not been used.   [J2]
      SUBROUTINE c1c2c3(J2,theta,superficie,fi,c1,c2,c3)
------------------------^
Usermat.F(1694): remark #7712: This variable has not been used.   [THETA]
      SUBROUTINE c1c2c3(J2,theta,superficie,fi,c1,c2,c3)
---------------------------^
Usermat.F(1711): remark #7712: This variable has not been used.   [BETA1]
      DOUBLE PRECISION beta1,beta2,beta3  ! parâmetros do DP
-----------------------^
Usermat.F(1711): remark #7712: This variable has not been used.   [BETA2]
      DOUBLE PRECISION beta1,beta2,beta3  ! parâmetros do DP
-----------------------------^
Usermat.F(1711): remark #7712: This variable has not been used.   [BETA3]
      DOUBLE PRECISION beta1,beta2,beta3  ! parâmetros do DP
-----------------------------------^
Usermat.F(1755): warning #5194: Source line truncated.
      DOUBLE PRECISION I1                 ! primeiro invariante do tensor de tensões
------------------------------------------------------------------------^
Usermat.F(1742): remark #7712: This variable has not been used.   [THETA]
      SUBROUTINE yield(superficie,I1,J2,theta,c,fi,f)
----------------------------------------^
Usermat.F(1835): warning #5194: Source line truncated.
      DOUBLE PRECISION    Czao                ! constante para o calculo da deformação plástica efetiva
------------------------------------------------------------------------^
Usermat.F(1874): warning #5194: Source line truncated.
      DOUBLE PRECISION    Xi                  ! derivada de f em relação a c
------------------------------------------------------------------------^
Usermat.F(1905): warning #5194: Source line truncated.
      DOUBLE PRECISION    eps1                ! deformação plastica equivalente 1
------------------------------------------------------------------------^
Usermat.F(1925): remark #7712: This variable has not been used.   [MATID]
     &                   matId, elemId,kDomIntPt, kLayer, kSectPt,
-------------------------^
Usermat.F(1925): remark #7712: This variable has not been used.   [KLAYER]
     &                   matId, elemId,kDomIntPt, kLayer, kSectPt,
--------------------------------------------------^
Usermat.F(1925): remark #7712: This variable has not been used.   [KSECTPT]
     &                   matId, elemId,kDomIntPt, kLayer, kSectPt,
----------------------------------------------------------^
Usermat.F(1926): remark #7712: This variable has not been used.   [LDSTEP]
     &                   ldstep,isubst,keycut,
-------------------------^
Usermat.F(1926): remark #7712: This variable has not been used.   [ISUBST]
     &                   ldstep,isubst,keycut,
--------------------------------^
Usermat.F(1927): remark #7712: This variable has not been used.   [NSHEAR]
     &                   nDirect,nShear,ncomp,nStatev,nProp,
---------------------------------^
Usermat.F(1928): remark #7712: This variable has not been used.   [TIME]
     &                   Time,dTime,Temp,dTemp,
-------------------------^
Usermat.F(1928): remark #7712: This variable has not been used.   [DTIME]
     &                   Time,dTime,Temp,dTemp,
------------------------------^
Usermat.F(1928): remark #7712: This variable has not been used.   [TEMP]
     &                   Time,dTime,Temp,dTemp,
------------------------------------^
Usermat.F(1928): remark #7712: This variable has not been used.   [DTEMP]
     &                   Time,dTime,Temp,dTemp,
-----------------------------------------^
Usermat.F(1930): remark #7712: This variable has not been used.   [COORDS]
     &                   Strain,dStrain, epsPl, prop, coords, 
------------------------------------------------------^
Usermat.F(1931): remark #7712: This variable has not been used.   [VAR0]
     &                   var0, defGrad_t, defGrad,
-------------------------^
Usermat.F(1931): remark #7712: This variable has not been used.   [DEFGRAD_T]
     &                   var0, defGrad_t, defGrad,
-------------------------------^
Usermat.F(1931): remark #7712: This variable has not been used.   [DEFGRAD]
     &                   var0, defGrad_t, defGrad,
------------------------------------------^
Usermat.F(1932): remark #7712: This variable has not been used.   [EPSZZ]
     &                   tsstif, epsZZ, cutFactor, 
---------------------------------^
Usermat.F(1933): remark #7712: This variable has not been used.   [VAR1]
     &                   var1, var2, var3, var4, var5,
-------------------------^
Usermat.F(1933): remark #7712: This variable has not been used.   [VAR2]
     &                   var1, var2, var3, var4, var5,
-------------------------------^
Usermat.F(1933): remark #7712: This variable has not been used.   [VAR3]
     &                   var1, var2, var3, var4, var5,
-------------------------------------^
Usermat.F(1933): remark #7712: This variable has not been used.   [VAR4]
     &                   var1, var2, var3, var4, var5,
-------------------------------------------^
Usermat.F(1933): remark #7712: This variable has not been used.   [VAR5]
     &                   var1, var2, var3, var4, var5,
-------------------------------------------------^
Usermat.F(1934): remark #7712: This variable has not been used.   [VAR6]
     &                   var6, var7)
-------------------------^
Usermat.F(1934): remark #7712: This variable has not been used.   [VAR7]
     &                   var6, var7)
-------------------------------^
Usermat.F(2145): remark #7712: This variable has not been used.   [DPERR]
     &                 fratio,  con1,    con2, dperr(3)
-----------------------------------------------^
Usermat.F(2516): warning #5194: Source line truncated.
      ! Variaveis de entrada do usuario TBDATA: relacionadas aos dados do concreto
------------------------------------------------------------------------^
Usermat.F(2542): warning #5194: Source line truncated.
      ! sigmalim_CEB90 [kN/cm²] limite de tensão para validade da viscoelasticidade do concreto
------------------------------------------------------------------------^
Usermat.F(2631): warning #5194: Source line truncated.
      !*************************************************************************!
------------------------------------------------------------------------^
Usermat.F(2676): warning #5194: Source line truncated.
      !*************************************************************************!
------------------------------------------------------------------------^
Usermat.F(2687): warning #5194: Source line truncated.
          ! Calculando numero de elementos de Kelvin e o numero de pontos do ajuste
------------------------------------------------------------------------^
Usermat.F(2720): warning #5194: Source line truncated.
      !*************************************************************************!
------------------------------------------------------------------------^
Usermat.F(2737): warning #5194: Source line truncated.
          ! Calcula o coeficiente de retração para o próximo passo de tempo (tmat+dtime)
------------------------------------------------------------------------^
Usermat.F(2750): warning #5194: Source line truncated.
      !*************************************************************************!
------------------------------------------------------------------------^
Usermat.F(2757): warning #5194: Source line truncated.
          ! Guardando deformação por fluência do ultimo passo que convergiu
------------------------------------------------------------------------^
Usermat.F(2785): warning #5194: Source line truncated.
              ! Calculo da primeira parcela da deformação por fluência de uma unidade
------------------------------------------------------------------------^
Usermat.F(2817): warning #5194: Source line truncated.
      !*************************************************************************!
------------------------------------------------------------------------^
Usermat.F(2858): warning #5194: Source line truncated.
      !*************************************************************************!
------------------------------------------------------------------------^
Usermat.F(2688): warning #8889: Explicit declaration of the EXTERNAL attribute is required.   [KELPAR]
          call KELPAR(t0,tinf,ndec,nkelvin,ndt) 
---------------^
Usermat.F(2691): warning #8889: Explicit declaration of the EXTERNAL attribute is required.   [KELVIN_BETACTT0]
          call KELVIN_betactt0(nkelvin,t0,tinf,ndec,ndt,
---------------^
Usermat.F(2782): warning #8889: Explicit declaration of the EXTERNAL attribute is required.   [MATRIZD]
              call MatrizD(young,posn,ncomp,dsdeEl)                   
-------------------^
Usermat.F(2783): warning #8889: Explicit declaration of the EXTERNAL attribute is required.   [MATINV]
              call matinv(ncomp,dsdeEl,dsdeElinv)
-------------------^
Usermat.F(2848): warning #8889: Explicit declaration of the EXTERNAL attribute is required.   [MATRIZD]
      call MatrizD(young,posn,ncomp,dsdeEl)
-----------^
Usermat.F(2905): warning #8889: Explicit declaration of the EXTERNAL attribute is required.   [JACOBI]
      call jacobi(stress,3,3,stressp,ev,nrot)
-----------^
Usermat.F(2908): warning #8889: Explicit declaration of the EXTERNAL attribute is required.   [EIGSRT]
      call eigsrt(stressp,ev,3,3)
-----------^
Usermat.F(2326): remark #7712: This variable has not been used.   [MATID]
     &                   matId, elemId,kDomIntPt, kLayer, kSectPt,
-------------------------^
Usermat.F(2326): remark #7712: This variable has not been used.   [KLAYER]
     &                   matId, elemId,kDomIntPt, kLayer, kSectPt,
--------------------------------------------------^
Usermat.F(2326): remark #7712: This variable has not been used.   [KSECTPT]
     &                   matId, elemId,kDomIntPt, kLayer, kSectPt,
----------------------------------------------------------^
Usermat.F(2327): remark #7712: This variable has not been used.   [KEYCUT]
     &                   ldstep,isubst,keycut,
---------------------------------------^
Usermat.F(2328): remark #7712: This variable has not been used.   [NDIRECT]
     &                   nDirect,nShear,ncomp,nStatev,nProp,
-------------------------^
Usermat.F(2328): remark #7712: This variable has not been used.   [NSHEAR]
     &                   nDirect,nShear,ncomp,nStatev,nProp,
---------------------------------^
Usermat.F(2329): remark #7712: This variable has not been used.   [DTEMP]
     &                   Time,dTime,Temp,dTemp,
-----------------------------------------^
Usermat.F(2330): remark #7712: This variable has not been used.   [SEDEL]
     &                   stress,ustatev,dsdePl,sedEl,sedPl,epseq,
-----------------------------------------------^
Usermat.F(2330): remark #7712: This variable has not been used.   [SEDPL]
     &                   stress,ustatev,dsdePl,sedEl,sedPl,epseq,
-----------------------------------------------------^
Usermat.F(2330): remark #7712: This variable has not been used.   [EPSEQ]
     &                   stress,ustatev,dsdePl,sedEl,sedPl,epseq,
-----------------------------------------------------------^
Usermat.F(2331): remark #7712: This variable has not been used.   [STRAIN]
     &                   Strain,dStrain, epsPl, prop, coords, 
-------------------------^
Usermat.F(2331): remark #7712: This variable has not been used.   [EPSPL]
     &                   Strain,dStrain, epsPl, prop, coords, 
-----------------------------------------^
Usermat.F(2331): remark #7712: This variable has not been used.   [COORDS]
     &                   Strain,dStrain, epsPl, prop, coords, 
------------------------------------------------------^
Usermat.F(2332): remark #7712: This variable has not been used.   [VAR0]
     &                   var0, defGrad_t, defGrad,
-------------------------^
Usermat.F(2332): remark #7712: This variable has not been used.   [DEFGRAD_T]
     &                   var0, defGrad_t, defGrad,
-------------------------------^
Usermat.F(2332): remark #7712: This variable has not been used.   [DEFGRAD]
     &                   var0, defGrad_t, defGrad,
------------------------------------------^
Usermat.F(2333): remark #7712: This variable has not been used.   [TSSTIF]
     &                   tsstif, epsZZ, cutFactor, 
-------------------------^
Usermat.F(2333): remark #7712: This variable has not been used.   [EPSZZ]
     &                   tsstif, epsZZ, cutFactor, 
---------------------------------^
Usermat.F(2333): remark #7712: This variable has not been used.   [CUTFACTOR]
     &                   tsstif, epsZZ, cutFactor, 
----------------------------------------^
Usermat.F(2334): remark #7712: This variable has not been used.   [VAR1]
     &                   var1, var2, var3, var4, var5,
-------------------------^
Usermat.F(2334): remark #7712: This variable has not been used.   [VAR2]
     &                   var1, var2, var3, var4, var5,
-------------------------------^
Usermat.F(2334): remark #7712: This variable has not been used.   [VAR3]
     &                   var1, var2, var3, var4, var5,
-------------------------------------^
Usermat.F(2334): remark #7712: This variable has not been used.   [VAR4]
     &                   var1, var2, var3, var4, var5,
-------------------------------------------^
Usermat.F(2334): remark #7712: This variable has not been used.   [VAR5]
     &                   var1, var2, var3, var4, var5,
-------------------------------------------------^
Usermat.F(2335): remark #7712: This variable has not been used.   [VAR6]
     &                   var6, var7)
-------------------------^
Usermat.F(2335): remark #7712: This variable has not been used.   [VAR7]
     &                   var6, var7)
-------------------------------^
Usermat.F(2499): remark #7712: This variable has not been used.   [G]
      DOUBLE PRECISION sigElp(ncomp), dsdeEl(ncomp,ncomp), G(mcomp),
-----------------------------------------------------------^
Usermat.F(2500): remark #7712: This variable has not been used.   [SIGDEV]
     &                 sigDev(ncomp), JM    (ncomp,ncomp), dfds(ncomp),
-----------------------^
Usermat.F(2500): remark #7712: This variable has not been used.   [JM]
     &                 sigDev(ncomp), JM    (ncomp,ncomp), dfds(ncomp),
--------------------------------------^
Usermat.F(2500): remark #7712: This variable has not been used.   [DFDS]
     &                 sigDev(ncomp), JM    (ncomp,ncomp), dfds(ncomp),
-----------------------------------------------------------^
Usermat.F(2501): remark #7712: This variable has not been used.   [SIGI]
     &                 sigi  (ncomp), strainEl(ncomp)
-----------------------^
Usermat.F(2501): remark #7712: This variable has not been used.   [STRAINEL]
     &                 sigi  (ncomp), strainEl(ncomp)
--------------------------------------^
Usermat.F(2506): remark #7712: This variable has not been used.   [PEL]
      DOUBLE PRECISION pEl,   qEl,     pleq_t,  sigy_t , sigy,
-----------------------^
Usermat.F(2506): remark #7712: This variable has not been used.   [QEL]
      DOUBLE PRECISION pEl,   qEl,     pleq_t,  sigy_t , sigy,
------------------------------^
Usermat.F(2506): remark #7712: This variable has not been used.   [PLEQ_T]
      DOUBLE PRECISION pEl,   qEl,     pleq_t,  sigy_t , sigy,
---------------------------------------^
Usermat.F(2506): remark #7712: This variable has not been used.   [SIGY_T]
      DOUBLE PRECISION pEl,   qEl,     pleq_t,  sigy_t , sigy,
------------------------------------------------^
Usermat.F(2506): remark #7712: This variable has not been used.   [SIGY]
      DOUBLE PRECISION pEl,   qEl,     pleq_t,  sigy_t , sigy,
---------------------------------------------------------^
Usermat.F(2507): remark #7712: This variable has not been used.   [DPLEQ]
     &                 dpleq, pleq, 
-----------------------^
Usermat.F(2507): remark #7712: This variable has not been used.   [PLEQ]
     &                 dpleq, pleq, 
------------------------------^
Usermat.F(2508): remark #7712: This variable has not been used.   [SIGY0]
     &                 young, posn,    sigy0,   dsigdep, 
---------------------------------------^
Usermat.F(2508): remark #7712: This variable has not been used.   [DSIGDEP]
     &                 young, posn,    sigy0,   dsigdep, 
------------------------------------------------^
Usermat.F(2509): remark #7712: This variable has not been used.   [ELAST1]
     &                 elast1,elast2,
-----------------------^
Usermat.F(2509): remark #7712: This variable has not been used.   [ELAST2]
     &                 elast1,elast2,
------------------------------^
Usermat.F(2510): remark #7712: This variable has not been used.   [TWOG]
     &                 twoG,  threeG,  oneOv3G, qElOv3G, threeOv2qEl, 
-----------------------^
Usermat.F(2510): remark #7712: This variable has not been used.   [THREEG]
     &                 twoG,  threeG,  oneOv3G, qElOv3G, threeOv2qEl, 
------------------------------^
Usermat.F(2510): remark #7712: This variable has not been used.   [ONEOV3G]
     &                 twoG,  threeG,  oneOv3G, qElOv3G, threeOv2qEl, 
---------------------------------------^
Usermat.F(2510): remark #7712: This variable has not been used.   [QELOV3G]
     &                 twoG,  threeG,  oneOv3G, qElOv3G, threeOv2qEl, 
------------------------------------------------^
Usermat.F(2510): remark #7712: This variable has not been used.   [THREEOV2QEL]
     &                 twoG,  threeG,  oneOv3G, qElOv3G, threeOv2qEl, 
---------------------------------------------------------^
Usermat.F(2511): remark #7712: This variable has not been used.   [FRATIO]
     &                 fratio,  con1,    con2, dperr(3)
-----------------------^
Usermat.F(2511): remark #7712: This variable has not been used.   [CON1]
     &                 fratio,  con1,    con2, dperr(3)
--------------------------------^
Usermat.F(2511): remark #7712: This variable has not been used.   [CON2]
     &                 fratio,  con1,    con2, dperr(3)
-----------------------------------------^
Usermat.F(2511): remark #7712: This variable has not been used.   [DPERR]
     &                 fratio,  con1,    con2, dperr(3)
-----------------------------------------------^
Usermat.F(2612): remark #7712: This variable has not been used.   [EPSLONCF3]
     &                 epsloncf2(ncomp),epsloncf3(ncomp),
----------------------------------------^
Usermat.F(2617): remark #7712: This variable has not been used.   [TENSOR_STRESS]
      DOUBLE PRECISION tensor_stress(3,3)
-----------------------^
Usermat.F(2626): remark #7712: This variable has not been used.   [CEB90_TT]
      DOUBLE PRECISION CEB90_tT
-----------------------^
Usermat.F(2941): warning #5194: Source line truncated.
      DOUBLE PRECISION D(ncomp,ncomp) ! matriz constitutiva elástica isotrópica
------------------------------------------------------------------------^
Usermat.F(2963): warning #5194: Source line truncated.
      !**************************************************************************!
------------------------------------------------------------------------^
Usermat.F(2975): warning #5194: Source line truncated.
      DOUBLE PRECISION deltat ! [dias] intervalo em dias em que a temp. prevalece
------------------------------------------------------------------------^
Usermat.F(2983): warning #5194: Source line truncated.
      !**************************************************************************!
------------------------------------------------------------------------^
Usermat.F(2995): warning #5194: Source line truncated.
      DOUBLE PRECISION alpha  ! [adm] coeficiente que depende do tipo de cimento
------------------------------------------------------------------------^
Usermat.F(3011): warning #5194: Source line truncated.
      !**************************************************************************!
------------------------------------------------------------------------^
Usermat.F(2982): remark #7712: This variable has not been used.   [T]
      function CEB90_tadj(t,alpha,temp,deltat)
--------------------------^
Usermat.F(3022): warning #5194: Source line truncated.
      DOUBLE PRECISION fck     ! [MPa] resistência característica a compressão
------------------------------------------------------------------------^
Usermat.F(3039): warning #5194: Source line truncated.
      !**************************************************************************!
------------------------------------------------------------------------^
Usermat.F(3049): warning #5194: Source line truncated.
      DOUBLE PRECISION fck        ! [MPa] resistência característica a compressão
------------------------------------------------------------------------^
Usermat.F(3073): warning #5194: Source line truncated.
      !**************************************************************************!
------------------------------------------------------------------------^
Usermat.F(3082): warning #5194: Source line truncated.
      DOUBLE PRECISION t0             ! [dias] idade no instante de aplicação da carga
------------------------------------------------------------------------^
Usermat.F(3106): warning #5194: Source line truncated.
      !**************************************************************************!
------------------------------------------------------------------------^
Usermat.F(3117): warning #5194: Source line truncated.
      DOUBLE PRECISION t0                 ! [dias] idade na aplicação da carga
------------------------------------------------------------------------^
Usermat.F(3137): warning #5194: Source line truncated.
      !**************************************************************************!
------------------------------------------------------------------------^
Usermat.F(3148): warning #5194: Source line truncated.
      DOUBLE PRECISION fcm         ! [MPa] resistência média a compressão
------------------------------------------------------------------------^
Usermat.F(3185): warning #5194: Source line truncated.
      !**************************************************************************!
------------------------------------------------------------------------^
Usermat.F(3209): warning #5194: Source line truncated.
      DOUBLE PRECISION t0             ! [dias] idade inicial para o ajuste
------------------------------------------------------------------------^
Usermat.F(3245): warning #5194: Source line truncated.
      !**************************************************************************!
------------------------------------------------------------------------^
Usermat.F(3271): warning #5194: Source line truncated.
      INTEGER          nkelvin        ! [un] numero de elementos de Kelvin
------------------------------------------------------------------------^
Usermat.F(3283): warning #5194: Source line truncated.
      DOUBLE PRECISION fit            ! [adm] guarda o coeficiente que será ajustado
------------------------------------------------------------------------^
Usermat.F(3292): warning #5194: Source line truncated.
      INTEGER          er             ! variavel que indica erro na solução do sistema
------------------------------------------------------------------------^
Usermat.F(3351): warning #5194: Source line truncated.
      !**************************************************************************!
------------------------------------------------------------------------^
Usermat.F(3341): warning #8889: Explicit declaration of the EXTERNAL attribute is required.   [GAUSS_PARCIAL]
      call gauss_parcial(C,b,nkelvin,x,1d-20,er)
-----------^
Usermat.F(3289): remark #7712: This variable has not been used.   [NDT0I]
      INTEGER          ndt0i          ! auxiliar
-----------------------^
Usermat.F(3368): warning #5194: Source line truncated.
      DOUBLE PRECISION s(n)       ! vetor que guarda o maior valor da linha
------------------------------------------------------------------------^
Usermat.F(3394): warning #5194: Source line truncated.
      !**************************************************************************!
------------------------------------------------------------------------^
Usermat.F(3362): warning #6717: This name has not been given an explicit type.   [N]
      DOUBLE PRECISION a(n,n)     ! matriz dos coeficientes
-------------------------^
Usermat.F(3384): warning #8889: Explicit declaration of the EXTERNAL attribute is required.   [ELIMINATE]
      CALL eliminate(a,s,n,b,tol,er)
-----------^
Usermat.F(3388): warning #8889: Explicit declaration of the EXTERNAL attribute is required.   [SUBSTITUTE]
          call substitute(a,n,b,x)
---------------^
Usermat.F(3445): warning #5194: Source line truncated.
      !**************************************************************************!
------------------------------------------------------------------------^
Usermat.F(3405): warning #6717: This name has not been given an explicit type.   [N]
      DOUBLE PRECISION a(n,n) ! matriz dos coeficientes
-------------------------^
Usermat.F(3419): warning #8889: Explicit declaration of the EXTERNAL attribute is required.   [PIVOT]
          call pivot(a,b,s,n,k)
---------------^
Usermat.F(3409): remark #7712: This variable has not been used.   [X]
      DOUBLE PRECISION x(n)   ! vetor solução
-----------------------^
Usermat.F(3495): warning #5194: Source line truncated.
      !**************************************************************************!
------------------------------------------------------------------------^
Usermat.F(3456): warning #6717: This name has not been given an explicit type.   [N]
      DOUBLE PRECISION a(n,n) ! matriz dos coeficientes
-------------------------^
Usermat.F(3458): remark #7712: This variable has not been used.   [X]
      DOUBLE PRECISION x(n)   ! vetor solução
-----------------------^
Usermat.F(3526): warning #5194: Source line truncated.
      !**************************************************************************!
------------------------------------------------------------------------^
Usermat.F(3506): warning #6717: This name has not been given an explicit type.   [N]
      DOUBLE PRECISION a(n,n) ! matriz dos coeficientes
-------------------------^
Usermat.F(3563): warning #5194: Source line truncated.
          ! Passo 1: alterar o pivo escolhido para 1 dividindo a linha do pivo pelo valor do pivo
------------------------------------------------------------------------^
Usermat.F(3591): warning #5194: Source line truncated.
      !**************************************************************************!
------------------------------------------------------------------------^
Usermat.F(3604): warning #5194: Source line truncated.
      INTEGER          n                              ! tamanho da matriz
------------------------------------------------------------------------^
Usermat.F(3669): warning #5194: Source line truncated.
                  ! Após quatro varreduras, pula a rotação se o elemento fora da diagonal é pequeno
------------------------------------------------------------------------^
Usermat.F(3730): warning #5194: Source line truncated.
      !**************************************************************************!
------------------------------------------------------------------------^
