/COM,ANSYS RELEASE 2022 R1           BUILD 22.1      UP20211129       21:06:18

 *** WARNING ***                         CP =      21.062   TIME= 21:06:54
 Shape testing revealed that 7 of the 15 new or modified elements        
 violate shape warning limits.  To review test results, please see the   
 output file or issue the CHECK command.                                 

 *** WARNING ***                         CP =      27.875   TIME= 21:06:59
 Overlapping elements will be generated due to zero node increment.      

 *** WARNING ***                         CP =      50.312   TIME= 21:07:19
 Previous testing revealed that 7 of the 3205 selected elements violate  
 shape warning limits.  To review warning messages, please see the       
 output or error file, or issue the CHECK command.                       

 *** WARNING ***                         CP =      50.625   TIME= 21:07:36
 ANSYS,INC.-supplied version of coding for USERCK has been used.         

 *** WARNING ***                         CP =      57.016   TIME= 21:07:42
 Both solid model and finite element model boundary conditions have been 
 applied to this model.  As solid loads are transferred to the nodes or  
 elements, they can overwrite directly applied loads.                    

 *** WARNING ***                         CP =      57.047   TIME= 21:07:43
 Both solid model and finite element model boundary conditions have been 
 applied to this model.  As solid loads are transferred to the nodes or  
 elements, they can overwrite directly applied loads.                    

 *** ERROR ***                           CP =     459.203   TIME= 21:20:07
 Unknown select type of " SLIV ".                                        
  Select type should be S,R,A,U,ALL,INVERT,NONE, or STAT.                
  The ESEL command is ignored.                                           

 *** ERROR ***                           CP =     459.375   TIME= 21:20:10
 Unknown select type of " SLIV ".                                        
  Select type should be S,R,A,U,ALL,INVERT,NONE, or STAT.                
  The ESEL command is ignored.                                           
