/BATCH  
/COM,ANSYS RELEASE 2021 R2           BUILD 21.2      UP20210601       14:53:50
/input,menust,tmp,''
/GRA,POWER
/GST,ON
/PLO,INFO,3
/GRO,CURL,ON
/CPLANE,1   
/REPLOT,RESIZE  
WPSTYLE,,,,,,,,0
RESUME  
/COM,ANSYS RELEASE 2021 R2           BUILD 21.2      UP20210601       14:54:04
/POST1  
!*  
!*  
/DSCALE,ALL,OFF 
PLESOL, NL,SRAT, 0,1.0  
PLESOL, NL,SRAT, 0,1.0  
/DIST, 1 ,0.924021,1
/REP,FAST   
/DIST, 1 ,0.924021,1
/REP,FAST   
/DIST, 1 ,0.924021,1
/REP,FAST   
/DIST, 1 ,0.924021,1
/REP,FAST   
/DIST, 1 ,0.924021,1
/REP,FAST   
/DIST, 1 ,0.924021,1
/REP,FAST   
/DIST, 1 ,0.924021,1
/REP,FAST   
/DIST, 1 ,0.924021,1
/REP,FAST   
/DIST, 1 ,0.924021,1
/REP,FAST   
/VIEW,1,,,1 
/ANG,1  
/REP,FAST   
/ZOOM,1,SCRN,0.571571,-0.652761,0.758428,-0.691411  
/DIST, 1 ,1.082226,1
/REP,FAST   
/DIST, 1 ,0.924021,1
/REP,FAST   
/DIST, 1 ,0.924021,1
/REP,FAST   
/DIST, 1 ,1.082226,1
/REP,FAST   
/DIST, 1 ,1.082226,1
/REP,FAST   
FINISH  
! /EXIT,NOSAV   
/BATCH  
/COM,ANSYS RELEASE 2021 R2           BUILD 21.2      UP20210601       15:42:15
/COM,ANSYS RELEASE 2021 R2           BUILD 21.2      UP20210601       15:42:18
