/COM,ANSYS RELEASE 2022 R1           BUILD 22.1      UP20211129       19:00:52

 *** WARNING ***                         CP =       0.531   TIME= 19:00:57
 Shape testing revealed that 6 of the 30 new or modified elements        
 violate shape warning limits.  To review test results, please see the   
 output file or issue the CHECK command.                                 

 *** WARNING ***                         CP =       5.031   TIME= 19:00:57
 Previous testing revealed that 6 of the 3220 selected elements violate  
 shape warning limits.  To review warning messages, please see the       
 output or error file, or issue the CHECK command.                       

 *** WARNING ***                         CP =       5.406   TIME= 19:00:57
 ANSYS,INC.-supplied version of coding for USERCK has been used.         

 *** WARNING ***                         CP =      45.969   TIME= 19:00:59
 Both solid model and finite element model boundary conditions have been 
 applied to this model.  As solid loads are transferred to the nodes or  
 elements, they can overwrite directly applied loads.                    

 *** WARNING ***                         CP =      45.969   TIME= 19:00:59
 Both solid model and finite element model boundary conditions have been 
 applied to this model.  As solid loads are transferred to the nodes or  
 elements, they can overwrite directly applied loads.                    

 *** WARNING ***                         CP =    2236.250   TIME= 19:02:32
 The view for graph plots is currently NOT changeable.                   
  To enable graph view manipulation, issue /GROPTS,VIEW,1.               
