/COM,ANSYS RELEASE 2022 R1           BUILD 22.1      UP20211129       15:21:27

 *** WARNING ***                         CP =       0.859   TIME= 15:21:33
 Assembly A0 is deleted.                                                 

 *** WARNING ***                         CP =       4.766   TIME= 15:21:36
 Assembly VD8 is deleted.                                                

 *** WARNING ***                         CP =       4.766   TIME= 15:21:36
 Assembly VD7 is deleted.                                                

 *** WARNING ***                         CP =       4.906   TIME= 15:21:37
 Assembly VD52 is deleted.                                               

 *** WARNING ***                         CP =       4.906   TIME= 15:21:37
 Assembly VD51 is deleted.                                               

 *** WARNING ***                         CP =       4.906   TIME= 15:21:37
 Assembly VD62 is deleted.                                               

 *** WARNING ***                         CP =       4.906   TIME= 15:21:37
 Assembly VD61 is deleted.                                               

 *** WARNING ***                         CP =      13.625   TIME= 15:21:40
 Structural elements without mid nodes usually produce much more         
 accurate results in quad or brick shape.                                

 *** WARNING ***                         CP =      18.766   TIME= 15:21:40
 Mid-nodes of some elements have been modified to lie on straight edges  
 because of distortion with the original mid-nodes.  This condition is   
 sometimes eliminated by tetrahedron element improvement when enabled.   
 Issue ESEL,,STRAIGHTENED to select such elements for listing or         
 plotting.                                                               

 *** WARNING ***                         CP =      24.094   TIME= 15:21:41
 Shape testing revealed that 1 of the 7012 new or modified elements      
 violate shape warning limits.  To review test results, please see the   
 output file or issue the CHECK command.                                 

 *** WARNING ***                         CP =      29.203   TIME= 15:21:41
 Shape testing revealed that 2 of the 7294 new or modified elements      
 violate shape warning limits.  To review test results, please see the   
 output file or issue the CHECK command.                                 

 *** WARNING ***                         CP =      29.578   TIME= 15:21:41
 Concatenation of line 237 is not transferred for symm operation.        

 *** WARNING ***                         CP =      29.578   TIME= 15:21:41
 Concatenation of area 164 is not transferred for symm operation.        

 *** WARNING ***                         CP =      29.578   TIME= 15:21:41
 Concatenation of line 225 is not transferred for symm operation.        

 *** WARNING ***                         CP =      31.453   TIME= 15:21:41
 Concatenation of line 222 is not transferred for symm operation.        

 *** WARNING ***                         CP =      33.797   TIME= 15:21:41
 Shape testing revealed that 3 of the 14306 new or modified elements     
 violate shape warning limits.  To review test results, please see the   
 output file or issue the CHECK command.                                 

 *** WARNING ***                         CP =      36.797   TIME= 15:21:41
 After NUMMRG,NODE, node 59320 (and possibly others) is associated with  
 more than one solid model entity.  Future commands which depend on the  
 node to solid model connectivity (meshing, mesh clearing, solid         
 boundary condition transfer, etc.) may not operate properly.            
 NUMMRG,KP may correct this problem.                                     

 *** WARNING ***                         CP =      39.062   TIME= 15:21:42
 Due to merge, line 173 is now meshed.                                   

 *** WARNING ***                         CP =      39.062   TIME= 15:21:42
 Due to merge, line 177 is now meshed.                                   

 *** WARNING ***                         CP =      39.062   TIME= 15:21:42
 Due to merge, line 148 is now meshed.                                   

 *** WARNING ***                         CP =      39.062   TIME= 15:21:42
 Due to merge, line 175 is now meshed.                                   

 *** WARNING ***                         CP =      39.062   TIME= 15:21:42
 Due to merge, line 176 is now meshed.                                   

 *** WARNING ***                         CP =      39.062   TIME= 15:21:42
 Due to merge, line 171 is now meshed.                                   

 *** WARNING ***                         CP =      39.062   TIME= 15:21:42
 Due to merge, line 170 is now meshed.                                   

 *** WARNING ***                         CP =      39.062   TIME= 15:21:42
 Due to merge, line 172 is now meshed.                                   

 *** WARNING ***                         CP =      39.062   TIME= 15:21:42
 Due to merge, line 42 is now meshed.                                    

 *** WARNING ***                         CP =      39.062   TIME= 15:21:42
 Due to merge, line 168 is now meshed.                                   

 *** WARNING ***                         CP =      39.062   TIME= 15:21:42
 Due to merge, line 55 is now meshed.                                    

 *** WARNING ***                         CP =      39.062   TIME= 15:21:42
 Due to merge, line 45 is now meshed.                                    

 *** WARNING ***                         CP =      39.062   TIME= 15:21:42
 Due to merge, line 54 is now meshed.                                    

 *** WARNING ***                         CP =      39.062   TIME= 15:21:42
 Due to merge, line 41 is now meshed.                                    

 *** WARNING ***                         CP =      39.062   TIME= 15:21:42
 Due to merge, area 99 is now meshed.                                    

 *** WARNING ***                         CP =      39.062   TIME= 15:21:42
 Due to merge, area 111 is now meshed.                                   

 *** WARNING ***                         CP =      39.062   TIME= 15:21:42
 Due to merge, area 58 is now meshed.                                    

 *** WARNING ***                         CP =      39.062   TIME= 15:21:42
 Due to merge, area 53 is now meshed.                                    

 *** WARNING ***                         CP =      39.062   TIME= 15:21:42
 Due to merge, area 28 is now meshed.                                    

 *** WARNING ***                         CP =      39.062   TIME= 15:21:42
 Due to merge, area 18 is now meshed.                                    

 *** WARNING ***                         CP =      39.594   TIME= 15:21:42
 Shape testing revealed that 236 of the 12749 new or modified elements   
 violate shape warning limits.  To review test results, please see the   
 output file or issue the CHECK command.                                 

 *** WARNING ***                         CP =      44.828   TIME= 15:21:43
 Shape testing revealed that 24 of the 13664 new or modified elements    
 violate shape warning limits.  To review test results, please see the   
 output file or issue the CHECK command.                                 

 *** WARNING ***                         CP =      55.984   TIME= 15:21:44
 Overlapping elements will be generated due to zero node increment.      

 *** WARNING ***                         CP =      56.734   TIME= 15:21:44
 Shape testing revealed that 2 of the 9605 new or modified elements      
 violate shape warning limits.  To review test results, please see the   
 output file or issue the CHECK command.                                 

 *** WARNING ***                         CP =      60.109   TIME= 15:21:44
 Overlapping elements will be generated due to zero node increment.      

 *** WARNING ***                         CP =      81.109   TIME= 15:21:45
 Overlapping elements will be generated due to zero node increment.      

 *** WARNING ***                         CP =      91.984   TIME= 15:21:46
 Previous testing revealed that 268 of the 118434 selected elements      
 violate shape warning limits.  To review warning messages, please see   
 the output or error file, or issue the CHECK command.                   

 *** WARNING ***                         CP =    2343.859   TIME= 15:23:47
 Both solid model and finite element model boundary conditions have been 
 applied to this model.  As solid loads are transferred to the nodes or  
 elements, they can overwrite directly applied loads.                    

 *** WARNING ***                         CP =    2348.109   TIME= 15:23:48
 Both solid model and finite element model boundary conditions have been 
 applied to this model.  As solid loads are transferred to the nodes or  
 elements, they can overwrite directly applied loads.                    

 *** WARNING ***                         CP =  100805.469   TIME= 16:53:11
 The selected element set contains mixed element stiffness types.        
  This could invalidate error estimation.                                

 *** WARNING ***                         CP =  100807.562   TIME= 16:53:13
 The selected element set contains mixed element stiffness types.        
  This could invalidate error estimation.                                

 *** WARNING ***                         CP =  100807.891   TIME= 16:53:13
 The selected element set contains mixed materials.                      
  This could invalidate error estimation.                                

 *** WARNING ***                         CP =  100809.656   TIME= 16:53:15
 The selected element set contains mixed element stiffness types.        
  This could invalidate error estimation.                                

 *** WARNING ***                         CP =  100810.000   TIME= 16:53:15
 The selected element set contains mixed materials.                      
  This could invalidate error estimation.                                

 *** WARNING ***                         CP =  100811.750   TIME= 16:53:17
 The selected element set contains mixed element stiffness types.        
  This could invalidate error estimation.                                

 *** WARNING ***                         CP =  100812.094   TIME= 16:53:17
 The selected element set contains mixed materials.                      
  This could invalidate error estimation.                                

 *** WARNING ***                         CP =  100813.859   TIME= 16:53:19
 The selected element set contains mixed element stiffness types.        
  This could invalidate error estimation.                                

 *** WARNING ***                         CP =  100814.203   TIME= 16:53:19
 The selected element set contains mixed materials.                      
  This could invalidate error estimation.                                

 *** WARNING ***                         CP =  100816.031   TIME= 16:53:21
 The selected element set contains mixed element stiffness types.        
  This could invalidate error estimation.                                

 *** WARNING ***                         CP =  100816.391   TIME= 16:53:22
 The selected element set contains mixed materials.                      
  This could invalidate error estimation.                                

 *** WARNING ***                         CP =  100818.141   TIME= 16:53:23
 The selected element set contains mixed element stiffness types.        
  This could invalidate error estimation.                                

 *** WARNING ***                         CP =  100818.484   TIME= 16:53:24
 The selected element set contains mixed materials.                      
  This could invalidate error estimation.                                

 *** WARNING ***                         CP =  100820.234   TIME= 16:53:26
 The selected element set contains mixed element stiffness types.        
  This could invalidate error estimation.                                

 *** WARNING ***                         CP =  100820.578   TIME= 16:53:26
 The selected element set contains mixed materials.                      
  This could invalidate error estimation.                                

 *** WARNING ***                         CP =  100822.312   TIME= 16:53:28
 The selected element set contains mixed element stiffness types.        
  This could invalidate error estimation.                                

 *** WARNING ***                         CP =  100822.656   TIME= 16:53:28
 The selected element set contains mixed materials.                      
  This could invalidate error estimation.                                

 *** WARNING ***                         CP =  100824.406   TIME= 16:53:30
 The selected element set contains mixed element stiffness types.        
  This could invalidate error estimation.                                

 *** WARNING ***                         CP =  100824.750   TIME= 16:53:30
 The selected element set contains mixed materials.                      
  This could invalidate error estimation.                                

 *** WARNING ***                         CP =  100826.484   TIME= 16:53:32
 The selected element set contains mixed element stiffness types.        
  This could invalidate error estimation.                                

 *** WARNING ***                         CP =  100826.812   TIME= 16:53:32
 The selected element set contains mixed materials.                      
  This could invalidate error estimation.                                

 *** WARNING ***                         CP =  100828.562   TIME= 16:53:34
 The selected element set contains mixed element stiffness types.        
  This could invalidate error estimation.                                

 *** WARNING ***                         CP =  100828.891   TIME= 16:53:34
 The selected element set contains mixed materials.                      
  This could invalidate error estimation.                                

 *** WARNING ***                         CP =  100830.625   TIME= 16:53:36
 The selected element set contains mixed element stiffness types.        
  This could invalidate error estimation.                                

 *** WARNING ***                         CP =  100830.969   TIME= 16:53:36
 The selected element set contains mixed materials.                      
  This could invalidate error estimation.                                

 *** WARNING ***                         CP =  100832.703   TIME= 16:53:38
 The selected element set contains mixed element stiffness types.        
  This could invalidate error estimation.                                

 *** WARNING ***                         CP =  100833.047   TIME= 16:53:38
 The selected element set contains mixed materials.                      
  This could invalidate error estimation.                                

 *** WARNING ***                         CP =  100834.781   TIME= 16:53:40
 The selected element set contains mixed element stiffness types.        
  This could invalidate error estimation.                                

 *** WARNING ***                         CP =  100835.125   TIME= 16:53:40
 The selected element set contains mixed materials.                      
  This could invalidate error estimation.                                

 *** WARNING ***                         CP =  100836.859   TIME= 16:53:42
 The selected element set contains mixed element stiffness types.        
  This could invalidate error estimation.                                

 *** WARNING ***                         CP =  100837.188   TIME= 16:53:42
 The selected element set contains mixed materials.                      
  This could invalidate error estimation.                                

 *** WARNING ***                         CP =  100838.906   TIME= 16:53:44
 The selected element set contains mixed element stiffness types.        
  This could invalidate error estimation.                                

 *** WARNING ***                         CP =  100839.250   TIME= 16:53:45
 The selected element set contains mixed materials.                      
  This could invalidate error estimation.                                

 *** WARNING ***                         CP =  100840.969   TIME= 16:53:46
 The selected element set contains mixed element stiffness types.        
  This could invalidate error estimation.                                

 *** WARNING ***                         CP =  100841.312   TIME= 16:53:47
 The selected element set contains mixed materials.                      
  This could invalidate error estimation.                                

 *** WARNING ***                         CP =  100843.031   TIME= 16:53:48
 The selected element set contains mixed element stiffness types.        
  This could invalidate error estimation.                                

 *** WARNING ***                         CP =  100843.391   TIME= 16:53:49
 The selected element set contains mixed materials.                      
  This could invalidate error estimation.                                

 *** WARNING ***                         CP =  100845.109   TIME= 16:53:50
 The selected element set contains mixed element stiffness types.        
  This could invalidate error estimation.                                

 *** WARNING ***                         CP =  100845.438   TIME= 16:53:51
 The selected element set contains mixed materials.                      
  This could invalidate error estimation.                                

 *** WARNING ***                         CP =  100847.156   TIME= 16:53:52
 The selected element set contains mixed element stiffness types.        
  This could invalidate error estimation.                                

 *** WARNING ***                         CP =  100847.484   TIME= 16:53:53
 The selected element set contains mixed materials.                      
  This could invalidate error estimation.                                

 *** WARNING ***                         CP =  100849.203   TIME= 16:53:54
 The selected element set contains mixed element stiffness types.        
  This could invalidate error estimation.                                

 *** WARNING ***                         CP =  100849.547   TIME= 16:53:55
 The selected element set contains mixed materials.                      
  This could invalidate error estimation.                                

 *** WARNING ***                         CP =  100851.250   TIME= 16:53:57
 The selected element set contains mixed element stiffness types.        
  This could invalidate error estimation.                                

 *** WARNING ***                         CP =  100851.594   TIME= 16:53:57
 The selected element set contains mixed materials.                      
  This could invalidate error estimation.                                

 *** WARNING ***                         CP =  100853.297   TIME= 16:53:59
 The selected element set contains mixed element stiffness types.        
  This could invalidate error estimation.                                

 *** WARNING ***                         CP =  100853.641   TIME= 16:53:59
 The selected element set contains mixed materials.                      
  This could invalidate error estimation.                                

 *** WARNING ***                         CP =  100855.344   TIME= 16:54:01
 The selected element set contains mixed element stiffness types.        
  This could invalidate error estimation.                                

 *** WARNING ***                         CP =  100855.688   TIME= 16:54:01
 The selected element set contains mixed materials.                      
  This could invalidate error estimation.                                

 *** WARNING ***                         CP =  100857.375   TIME= 16:54:03
 The selected element set contains mixed element stiffness types.        
  This could invalidate error estimation.                                

 *** WARNING ***                         CP =  100857.719   TIME= 16:54:03
 The selected element set contains mixed materials.                      
  This could invalidate error estimation.                                

 *** WARNING ***                         CP =  100859.422   TIME= 16:54:05
 The selected element set contains mixed element stiffness types.        
  This could invalidate error estimation.                                

 *** WARNING ***                         CP =  100859.766   TIME= 16:54:05
 The selected element set contains mixed materials.                      
  This could invalidate error estimation.                                

 *** WARNING ***                         CP =  100861.516   TIME= 16:54:07
 The selected element set contains mixed element stiffness types.        
  This could invalidate error estimation.                                

 *** WARNING ***                         CP =  100861.875   TIME= 16:54:07
 The selected element set contains mixed materials.                      
  This could invalidate error estimation.                                

 *** WARNING ***                         CP =  100863.656   TIME= 16:54:09
 The selected element set contains mixed element stiffness types.        
  This could invalidate error estimation.                                

 *** WARNING ***                         CP =  100864.031   TIME= 16:54:09
 The selected element set contains mixed materials.                      
  This could invalidate error estimation.                                

 *** WARNING ***                         CP =  100865.859   TIME= 16:54:11
 The selected element set contains mixed element stiffness types.        
  This could invalidate error estimation.                                

 *** WARNING ***                         CP =  100866.234   TIME= 16:54:12
 The selected element set contains mixed materials.                      
  This could invalidate error estimation.                                

 *** WARNING ***                         CP =  100868.047   TIME= 16:54:13
 The selected element set contains mixed element stiffness types.        
  This could invalidate error estimation.                                

 *** WARNING ***                         CP =  100868.406   TIME= 16:54:14
 The selected element set contains mixed materials.                      
  This could invalidate error estimation.                                

 *** WARNING ***                         CP =  100870.203   TIME= 16:54:15
 The selected element set contains mixed element stiffness types.        
  This could invalidate error estimation.                                

 *** WARNING ***                         CP =  100870.562   TIME= 16:54:16
 The selected element set contains mixed materials.                      
  This could invalidate error estimation.                                

 *** WARNING ***                         CP =  100872.344   TIME= 16:54:18
 The selected element set contains mixed element stiffness types.        
  This could invalidate error estimation.                                

 *** WARNING ***                         CP =  100872.703   TIME= 16:54:18
 The selected element set contains mixed materials.                      
  This could invalidate error estimation.                                

 *** WARNING ***                         CP =  100874.484   TIME= 16:54:20
 The selected element set contains mixed element stiffness types.        
  This could invalidate error estimation.                                

 *** WARNING ***                         CP =  100874.844   TIME= 16:54:20
 The selected element set contains mixed materials.                      
  This could invalidate error estimation.                                

 *** WARNING ***                         CP =  100876.625   TIME= 16:54:22
 The selected element set contains mixed element stiffness types.        
  This could invalidate error estimation.                                

 *** WARNING ***                         CP =  100876.984   TIME= 16:54:22
 The selected element set contains mixed materials.                      
  This could invalidate error estimation.                                

 *** WARNING ***                         CP =  100878.766   TIME= 16:54:24
 The selected element set contains mixed element stiffness types.        
  This could invalidate error estimation.                                

 *** WARNING ***                         CP =  100879.125   TIME= 16:54:24
 The selected element set contains mixed materials.                      
  This could invalidate error estimation.                                

 *** WARNING ***                         CP =  100880.891   TIME= 16:54:26
 The selected element set contains mixed element stiffness types.        
  This could invalidate error estimation.                                

 *** WARNING ***                         CP =  100881.250   TIME= 16:54:27
 The selected element set contains mixed materials.                      
  This could invalidate error estimation.                                

 *** WARNING ***                         CP =  100883.031   TIME= 16:54:28
 The selected element set contains mixed element stiffness types.        
  This could invalidate error estimation.                                

 *** WARNING ***                         CP =  100883.391   TIME= 16:54:29
 The selected element set contains mixed materials.                      
  This could invalidate error estimation.                                

 *** WARNING ***                         CP =  100885.156   TIME= 16:54:30
 The selected element set contains mixed element stiffness types.        
  This could invalidate error estimation.                                

 *** WARNING ***                         CP =  100885.516   TIME= 16:54:31
 The selected element set contains mixed materials.                      
  This could invalidate error estimation.                                

 *** WARNING ***                         CP =  100887.281   TIME= 16:54:33
 The selected element set contains mixed element stiffness types.        
  This could invalidate error estimation.                                

 *** WARNING ***                         CP =  100887.641   TIME= 16:54:33
 The selected element set contains mixed materials.                      
  This could invalidate error estimation.                                

 *** WARNING ***                         CP =  100889.406   TIME= 16:54:35
 The selected element set contains mixed element stiffness types.        
  This could invalidate error estimation.                                

 *** WARNING ***                         CP =  100889.766   TIME= 16:54:35
 The selected element set contains mixed materials.                      
  This could invalidate error estimation.                                

 *** WARNING ***                         CP =  100891.516   TIME= 16:54:37
 The selected element set contains mixed element stiffness types.        
  This could invalidate error estimation.                                

 *** WARNING ***                         CP =  100891.891   TIME= 16:54:37
 The selected element set contains mixed materials.                      
  This could invalidate error estimation.                                

 *** WARNING ***                         CP =  100893.641   TIME= 16:54:39
 The selected element set contains mixed element stiffness types.        
  This could invalidate error estimation.                                

 *** WARNING ***                         CP =  100894.016   TIME= 16:54:39
 The selected element set contains mixed materials.                      
  This could invalidate error estimation.                                

 *** WARNING ***                         CP =  100895.766   TIME= 16:54:41
 The selected element set contains mixed element stiffness types.        
  This could invalidate error estimation.                                

 *** WARNING ***                         CP =  100896.141   TIME= 16:54:41
 The selected element set contains mixed materials.                      
  This could invalidate error estimation.                                

 *** WARNING ***                         CP =  100897.859   TIME= 16:54:43
 The selected element set contains mixed element stiffness types.        
  This could invalidate error estimation.                                

 *** WARNING ***                         CP =  100898.219   TIME= 16:54:43
 The selected element set contains mixed materials.                      
  This could invalidate error estimation.                                

 *** WARNING ***                         CP =  100899.875   TIME= 16:54:45
 The selected element set contains mixed element stiffness types.        
  This could invalidate error estimation.                                

 *** WARNING ***                         CP =  100900.188   TIME= 16:54:45
 The selected element set contains mixed materials.                      
  This could invalidate error estimation.                                

 *** WARNING ***                         CP =  100901.812   TIME= 16:54:47
 The selected element set contains mixed element stiffness types.        
  This could invalidate error estimation.                                

 *** WARNING ***                         CP =  100902.125   TIME= 16:54:47
 The selected element set contains mixed materials.                      
  This could invalidate error estimation.                                

 *** WARNING ***                         CP =  100903.734   TIME= 16:54:49
 The selected element set contains mixed element stiffness types.        
  This could invalidate error estimation.                                

 *** WARNING ***                         CP =  100904.047   TIME= 16:54:49
 The selected element set contains mixed materials.                      
  This could invalidate error estimation.                                

 *** WARNING ***                         CP =  100905.672   TIME= 16:54:51
 The selected element set contains mixed element stiffness types.        
  This could invalidate error estimation.                                

 *** WARNING ***                         CP =  100905.969   TIME= 16:54:51
 The selected element set contains mixed materials.                      
  This could invalidate error estimation.                                

 *** WARNING ***                         CP =  100907.578   TIME= 16:54:53
 The selected element set contains mixed element stiffness types.        
  This could invalidate error estimation.                                

 *** WARNING ***                         CP =  100907.875   TIME= 16:54:53
 The selected element set contains mixed materials.                      
  This could invalidate error estimation.                                

 *** WARNING ***                         CP =  100909.469   TIME= 16:54:55
 The selected element set contains mixed element stiffness types.        
  This could invalidate error estimation.                                

 *** WARNING ***                         CP =  100909.750   TIME= 16:54:55
 The selected element set contains mixed materials.                      
  This could invalidate error estimation.                                

 *** WARNING ***                         CP =  100911.344   TIME= 16:54:57
 The selected element set contains mixed element stiffness types.        
  This could invalidate error estimation.                                

 *** WARNING ***                         CP =  100911.609   TIME= 16:54:57
 The selected element set contains mixed materials.                      
  This could invalidate error estimation.                                

 *** WARNING ***                         CP =  100913.188   TIME= 16:54:58
 The selected element set contains mixed element stiffness types.        
  This could invalidate error estimation.                                

 *** WARNING ***                         CP =  100913.469   TIME= 16:54:59
 The selected element set contains mixed materials.                      
  This could invalidate error estimation.                                

 *** WARNING ***                         CP =  100915.047   TIME= 16:55:00
 The selected element set contains mixed element stiffness types.        
  This could invalidate error estimation.                                

 *** WARNING ***                         CP =  100915.328   TIME= 16:55:01
 The selected element set contains mixed materials.                      
  This could invalidate error estimation.                                

 *** WARNING ***                         CP =  100916.922   TIME= 16:55:02
 The selected element set contains mixed element stiffness types.        
  This could invalidate error estimation.                                

 *** WARNING ***                         CP =  100917.188   TIME= 16:55:02
 The selected element set contains mixed materials.                      
  This could invalidate error estimation.                                

 *** WARNING ***                         CP =  100918.766   TIME= 16:55:04
 The selected element set contains mixed element stiffness types.        
  This could invalidate error estimation.                                

 *** WARNING ***                         CP =  100919.031   TIME= 16:55:04
 The selected element set contains mixed materials.                      
  This could invalidate error estimation.                                

 *** WARNING ***                         CP =  100920.625   TIME= 16:55:06
 The selected element set contains mixed element stiffness types.        
  This could invalidate error estimation.                                

 *** WARNING ***                         CP =  100920.891   TIME= 16:55:06
 The selected element set contains mixed materials.                      
  This could invalidate error estimation.                                

 *** WARNING ***                         CP =  100922.484   TIME= 16:55:08
 The selected element set contains mixed element stiffness types.        
  This could invalidate error estimation.                                

 *** WARNING ***                         CP =  100922.750   TIME= 16:55:08
 The selected element set contains mixed materials.                      
  This could invalidate error estimation.                                

 *** WARNING ***                         CP =  100924.344   TIME= 16:55:10
 The selected element set contains mixed element stiffness types.        
  This could invalidate error estimation.                                

 *** WARNING ***                         CP =  100924.609   TIME= 16:55:10
 The selected element set contains mixed materials.                      
  This could invalidate error estimation.                                

 *** WARNING ***                         CP =  100926.188   TIME= 16:55:11
 The selected element set contains mixed element stiffness types.        
  This could invalidate error estimation.                                

 *** WARNING ***                         CP =  100926.453   TIME= 16:55:12
 The selected element set contains mixed materials.                      
  This could invalidate error estimation.                                

 *** WARNING ***                         CP =  100928.047   TIME= 16:55:13
 The selected element set contains mixed element stiffness types.        
  This could invalidate error estimation.                                

 *** WARNING ***                         CP =  100928.312   TIME= 16:55:14
 The selected element set contains mixed materials.                      
  This could invalidate error estimation.                                

 *** WARNING ***                         CP =  100929.891   TIME= 16:55:15
 The selected element set contains mixed element stiffness types.        
  This could invalidate error estimation.                                

 *** WARNING ***                         CP =  100930.156   TIME= 16:55:15
 The selected element set contains mixed materials.                      
  This could invalidate error estimation.                                

 *** WARNING ***                         CP =  100931.750   TIME= 16:55:17
 The selected element set contains mixed element stiffness types.        
  This could invalidate error estimation.                                

 *** WARNING ***                         CP =  100932.000   TIME= 16:55:17
 The selected element set contains mixed materials.                      
  This could invalidate error estimation.                                

 *** WARNING ***                         CP =  100933.594   TIME= 16:55:19
 The selected element set contains mixed element stiffness types.        
  This could invalidate error estimation.                                

 *** WARNING ***                         CP =  100933.844   TIME= 16:55:19
 The selected element set contains mixed materials.                      
  This could invalidate error estimation.                                

 *** WARNING ***                         CP =  100935.438   TIME= 16:55:21
 The selected element set contains mixed element stiffness types.        
  This could invalidate error estimation.                                

 *** WARNING ***                         CP =  100935.688   TIME= 16:55:21
 The selected element set contains mixed materials.                      
  This could invalidate error estimation.                                

 *** WARNING ***                         CP =  100937.266   TIME= 16:55:23
 The selected element set contains mixed element stiffness types.        
  This could invalidate error estimation.                                

 *** WARNING ***                         CP =  100937.531   TIME= 16:55:23
 The selected element set contains mixed materials.                      
  This could invalidate error estimation.                                

 *** WARNING ***                         CP =  100939.109   TIME= 16:55:24
 The selected element set contains mixed element stiffness types.        
  This could invalidate error estimation.                                

 *** WARNING ***                         CP =  100939.375   TIME= 16:55:25
 The selected element set contains mixed materials.                      
  This could invalidate error estimation.                                

 *** WARNING ***                         CP =  100940.938   TIME= 16:55:26
 The selected element set contains mixed element stiffness types.        
  This could invalidate error estimation.                                

 *** WARNING ***                         CP =  100941.203   TIME= 16:55:26
 The selected element set contains mixed materials.                      
  This could invalidate error estimation.                                

 *** WARNING ***                         CP =  100942.781   TIME= 16:55:28
 The selected element set contains mixed element stiffness types.        
  This could invalidate error estimation.                                

 *** WARNING ***                         CP =  100943.031   TIME= 16:55:28
 The selected element set contains mixed materials.                      
  This could invalidate error estimation.                                

 *** WARNING ***                         CP =  100944.609   TIME= 16:55:30
 The selected element set contains mixed element stiffness types.        
  This could invalidate error estimation.                                

 *** WARNING ***                         CP =  100944.859   TIME= 16:55:30
 The selected element set contains mixed materials.                      
  This could invalidate error estimation.                                

 *** WARNING ***                         CP =  100946.438   TIME= 16:55:32
 The selected element set contains mixed element stiffness types.        
  This could invalidate error estimation.                                

 *** WARNING ***                         CP =  100946.688   TIME= 16:55:32
 The selected element set contains mixed materials.                      
  This could invalidate error estimation.                                

 *** WARNING ***                         CP =  100948.266   TIME= 16:55:34
 The selected element set contains mixed element stiffness types.        
  This could invalidate error estimation.                                

 *** WARNING ***                         CP =  100948.516   TIME= 16:55:34
 The selected element set contains mixed materials.                      
  This could invalidate error estimation.                                

 *** WARNING ***                         CP =  100950.094   TIME= 16:55:35
 The selected element set contains mixed element stiffness types.        
  This could invalidate error estimation.                                

 *** WARNING ***                         CP =  100950.328   TIME= 16:55:36
 The selected element set contains mixed materials.                      
  This could invalidate error estimation.                                

 *** WARNING ***                         CP =  100951.906   TIME= 16:55:37
 The selected element set contains mixed element stiffness types.        
  This could invalidate error estimation.                                

 *** WARNING ***                         CP =  100952.156   TIME= 16:55:37
 The selected element set contains mixed materials.                      
  This could invalidate error estimation.                                

 *** WARNING ***                         CP =  100953.734   TIME= 16:55:39
 The selected element set contains mixed element stiffness types.        
  This could invalidate error estimation.                                

 *** WARNING ***                         CP =  100953.969   TIME= 16:55:39
 The selected element set contains mixed materials.                      
  This could invalidate error estimation.                                

 *** WARNING ***                         CP =  100955.547   TIME= 16:55:41
 The selected element set contains mixed element stiffness types.        
  This could invalidate error estimation.                                

 *** WARNING ***                         CP =  100955.797   TIME= 16:55:41
 The selected element set contains mixed materials.                      
  This could invalidate error estimation.                                

 *** WARNING ***                         CP =  100957.359   TIME= 16:55:43
 The selected element set contains mixed element stiffness types.        
  This could invalidate error estimation.                                

 *** WARNING ***                         CP =  100957.594   TIME= 16:55:43
 The selected element set contains mixed materials.                      
  This could invalidate error estimation.                                

 *** WARNING ***                         CP =  100959.172   TIME= 16:55:44
 The selected element set contains mixed element stiffness types.        
  This could invalidate error estimation.                                

 *** WARNING ***                         CP =  100959.422   TIME= 16:55:45
 The selected element set contains mixed materials.                      
  This could invalidate error estimation.                                

 *** WARNING ***                         CP =  100960.984   TIME= 16:55:46
 The selected element set contains mixed element stiffness types.        
  This could invalidate error estimation.                                

 *** WARNING ***                         CP =  100961.234   TIME= 16:55:47
 The selected element set contains mixed materials.                      
  This could invalidate error estimation.                                

 *** WARNING ***                         CP =  100962.797   TIME= 16:55:48
 The selected element set contains mixed element stiffness types.        
  This could invalidate error estimation.                                

 *** WARNING ***                         CP =  100963.031   TIME= 16:55:48
 The selected element set contains mixed materials.                      
  This could invalidate error estimation.                                

 *** WARNING ***                         CP =  100964.594   TIME= 16:55:50
 The selected element set contains mixed element stiffness types.        
  This could invalidate error estimation.                                

 *** WARNING ***                         CP =  100964.844   TIME= 16:55:50
 The selected element set contains mixed materials.                      
  This could invalidate error estimation.                                

 *** WARNING ***                         CP =  100966.422   TIME= 16:55:52
 The selected element set contains mixed element stiffness types.        
  This could invalidate error estimation.                                

 *** WARNING ***                         CP =  100966.656   TIME= 16:55:52
 The selected element set contains mixed materials.                      
  This could invalidate error estimation.                                

 *** WARNING ***                         CP =  100968.219   TIME= 16:55:53
 The selected element set contains mixed element stiffness types.        
  This could invalidate error estimation.                                

 *** WARNING ***                         CP =  100968.453   TIME= 16:55:54
 The selected element set contains mixed materials.                      
  This could invalidate error estimation.                                

 *** WARNING ***                         CP =  100970.016   TIME= 16:55:55
 The selected element set contains mixed element stiffness types.        
  This could invalidate error estimation.                                

 *** WARNING ***                         CP =  100970.250   TIME= 16:55:56
 The selected element set contains mixed materials.                      
  This could invalidate error estimation.                                

 *** WARNING ***                         CP =  100971.812   TIME= 16:55:57
 The selected element set contains mixed element stiffness types.        
  This could invalidate error estimation.                                

 *** WARNING ***                         CP =  100972.047   TIME= 16:55:57
 The selected element set contains mixed materials.                      
  This could invalidate error estimation.                                

 *** WARNING ***                         CP =  100973.609   TIME= 16:55:59
 The selected element set contains mixed element stiffness types.        
  This could invalidate error estimation.                                

 *** WARNING ***                         CP =  100973.844   TIME= 16:55:59
 The selected element set contains mixed materials.                      
  This could invalidate error estimation.                                

 *** WARNING ***                         CP =  100975.406   TIME= 16:56:01
 The selected element set contains mixed element stiffness types.        
  This could invalidate error estimation.                                

 *** WARNING ***                         CP =  100975.641   TIME= 16:56:01
 The selected element set contains mixed materials.                      
  This could invalidate error estimation.                                

 *** WARNING ***                         CP =  100977.250   TIME= 16:56:03
 The selected element set contains mixed element stiffness types.        
  This could invalidate error estimation.                                

 *** WARNING ***                         CP =  100977.469   TIME= 16:56:03
 The selected element set contains mixed materials.                      
  This could invalidate error estimation.                                

 *** WARNING ***                         CP =  100979.016   TIME= 16:56:04
 The selected element set contains mixed element stiffness types.        
  This could invalidate error estimation.                                

 *** WARNING ***                         CP =  100979.250   TIME= 16:56:05
 The selected element set contains mixed materials.                      
  This could invalidate error estimation.                                

 *** WARNING ***                         CP =  100980.797   TIME= 16:56:06
 The selected element set contains mixed element stiffness types.        
  This could invalidate error estimation.                                

 *** WARNING ***                         CP =  100981.016   TIME= 16:56:06
 The selected element set contains mixed materials.                      
  This could invalidate error estimation.                                

 *** WARNING ***                         CP =  100982.562   TIME= 16:56:08
 The selected element set contains mixed element stiffness types.        
  This could invalidate error estimation.                                

 *** WARNING ***                         CP =  100982.797   TIME= 16:56:08
 The selected element set contains mixed materials.                      
  This could invalidate error estimation.                                

 *** WARNING ***                         CP =  100984.344   TIME= 16:56:10
 The selected element set contains mixed element stiffness types.        
  This could invalidate error estimation.                                

 *** WARNING ***                         CP =  100984.562   TIME= 16:56:10
 The selected element set contains mixed materials.                      
  This could invalidate error estimation.                                

 *** WARNING ***                         CP =  100986.109   TIME= 16:56:11
 The selected element set contains mixed element stiffness types.        
  This could invalidate error estimation.                                

 *** WARNING ***                         CP =  100986.344   TIME= 16:56:12
 The selected element set contains mixed materials.                      
  This could invalidate error estimation.                                

 *** WARNING ***                         CP =  100987.875   TIME= 16:56:13
 The selected element set contains mixed element stiffness types.        
  This could invalidate error estimation.                                

 *** WARNING ***                         CP =  100988.094   TIME= 16:56:13
 The selected element set contains mixed materials.                      
  This could invalidate error estimation.                                

 *** WARNING ***                         CP =  100989.641   TIME= 16:56:15
 The selected element set contains mixed element stiffness types.        
  This could invalidate error estimation.                                

 *** WARNING ***                         CP =  100989.859   TIME= 16:56:15
 The selected element set contains mixed materials.                      
  This could invalidate error estimation.                                

 *** WARNING ***                         CP =  100991.406   TIME= 16:56:17
 The selected element set contains mixed element stiffness types.        
  This could invalidate error estimation.                                

 *** WARNING ***                         CP =  100991.625   TIME= 16:56:17
 The selected element set contains mixed materials.                      
  This could invalidate error estimation.                                

 *** WARNING ***                         CP =  100993.156   TIME= 16:56:18
 The selected element set contains mixed element stiffness types.        
  This could invalidate error estimation.                                

 *** WARNING ***                         CP =  100993.375   TIME= 16:56:19
 The selected element set contains mixed materials.                      
  This could invalidate error estimation.                                

 *** WARNING ***                         CP =  100994.922   TIME= 16:56:20
 The selected element set contains mixed element stiffness types.        
  This could invalidate error estimation.                                

 *** WARNING ***                         CP =  100995.125   TIME= 16:56:20
 The selected element set contains mixed materials.                      
  This could invalidate error estimation.                                

 *** WARNING ***                         CP =  100995.188   TIME= 16:56:20
 The view for graph plots is currently NOT changeable.                   
  To enable graph view manipulation, issue /GROPTS,VIEW,1.               

 *** WARNING ***                         CP =  100995.703   TIME= 16:56:23
 Parameter N_SEL already exists.  It is deleted and redefined by the     
 *DIM command.                                                           

 *** WARNING ***                         CP =  101002.125   TIME= 16:56:24
 The selected element set contains mixed element stiffness types.        
  This could invalidate error estimation.                                

 *** WARNING ***                         CP =  101004.203   TIME= 16:56:26
 The selected element set contains mixed element stiffness types.        
  This could invalidate error estimation.                                

 *** WARNING ***                         CP =  101004.547   TIME= 16:56:27
 The selected element set contains mixed materials.                      
  This could invalidate error estimation.                                

 *** WARNING ***                         CP =  101006.281   TIME= 16:56:28
 The selected element set contains mixed element stiffness types.        
  This could invalidate error estimation.                                

 *** WARNING ***                         CP =  101006.609   TIME= 16:56:29
 The selected element set contains mixed materials.                      
  This could invalidate error estimation.                                

 *** WARNING ***                         CP =  101008.359   TIME= 16:56:31
 The selected element set contains mixed element stiffness types.        
  This could invalidate error estimation.                                

 *** WARNING ***                         CP =  101008.688   TIME= 16:56:31
 The selected element set contains mixed materials.                      
  This could invalidate error estimation.                                

 *** WARNING ***                         CP =  101010.422   TIME= 16:56:33
 The selected element set contains mixed element stiffness types.        
  This could invalidate error estimation.                                

 *** WARNING ***                         CP =  101010.750   TIME= 16:56:33
 The selected element set contains mixed materials.                      
  This could invalidate error estimation.                                

 *** WARNING ***                         CP =  101012.484   TIME= 16:56:35
 The selected element set contains mixed element stiffness types.        
  This could invalidate error estimation.                                

 *** WARNING ***                         CP =  101012.828   TIME= 16:56:35
 The selected element set contains mixed materials.                      
  This could invalidate error estimation.                                

 *** WARNING ***                         CP =  101014.547   TIME= 16:56:37
 The selected element set contains mixed element stiffness types.        
  This could invalidate error estimation.                                

 *** WARNING ***                         CP =  101014.891   TIME= 16:56:37
 The selected element set contains mixed materials.                      
  This could invalidate error estimation.                                

 *** WARNING ***                         CP =  101016.609   TIME= 16:56:39
 The selected element set contains mixed element stiffness types.        
  This could invalidate error estimation.                                

 *** WARNING ***                         CP =  101016.953   TIME= 16:56:39
 The selected element set contains mixed materials.                      
  This could invalidate error estimation.                                

 *** WARNING ***                         CP =  101018.672   TIME= 16:56:41
 The selected element set contains mixed element stiffness types.        
  This could invalidate error estimation.                                

 *** WARNING ***                         CP =  101019.000   TIME= 16:56:41
 The selected element set contains mixed materials.                      
  This could invalidate error estimation.                                

 *** WARNING ***                         CP =  101020.734   TIME= 16:56:43
 The selected element set contains mixed element stiffness types.        
  This could invalidate error estimation.                                

 *** WARNING ***                         CP =  101021.078   TIME= 16:56:43
 The selected element set contains mixed materials.                      
  This could invalidate error estimation.                                

 *** WARNING ***                         CP =  101022.797   TIME= 16:56:45
 The selected element set contains mixed element stiffness types.        
  This could invalidate error estimation.                                

 *** WARNING ***                         CP =  101023.125   TIME= 16:56:45
 The selected element set contains mixed materials.                      
  This could invalidate error estimation.                                

 *** WARNING ***                         CP =  101024.844   TIME= 16:56:47
 The selected element set contains mixed element stiffness types.        
  This could invalidate error estimation.                                

 *** WARNING ***                         CP =  101025.188   TIME= 16:56:47
 The selected element set contains mixed materials.                      
  This could invalidate error estimation.                                

 *** WARNING ***                         CP =  101026.891   TIME= 16:56:49
 The selected element set contains mixed element stiffness types.        
  This could invalidate error estimation.                                

 *** WARNING ***                         CP =  101027.234   TIME= 16:56:49
 The selected element set contains mixed materials.                      
  This could invalidate error estimation.                                

 *** WARNING ***                         CP =  101028.938   TIME= 16:56:51
 The selected element set contains mixed element stiffness types.        
  This could invalidate error estimation.                                

 *** WARNING ***                         CP =  101029.297   TIME= 16:56:51
 The selected element set contains mixed materials.                      
  This could invalidate error estimation.                                

 *** WARNING ***                         CP =  101031.000   TIME= 16:56:53
 The selected element set contains mixed element stiffness types.        
  This could invalidate error estimation.                                

 *** WARNING ***                         CP =  101031.344   TIME= 16:56:53
 The selected element set contains mixed materials.                      
  This could invalidate error estimation.                                

 *** WARNING ***                         CP =  101033.047   TIME= 16:56:55
 The selected element set contains mixed element stiffness types.        
  This could invalidate error estimation.                                

 *** WARNING ***                         CP =  101033.375   TIME= 16:56:56
 The selected element set contains mixed materials.                      
  This could invalidate error estimation.                                

 *** WARNING ***                         CP =  101035.094   TIME= 16:56:57
 The selected element set contains mixed element stiffness types.        
  This could invalidate error estimation.                                

 *** WARNING ***                         CP =  101035.422   TIME= 16:56:58
 The selected element set contains mixed materials.                      
  This could invalidate error estimation.                                

 *** WARNING ***                         CP =  101037.125   TIME= 16:56:59
 The selected element set contains mixed element stiffness types.        
  This could invalidate error estimation.                                

 *** WARNING ***                         CP =  101037.469   TIME= 16:57:00
 The selected element set contains mixed materials.                      
  This could invalidate error estimation.                                

 *** WARNING ***                         CP =  101039.172   TIME= 16:57:01
 The selected element set contains mixed element stiffness types.        
  This could invalidate error estimation.                                

 *** WARNING ***                         CP =  101039.500   TIME= 16:57:02
 The selected element set contains mixed materials.                      
  This could invalidate error estimation.                                

 *** WARNING ***                         CP =  101041.203   TIME= 16:57:03
 The selected element set contains mixed element stiffness types.        
  This could invalidate error estimation.                                

 *** WARNING ***                         CP =  101041.531   TIME= 16:57:04
 The selected element set contains mixed materials.                      
  This could invalidate error estimation.                                

 *** WARNING ***                         CP =  101043.234   TIME= 16:57:05
 The selected element set contains mixed element stiffness types.        
  This could invalidate error estimation.                                

 *** WARNING ***                         CP =  101043.578   TIME= 16:57:06
 The selected element set contains mixed materials.                      
  This could invalidate error estimation.                                

 *** WARNING ***                         CP =  101045.266   TIME= 16:57:07
 The selected element set contains mixed element stiffness types.        
  This could invalidate error estimation.                                

 *** WARNING ***                         CP =  101045.609   TIME= 16:57:08
 The selected element set contains mixed materials.                      
  This could invalidate error estimation.                                

 *** WARNING ***                         CP =  101047.297   TIME= 16:57:09
 The selected element set contains mixed element stiffness types.        
  This could invalidate error estimation.                                

 *** WARNING ***                         CP =  101047.625   TIME= 16:57:10
 The selected element set contains mixed materials.                      
  This could invalidate error estimation.                                

 *** WARNING ***                         CP =  101049.328   TIME= 16:57:11
 The selected element set contains mixed element stiffness types.        
  This could invalidate error estimation.                                

 *** WARNING ***                         CP =  101049.656   TIME= 16:57:12
 The selected element set contains mixed materials.                      
  This could invalidate error estimation.                                

 *** WARNING ***                         CP =  101051.344   TIME= 16:57:13
 The selected element set contains mixed element stiffness types.        
  This could invalidate error estimation.                                

 *** WARNING ***                         CP =  101051.688   TIME= 16:57:14
 The selected element set contains mixed materials.                      
  This could invalidate error estimation.                                

 *** WARNING ***                         CP =  101053.375   TIME= 16:57:16
 The selected element set contains mixed element stiffness types.        
  This could invalidate error estimation.                                

 *** WARNING ***                         CP =  101053.703   TIME= 16:57:16
 The selected element set contains mixed materials.                      
  This could invalidate error estimation.                                

 *** WARNING ***                         CP =  101055.391   TIME= 16:57:18
 The selected element set contains mixed element stiffness types.        
  This could invalidate error estimation.                                

 *** WARNING ***                         CP =  101055.734   TIME= 16:57:18
 The selected element set contains mixed materials.                      
  This could invalidate error estimation.                                

 *** WARNING ***                         CP =  101057.406   TIME= 16:57:20
 The selected element set contains mixed element stiffness types.        
  This could invalidate error estimation.                                

 *** WARNING ***                         CP =  101057.750   TIME= 16:57:20
 The selected element set contains mixed materials.                      
  This could invalidate error estimation.                                

 *** WARNING ***                         CP =  101059.422   TIME= 16:57:22
 The selected element set contains mixed element stiffness types.        
  This could invalidate error estimation.                                

 *** WARNING ***                         CP =  101059.766   TIME= 16:57:22
 The selected element set contains mixed materials.                      
  This could invalidate error estimation.                                

 *** WARNING ***                         CP =  101061.438   TIME= 16:57:24
 The selected element set contains mixed element stiffness types.        
  This could invalidate error estimation.                                

 *** WARNING ***                         CP =  101061.781   TIME= 16:57:24
 The selected element set contains mixed materials.                      
  This could invalidate error estimation.                                

 *** WARNING ***                         CP =  101063.453   TIME= 16:57:26
 The selected element set contains mixed element stiffness types.        
  This could invalidate error estimation.                                

 *** WARNING ***                         CP =  101063.781   TIME= 16:57:26
 The selected element set contains mixed materials.                      
  This could invalidate error estimation.                                

 *** WARNING ***                         CP =  101065.453   TIME= 16:57:28
 The selected element set contains mixed element stiffness types.        
  This could invalidate error estimation.                                

 *** WARNING ***                         CP =  101065.797   TIME= 16:57:28
 The selected element set contains mixed materials.                      
  This could invalidate error estimation.                                

 *** WARNING ***                         CP =  101067.469   TIME= 16:57:30
 The selected element set contains mixed element stiffness types.        
  This could invalidate error estimation.                                

 *** WARNING ***                         CP =  101067.797   TIME= 16:57:30
 The selected element set contains mixed materials.                      
  This could invalidate error estimation.                                

 *** WARNING ***                         CP =  101069.484   TIME= 16:57:32
 The selected element set contains mixed element stiffness types.        
  This could invalidate error estimation.                                

 *** WARNING ***                         CP =  101069.828   TIME= 16:57:32
 The selected element set contains mixed materials.                      
  This could invalidate error estimation.                                

 *** WARNING ***                         CP =  101071.484   TIME= 16:57:34
 The selected element set contains mixed element stiffness types.        
  This could invalidate error estimation.                                

 *** WARNING ***                         CP =  101071.828   TIME= 16:57:34
 The selected element set contains mixed materials.                      
  This could invalidate error estimation.                                

 *** WARNING ***                         CP =  101073.500   TIME= 16:57:36
 The selected element set contains mixed element stiffness types.        
  This could invalidate error estimation.                                

 *** WARNING ***                         CP =  101073.828   TIME= 16:57:36
 The selected element set contains mixed materials.                      
  This could invalidate error estimation.                                

 *** WARNING ***                         CP =  101075.500   TIME= 16:57:38
 The selected element set contains mixed element stiffness types.        
  This could invalidate error estimation.                                

 *** WARNING ***                         CP =  101075.844   TIME= 16:57:38
 The selected element set contains mixed materials.                      
  This could invalidate error estimation.                                

 *** WARNING ***                         CP =  101077.500   TIME= 16:57:40
 The selected element set contains mixed element stiffness types.        
  This could invalidate error estimation.                                

 *** WARNING ***                         CP =  101077.828   TIME= 16:57:40
 The selected element set contains mixed materials.                      
  This could invalidate error estimation.                                

 *** WARNING ***                         CP =  101079.484   TIME= 16:57:42
 The selected element set contains mixed element stiffness types.        
  This could invalidate error estimation.                                

 *** WARNING ***                         CP =  101079.828   TIME= 16:57:42
 The selected element set contains mixed materials.                      
  This could invalidate error estimation.                                

 *** WARNING ***                         CP =  101081.484   TIME= 16:57:44
 The selected element set contains mixed element stiffness types.        
  This could invalidate error estimation.                                

 *** WARNING ***                         CP =  101081.812   TIME= 16:57:44
 The selected element set contains mixed materials.                      
  This could invalidate error estimation.                                

 *** WARNING ***                         CP =  101083.469   TIME= 16:57:46
 The selected element set contains mixed element stiffness types.        
  This could invalidate error estimation.                                

 *** WARNING ***                         CP =  101083.812   TIME= 16:57:46
 The selected element set contains mixed materials.                      
  This could invalidate error estimation.                                

 *** WARNING ***                         CP =  101085.469   TIME= 16:57:48
 The selected element set contains mixed element stiffness types.        
  This could invalidate error estimation.                                

 *** WARNING ***                         CP =  101085.797   TIME= 16:57:48
 The selected element set contains mixed materials.                      
  This could invalidate error estimation.                                

 *** WARNING ***                         CP =  101087.453   TIME= 16:57:50
 The selected element set contains mixed element stiffness types.        
  This could invalidate error estimation.                                

 *** WARNING ***                         CP =  101087.781   TIME= 16:57:50
 The selected element set contains mixed materials.                      
  This could invalidate error estimation.                                

 *** WARNING ***                         CP =  101089.438   TIME= 16:57:52
 The selected element set contains mixed element stiffness types.        
  This could invalidate error estimation.                                

 *** WARNING ***                         CP =  101089.766   TIME= 16:57:52
 The selected element set contains mixed materials.                      
  This could invalidate error estimation.                                

 *** WARNING ***                         CP =  101091.422   TIME= 16:57:54
 The selected element set contains mixed element stiffness types.        
  This could invalidate error estimation.                                

 *** WARNING ***                         CP =  101091.750   TIME= 16:57:54
 The selected element set contains mixed materials.                      
  This could invalidate error estimation.                                

 *** WARNING ***                         CP =  101093.375   TIME= 16:57:55
 The selected element set contains mixed element stiffness types.        
  This could invalidate error estimation.                                

 *** WARNING ***                         CP =  101093.688   TIME= 16:57:56
 The selected element set contains mixed materials.                      
  This could invalidate error estimation.                                

 *** WARNING ***                         CP =  101095.297   TIME= 16:57:57
 The selected element set contains mixed element stiffness types.        
  This could invalidate error estimation.                                

 *** WARNING ***                         CP =  101095.609   TIME= 16:57:58
 The selected element set contains mixed materials.                      
  This could invalidate error estimation.                                

 *** WARNING ***                         CP =  101097.219   TIME= 16:57:59
 The selected element set contains mixed element stiffness types.        
  This could invalidate error estimation.                                

 *** WARNING ***                         CP =  101097.516   TIME= 16:58:00
 The selected element set contains mixed materials.                      
  This could invalidate error estimation.                                

 *** WARNING ***                         CP =  101099.125   TIME= 16:58:01
 The selected element set contains mixed element stiffness types.        
  This could invalidate error estimation.                                

 *** WARNING ***                         CP =  101099.422   TIME= 16:58:02
 The selected element set contains mixed materials.                      
  This could invalidate error estimation.                                

 *** WARNING ***                         CP =  101101.062   TIME= 16:58:03
 The selected element set contains mixed element stiffness types.        
  This could invalidate error estimation.                                

 *** WARNING ***                         CP =  101101.359   TIME= 16:58:03
 The selected element set contains mixed materials.                      
  This could invalidate error estimation.                                

 *** WARNING ***                         CP =  101102.938   TIME= 16:58:05
 The selected element set contains mixed element stiffness types.        
  This could invalidate error estimation.                                

 *** WARNING ***                         CP =  101103.219   TIME= 16:58:05
 The selected element set contains mixed materials.                      
  This could invalidate error estimation.                                

 *** WARNING ***                         CP =  101104.797   TIME= 16:58:07
 The selected element set contains mixed element stiffness types.        
  This could invalidate error estimation.                                

 *** WARNING ***                         CP =  101105.062   TIME= 16:58:07
 The selected element set contains mixed materials.                      
  This could invalidate error estimation.                                

 *** WARNING ***                         CP =  101106.641   TIME= 16:58:09
 The selected element set contains mixed element stiffness types.        
  This could invalidate error estimation.                                

 *** WARNING ***                         CP =  101106.906   TIME= 16:58:09
 The selected element set contains mixed materials.                      
  This could invalidate error estimation.                                

 *** WARNING ***                         CP =  101108.484   TIME= 16:58:11
 The selected element set contains mixed element stiffness types.        
  This could invalidate error estimation.                                

 *** WARNING ***                         CP =  101108.750   TIME= 16:58:11
 The selected element set contains mixed materials.                      
  This could invalidate error estimation.                                

 *** WARNING ***                         CP =  101110.328   TIME= 16:58:12
 The selected element set contains mixed element stiffness types.        
  This could invalidate error estimation.                                

 *** WARNING ***                         CP =  101110.609   TIME= 16:58:13
 The selected element set contains mixed materials.                      
  This could invalidate error estimation.                                

 *** WARNING ***                         CP =  101112.172   TIME= 16:58:14
 The selected element set contains mixed element stiffness types.        
  This could invalidate error estimation.                                

 *** WARNING ***                         CP =  101112.453   TIME= 16:58:15
 The selected element set contains mixed materials.                      
  This could invalidate error estimation.                                

 *** WARNING ***                         CP =  101114.016   TIME= 16:58:16
 The selected element set contains mixed element stiffness types.        
  This could invalidate error estimation.                                

 *** WARNING ***                         CP =  101114.297   TIME= 16:58:16
 The selected element set contains mixed materials.                      
  This could invalidate error estimation.                                

 *** WARNING ***                         CP =  101115.859   TIME= 16:58:18
 The selected element set contains mixed element stiffness types.        
  This could invalidate error estimation.                                

 *** WARNING ***                         CP =  101116.125   TIME= 16:58:18
 The selected element set contains mixed materials.                      
  This could invalidate error estimation.                                

 *** WARNING ***                         CP =  101117.703   TIME= 16:58:20
 The selected element set contains mixed element stiffness types.        
  This could invalidate error estimation.                                

 *** WARNING ***                         CP =  101117.969   TIME= 16:58:20
 The selected element set contains mixed materials.                      
  This could invalidate error estimation.                                

 *** WARNING ***                         CP =  101119.547   TIME= 16:58:22
 The selected element set contains mixed element stiffness types.        
  This could invalidate error estimation.                                

 *** WARNING ***                         CP =  101119.797   TIME= 16:58:22
 The selected element set contains mixed materials.                      
  This could invalidate error estimation.                                

 *** WARNING ***                         CP =  101121.375   TIME= 16:58:23
 The selected element set contains mixed element stiffness types.        
  This could invalidate error estimation.                                

 *** WARNING ***                         CP =  101121.641   TIME= 16:58:24
 The selected element set contains mixed materials.                      
  This could invalidate error estimation.                                

 *** WARNING ***                         CP =  101123.219   TIME= 16:58:25
 The selected element set contains mixed element stiffness types.        
  This could invalidate error estimation.                                

 *** WARNING ***                         CP =  101123.469   TIME= 16:58:26
 The selected element set contains mixed materials.                      
  This could invalidate error estimation.                                

 *** WARNING ***                         CP =  101125.047   TIME= 16:58:27
 The selected element set contains mixed element stiffness types.        
  This could invalidate error estimation.                                

 *** WARNING ***                         CP =  101125.297   TIME= 16:58:27
 The selected element set contains mixed materials.                      
  This could invalidate error estimation.                                

 *** WARNING ***                         CP =  101126.875   TIME= 16:58:29
 The selected element set contains mixed element stiffness types.        
  This could invalidate error estimation.                                

 *** WARNING ***                         CP =  101127.125   TIME= 16:58:29
 The selected element set contains mixed materials.                      
  This could invalidate error estimation.                                

 *** WARNING ***                         CP =  101128.703   TIME= 16:58:31
 The selected element set contains mixed element stiffness types.        
  This could invalidate error estimation.                                

 *** WARNING ***                         CP =  101128.953   TIME= 16:58:31
 The selected element set contains mixed materials.                      
  This could invalidate error estimation.                                

 *** WARNING ***                         CP =  101130.516   TIME= 16:58:33
 The selected element set contains mixed element stiffness types.        
  This could invalidate error estimation.                                

 *** WARNING ***                         CP =  101130.781   TIME= 16:58:33
 The selected element set contains mixed materials.                      
  This could invalidate error estimation.                                

 *** WARNING ***                         CP =  101132.344   TIME= 16:58:34
 The selected element set contains mixed element stiffness types.        
  This could invalidate error estimation.                                

 *** WARNING ***                         CP =  101132.594   TIME= 16:58:35
 The selected element set contains mixed materials.                      
  This could invalidate error estimation.                                

 *** WARNING ***                         CP =  101134.172   TIME= 16:58:36
 The selected element set contains mixed element stiffness types.        
  This could invalidate error estimation.                                

 *** WARNING ***                         CP =  101134.422   TIME= 16:58:37
 The selected element set contains mixed materials.                      
  This could invalidate error estimation.                                

 *** WARNING ***                         CP =  101135.984   TIME= 16:58:38
 The selected element set contains mixed element stiffness types.        
  This could invalidate error estimation.                                

 *** WARNING ***                         CP =  101136.234   TIME= 16:58:38
 The selected element set contains mixed materials.                      
  This could invalidate error estimation.                                

 *** WARNING ***                         CP =  101137.812   TIME= 16:58:40
 The selected element set contains mixed element stiffness types.        
  This could invalidate error estimation.                                

 *** WARNING ***                         CP =  101138.062   TIME= 16:58:40
 The selected element set contains mixed materials.                      
  This could invalidate error estimation.                                

 *** WARNING ***                         CP =  101139.625   TIME= 16:58:42
 The selected element set contains mixed element stiffness types.        
  This could invalidate error estimation.                                

 *** WARNING ***                         CP =  101139.875   TIME= 16:58:42
 The selected element set contains mixed materials.                      
  This could invalidate error estimation.                                

 *** WARNING ***                         CP =  101141.438   TIME= 16:58:44
 The selected element set contains mixed element stiffness types.        
  This could invalidate error estimation.                                

 *** WARNING ***                         CP =  101141.672   TIME= 16:58:44
 The selected element set contains mixed materials.                      
  This could invalidate error estimation.                                

 *** WARNING ***                         CP =  101143.234   TIME= 16:58:45
 The selected element set contains mixed element stiffness types.        
  This could invalidate error estimation.                                

 *** WARNING ***                         CP =  101143.484   TIME= 16:58:46
 The selected element set contains mixed materials.                      
  This could invalidate error estimation.                                

 *** WARNING ***                         CP =  101145.047   TIME= 16:58:47
 The selected element set contains mixed element stiffness types.        
  This could invalidate error estimation.                                

 *** WARNING ***                         CP =  101145.297   TIME= 16:58:47
 The selected element set contains mixed materials.                      
  This could invalidate error estimation.                                

 *** WARNING ***                         CP =  101146.828   TIME= 16:58:49
 The selected element set contains mixed element stiffness types.        
  This could invalidate error estimation.                                

 *** WARNING ***                         CP =  101147.078   TIME= 16:58:49
 The selected element set contains mixed materials.                      
  This could invalidate error estimation.                                

 *** WARNING ***                         CP =  101148.641   TIME= 16:58:51
 The selected element set contains mixed element stiffness types.        
  This could invalidate error estimation.                                

 *** WARNING ***                         CP =  101148.875   TIME= 16:58:51
 The selected element set contains mixed materials.                      
  This could invalidate error estimation.                                

 *** WARNING ***                         CP =  101150.438   TIME= 16:58:53
 The selected element set contains mixed element stiffness types.        
  This could invalidate error estimation.                                

 *** WARNING ***                         CP =  101150.672   TIME= 16:58:53
 The selected element set contains mixed materials.                      
  This could invalidate error estimation.                                

 *** WARNING ***                         CP =  101152.250   TIME= 16:58:54
 The selected element set contains mixed element stiffness types.        
  This could invalidate error estimation.                                

 *** WARNING ***                         CP =  101152.484   TIME= 16:58:55
 The selected element set contains mixed materials.                      
  This could invalidate error estimation.                                

 *** WARNING ***                         CP =  101154.047   TIME= 16:58:56
 The selected element set contains mixed element stiffness types.        
  This could invalidate error estimation.                                

 *** WARNING ***                         CP =  101154.281   TIME= 16:58:56
 The selected element set contains mixed materials.                      
  This could invalidate error estimation.                                

 *** WARNING ***                         CP =  101155.844   TIME= 16:58:58
 The selected element set contains mixed element stiffness types.        
  This could invalidate error estimation.                                

 *** WARNING ***                         CP =  101156.078   TIME= 16:58:58
 The selected element set contains mixed materials.                      
  This could invalidate error estimation.                                

 *** WARNING ***                         CP =  101157.625   TIME= 16:59:00
 The selected element set contains mixed element stiffness types.        
  This could invalidate error estimation.                                

 *** WARNING ***                         CP =  101157.859   TIME= 16:59:00
 The selected element set contains mixed materials.                      
  This could invalidate error estimation.                                

 *** WARNING ***                         CP =  101159.422   TIME= 16:59:02
 The selected element set contains mixed element stiffness types.        
  This could invalidate error estimation.                                

 *** WARNING ***                         CP =  101159.656   TIME= 16:59:02
 The selected element set contains mixed materials.                      
  This could invalidate error estimation.                                

 *** WARNING ***                         CP =  101161.250   TIME= 16:59:03
 The selected element set contains mixed element stiffness types.        
  This could invalidate error estimation.                                

 *** WARNING ***                         CP =  101161.484   TIME= 16:59:04
 The selected element set contains mixed materials.                      
  This could invalidate error estimation.                                

 *** WARNING ***                         CP =  101163.047   TIME= 16:59:05
 The selected element set contains mixed element stiffness types.        
  This could invalidate error estimation.                                

 *** WARNING ***                         CP =  101163.281   TIME= 16:59:05
 The selected element set contains mixed materials.                      
  This could invalidate error estimation.                                

 *** WARNING ***                         CP =  101164.828   TIME= 16:59:07
 The selected element set contains mixed element stiffness types.        
  This could invalidate error estimation.                                

 *** WARNING ***                         CP =  101165.062   TIME= 16:59:07
 The selected element set contains mixed materials.                      
  This could invalidate error estimation.                                

 *** WARNING ***                         CP =  101166.625   TIME= 16:59:09
 The selected element set contains mixed element stiffness types.        
  This could invalidate error estimation.                                

 *** WARNING ***                         CP =  101166.859   TIME= 16:59:09
 The selected element set contains mixed materials.                      
  This could invalidate error estimation.                                

 *** WARNING ***                         CP =  101168.422   TIME= 16:59:11
 The selected element set contains mixed element stiffness types.        
  This could invalidate error estimation.                                

 *** WARNING ***                         CP =  101168.641   TIME= 16:59:11
 The selected element set contains mixed materials.                      
  This could invalidate error estimation.                                

 *** WARNING ***                         CP =  101170.203   TIME= 16:59:12
 The selected element set contains mixed element stiffness types.        
  This could invalidate error estimation.                                

 *** WARNING ***                         CP =  101170.438   TIME= 16:59:13
 The selected element set contains mixed materials.                      
  This could invalidate error estimation.                                

 *** WARNING ***                         CP =  101171.984   TIME= 16:59:14
 The selected element set contains mixed element stiffness types.        
  This could invalidate error estimation.                                

 *** WARNING ***                         CP =  101172.219   TIME= 16:59:14
 The selected element set contains mixed materials.                      
  This could invalidate error estimation.                                

 *** WARNING ***                         CP =  101173.766   TIME= 16:59:16
 The selected element set contains mixed element stiffness types.        
  This could invalidate error estimation.                                

 *** WARNING ***                         CP =  101174.000   TIME= 16:59:16
 The selected element set contains mixed materials.                      
  This could invalidate error estimation.                                

 *** WARNING ***                         CP =  101175.547   TIME= 16:59:18
 The selected element set contains mixed element stiffness types.        
  This could invalidate error estimation.                                

 *** WARNING ***                         CP =  101175.781   TIME= 16:59:18
 The selected element set contains mixed materials.                      
  This could invalidate error estimation.                                

 *** WARNING ***                         CP =  101177.328   TIME= 16:59:19
 The selected element set contains mixed element stiffness types.        
  This could invalidate error estimation.                                

 *** WARNING ***                         CP =  101177.547   TIME= 16:59:20
 The selected element set contains mixed materials.                      
  This could invalidate error estimation.                                

 *** WARNING ***                         CP =  101179.109   TIME= 16:59:21
 The selected element set contains mixed element stiffness types.        
  This could invalidate error estimation.                                

 *** WARNING ***                         CP =  101179.328   TIME= 16:59:21
 The selected element set contains mixed materials.                      
  This could invalidate error estimation.                                

 *** WARNING ***                         CP =  101180.875   TIME= 16:59:23
 The selected element set contains mixed element stiffness types.        
  This could invalidate error estimation.                                

 *** WARNING ***                         CP =  101181.094   TIME= 16:59:23
 The selected element set contains mixed materials.                      
  This could invalidate error estimation.                                

 *** WARNING ***                         CP =  101182.641   TIME= 16:59:25
 The selected element set contains mixed element stiffness types.        
  This could invalidate error estimation.                                

 *** WARNING ***                         CP =  101182.859   TIME= 16:59:25
 The selected element set contains mixed materials.                      
  This could invalidate error estimation.                                

 *** WARNING ***                         CP =  101184.406   TIME= 16:59:27
 The selected element set contains mixed element stiffness types.        
  This could invalidate error estimation.                                

 *** WARNING ***                         CP =  101184.625   TIME= 16:59:27
 The selected element set contains mixed materials.                      
  This could invalidate error estimation.                                

 *** WARNING ***                         CP =  101186.172   TIME= 16:59:28
 The selected element set contains mixed element stiffness types.        
  This could invalidate error estimation.                                

 *** WARNING ***                         CP =  101186.391   TIME= 16:59:28
 The selected element set contains mixed materials.                      
  This could invalidate error estimation.                                

 *** WARNING ***                         CP =  101187.938   TIME= 16:59:30
 The selected element set contains mixed element stiffness types.        
  This could invalidate error estimation.                                

 *** WARNING ***                         CP =  101188.156   TIME= 16:59:30
 The selected element set contains mixed materials.                      
  This could invalidate error estimation.                                

 *** WARNING ***                         CP =  101189.625   TIME= 16:59:32
 During this session a solution was performed using 24 CPU cores in      
 shared-memory parallel (SMP) mode (-np 24).  It is strongly             
 recommended to use distributed memory parallel (DMP) mode instead       
 (-dis -np 24).  DMP mode typically outperforms SMP mode, even when      
 running on a single system.  For more information, see the ANSYS        
 Parallel Processing Guide in the ANSYS Help system.                     
