This is pdfTeX, Version 3.141592653-2.6-1.40.24 (MiKTeX 22.12) (preloaded format=pdflatex 2024.7.1)  19 SEP 2024 18:26
entering extended mode
 restricted \write18 enabled.
 %&-line parsing enabled.
**./ascexmpl-new.tex
(ascexmpl-new.tex
LaTeX2e <2022-11-01> patch level 1
L3 programming layer <2023-01-16> (ascelike-new.cls

Document Class: ascelike-new 2016/03/18 Version 1.0 ASCE-like-new manuscripts (
Am. Soc. Civ. Engr.)

(C:\Users\augus\AppData\Local\Programs\MiKTeX\tex/latex/base\ifthen.sty
Package: ifthen 2022/04/13 v1.1d Standard LaTeX ifthen package (DPC)
)
(C:\Users\augus\AppData\Local\Programs\MiKTeX\tex/latex/base\article.cls
Document Class: article 2022/07/02 v1.4n Standard LaTeX document class
(C:\Users\augus\AppData\Local\Programs\MiKTeX\tex/latex/base\size12.clo
File: size12.clo 2022/07/02 v1.4n Standard LaTeX file (size option)
)
\c@part=\count185
\c@section=\count186
\c@subsection=\count187
\c@subsubsection=\count188
\c@paragraph=\count189
\c@subparagraph=\count190
\c@figure=\count191
\c@table=\count192
\abovecaptionskip=\skip48
\belowcaptionskip=\skip49
\bibindent=\dimen140
)
(C:\Users\augus\AppData\Local\Programs\MiKTeX\tex/latex/geometry\geometry.sty
Package: geometry 2020/01/02 v5.9 Page Geometry

(C:\Users\augus\AppData\Local\Programs\MiKTeX\tex/latex/graphics\keyval.sty
Package: keyval 2022/05/29 v1.15 key=value parser (DPC)
\KV@toks@=\toks16
)
(C:\Users\augus\AppData\Local\Programs\MiKTeX\tex/generic/iftex\ifvtex.sty
Package: ifvtex 2019/10/25 v1.7 ifvtex legacy package. Use iftex instead.

(C:\Users\augus\AppData\Local\Programs\MiKTeX\tex/generic/iftex\iftex.sty
Package: iftex 2022/02/03 v1.0f TeX engine tests
))
\Gm@cnth=\count193
\Gm@cntv=\count194
\c@Gm@tempcnt=\count195
\Gm@bindingoffset=\dimen141
\Gm@wd@mp=\dimen142
\Gm@odd@mp=\dimen143
\Gm@even@mp=\dimen144
\Gm@layoutwidth=\dimen145
\Gm@layoutheight=\dimen146
\Gm@layouthoffset=\dimen147
\Gm@layoutvoffset=\dimen148
\Gm@dimlist=\toks17

(C:\Users\augus\AppData\Local\Programs\MiKTeX\tex/latex/geometry\geometry.cfg))

(1) A "Journal" style manuscript will be produced
(2) Figures and Tables will be placed together at the end of the manuscript (ch
ange with the 'InsideFigs' option)
(3) Text will be double spaced (change with the 'SingleSpace' option)
(4) Text will be 12pt (change with the '10pt', '11pt', & '12pt' options)
(5) Line numbers will be placed alonside the text (change with the 'NoLineNumbe
rs' option)

(C:\Users\augus\AppData\Local\Programs\MiKTeX\tex/latex/preprint\authblk.sty
Package: authblk 2001/02/27 1.3 (PWD)
\affilsep=\skip50
\@affilsep=\skip51
\c@Maxaffil=\count196
\c@authors=\count197
\c@affil=\count198
)
\c@enumnoo=\count199
\TempBoxb=\box51
\TempBoxl=\skip52
\Abovecaptionrule=\skip53

(C:\Users\augus\AppData\Local\Programs\MiKTeX\tex/latex/silence\silence.sty
Package: silence 2012/07/02 v1.5b Selective filtering of warnings and error mes
sages
\sl@Save=\count266
\sl@StateNumber=\count267
\sl@MessageCount=\count268
\sl@Casualties=\count269
\sl@Filter=\toks18
\sl@Message=\toks19
\sl@UnexpandedMessage=\toks20
\sl@Mess@ge=\toks21
\sl@WarningCount=\count270
\sl@WarningNumber=\count271
\sl@WarningCasualties=\count272
\sl@TempBOW=\toks22
\sl@BankOfWarnings=\toks23
LaTeX Info: Redefining \GenericWarning on input line 433.
\sl@ErrorCount=\count273
\sl@ErrorNumber=\count274
\sl@ErrorCasualties=\count275
\sl@TempBOE=\toks24
\sl@BankOfErrors=\toks25
LaTeX Info: Redefining \GenericError on input line 601.
))
(C:\Users\augus\AppData\Local\Programs\MiKTeX\tex/latex/base\inputenc.sty
Package: inputenc 2021/02/14 v1.3d Input encoding file
\inpenc@prehook=\toks26
\inpenc@posthook=\toks27
)
(C:\Users\augus\AppData\Local\Programs\MiKTeX\tex/latex/base\fontenc.sty
Package: fontenc 2021/04/29 v2.0v Standard LaTeX package
)
(C:\Users\augus\AppData\Local\Programs\MiKTeX\tex/latex/lm\lmodern.sty
Package: lmodern 2015/05/01 v1.6.1 Latin Modern Fonts
LaTeX Font Info:    Overwriting symbol font `operators' in version `normal'
(Font)                  OT1/cmr/m/n --> OT1/lmr/m/n on input line 22.
LaTeX Font Info:    Overwriting symbol font `letters' in version `normal'
(Font)                  OML/cmm/m/it --> OML/lmm/m/it on input line 23.
LaTeX Font Info:    Overwriting symbol font `symbols' in version `normal'
(Font)                  OMS/cmsy/m/n --> OMS/lmsy/m/n on input line 24.
LaTeX Font Info:    Overwriting symbol font `largesymbols' in version `normal'
(Font)                  OMX/cmex/m/n --> OMX/lmex/m/n on input line 25.
LaTeX Font Info:    Overwriting symbol font `operators' in version `bold'
(Font)                  OT1/cmr/bx/n --> OT1/lmr/bx/n on input line 26.
LaTeX Font Info:    Overwriting symbol font `letters' in version `bold'
(Font)                  OML/cmm/b/it --> OML/lmm/b/it on input line 27.
LaTeX Font Info:    Overwriting symbol font `symbols' in version `bold'
(Font)                  OMS/cmsy/b/n --> OMS/lmsy/b/n on input line 28.
LaTeX Font Info:    Overwriting symbol font `largesymbols' in version `bold'
(Font)                  OMX/cmex/m/n --> OMX/lmex/m/n on input line 29.
LaTeX Font Info:    Overwriting math alphabet `\mathbf' in version `normal'
(Font)                  OT1/cmr/bx/n --> OT1/lmr/bx/n on input line 31.
LaTeX Font Info:    Overwriting math alphabet `\mathsf' in version `normal'
(Font)                  OT1/cmss/m/n --> OT1/lmss/m/n on input line 32.
LaTeX Font Info:    Overwriting math alphabet `\mathit' in version `normal'
(Font)                  OT1/cmr/m/it --> OT1/lmr/m/it on input line 33.
LaTeX Font Info:    Overwriting math alphabet `\mathtt' in version `normal'
(Font)                  OT1/cmtt/m/n --> OT1/lmtt/m/n on input line 34.
LaTeX Font Info:    Overwriting math alphabet `\mathbf' in version `bold'
(Font)                  OT1/cmr/bx/n --> OT1/lmr/bx/n on input line 35.
LaTeX Font Info:    Overwriting math alphabet `\mathsf' in version `bold'
(Font)                  OT1/cmss/bx/n --> OT1/lmss/bx/n on input line 36.
LaTeX Font Info:    Overwriting math alphabet `\mathit' in version `bold'
(Font)                  OT1/cmr/bx/it --> OT1/lmr/bx/it on input line 37.
LaTeX Font Info:    Overwriting math alphabet `\mathtt' in version `bold'
(Font)                  OT1/cmtt/m/n --> OT1/lmtt/m/n on input line 38.
)
(C:\Users\augus\AppData\Local\Programs\MiKTeX\tex/latex/graphics\graphicx.sty
Package: graphicx 2021/09/16 v1.2d Enhanced LaTeX Graphics (DPC,SPQR)

(C:\Users\augus\AppData\Local\Programs\MiKTeX\tex/latex/graphics\graphics.sty
Package: graphics 2022/03/10 v1.4e Standard LaTeX Graphics (DPC,SPQR)

(C:\Users\augus\AppData\Local\Programs\MiKTeX\tex/latex/graphics\trig.sty
Package: trig 2021/08/11 v1.11 sin cos tan (DPC)
)
(C:\Users\augus\AppData\Local\Programs\MiKTeX\tex/latex/graphics-cfg\graphics.c
fg
File: graphics.cfg 2016/06/04 v1.11 sample graphics configuration
)
Package graphics Info: Driver file: pdftex.def on input line 107.

(C:\Users\augus\AppData\Local\Programs\MiKTeX\tex/latex/graphics-def\pdftex.def
File: pdftex.def 2022/09/22 v1.2b Graphics/color driver for pdftex
))
\Gin@req@height=\dimen149
\Gin@req@width=\dimen150
) (C:\Users\augus\AppData\Local\Programs\MiKTeX\tex/latex/caption\caption.sty
Package: caption 2022/03/01 v3.6b Customizing captions (AR)
(C:\Users\augus\AppData\Local\Programs\MiKTeX\tex/latex/caption\caption3.sty
Package: caption3 2022/03/17 v2.3b caption3 kernel (AR)
\caption@tempdima=\dimen151
\captionmargin=\dimen152
\caption@leftmargin=\dimen153
\caption@rightmargin=\dimen154
\caption@width=\dimen155
\caption@indent=\dimen156
\caption@parindent=\dimen157
\caption@hangindent=\dimen158
Package caption Info: Unknown document class (or package),
(caption)             standard defaults will be used.
Package caption Info: \@makecaption = \long macro:#1#2->\vspace {\Abovecaptionr
ule } \savebox {\TempBoxb }{\rule {0em}{3ex}\ifthenelse {\boolean {NewProceedin
gs}}{\rmfamily }{\sffamily }\bfseries \normalsize #1.\makebox [1ex]{}\ifthenels
e {\boolean {NewProceedings}}{\rmfamily }{\sffamily }\bfseries \normalsize #2}\
settowidth {\TempBoxl }{\usebox {\TempBoxb }} \ifthenelse {\lengthtest {\TempBo
xl > \textwidth }} {\ifthenelse {\boolean {NewProceedings}}{\rmfamily }{\sffami
ly }\bfseries \normalsize #1.\makebox [1ex]{}\ifthenelse {\boolean {NewProceedi
ngs}}{\rmfamily }{\sffamily }\bfseries \normalsize #2\par }{\centering \usebox 
{\TempBoxb }} \vskip \belowcaptionskip  on input line 1176.
)

Package caption Warning: Unknown document class (or package),
(caption)                standard defaults will be used.
See the caption package documentation for explanation.

Package caption Info: Option `figurename' requires the `newfloat' package on in
put line 169.
(C:\Users\augus\AppData\Local\Programs\MiKTeX\tex/latex/newfloat\newfloat.sty
Package: newfloat 2023/10/01 v1.2 Defining new floating environments (AR)
)
\c@caption@flags=\count276
\c@continuedfloat=\count277
) (C:\Users\augus\AppData\Local\Programs\MiKTeX\tex/latex/caption\subcaption.st
y
Package: subcaption 2022/01/07 v1.5 Sub-captions (AR)
\c@subfigure=\count278
\c@subtable=\count279
) (C:\Users\augus\AppData\Local\Programs\MiKTeX\tex/latex/amsmath\amsmath.sty
Package: amsmath 2022/04/08 v2.17n AMS math features
\@mathmargin=\skip54

For additional information on amsmath, use the `?' option.
(C:\Users\augus\AppData\Local\Programs\MiKTeX\tex/latex/amsmath\amstext.sty
Package: amstext 2021/08/26 v2.01 AMS text

(C:\Users\augus\AppData\Local\Programs\MiKTeX\tex/latex/amsmath\amsgen.sty
File: amsgen.sty 1999/11/30 v2.0 generic functions
\@emptytoks=\toks28
\ex@=\dimen159
))
(C:\Users\augus\AppData\Local\Programs\MiKTeX\tex/latex/amsmath\amsbsy.sty
Package: amsbsy 1999/11/29 v1.2d Bold Symbols
\pmbraise@=\dimen160
)
(C:\Users\augus\AppData\Local\Programs\MiKTeX\tex/latex/amsmath\amsopn.sty
Package: amsopn 2022/04/08 v2.04 operator names
)
\inf@bad=\count280
LaTeX Info: Redefining \frac on input line 234.
\uproot@=\count281
\leftroot@=\count282
LaTeX Info: Redefining \overline on input line 399.
LaTeX Info: Redefining \colon on input line 410.
\classnum@=\count283
\DOTSCASE@=\count284
LaTeX Info: Redefining \ldots on input line 496.
LaTeX Info: Redefining \dots on input line 499.
LaTeX Info: Redefining \cdots on input line 620.
\Mathstrutbox@=\box52
\strutbox@=\box53
LaTeX Info: Redefining \big on input line 722.
LaTeX Info: Redefining \Big on input line 723.
LaTeX Info: Redefining \bigg on input line 724.
LaTeX Info: Redefining \Bigg on input line 725.
\big@size=\dimen161
LaTeX Font Info:    Redeclaring font encoding OML on input line 743.
LaTeX Font Info:    Redeclaring font encoding OMS on input line 744.
\macc@depth=\count285
LaTeX Info: Redefining \bmod on input line 905.
LaTeX Info: Redefining \pmod on input line 910.
LaTeX Info: Redefining \smash on input line 940.
LaTeX Info: Redefining \relbar on input line 970.
LaTeX Info: Redefining \Relbar on input line 971.
\c@MaxMatrixCols=\count286
\dotsspace@=\muskip16
\c@parentequation=\count287
\dspbrk@lvl=\count288
\tag@help=\toks29
\row@=\count289
\column@=\count290
\maxfields@=\count291
\andhelp@=\toks30
\eqnshift@=\dimen162
\alignsep@=\dimen163
\tagshift@=\dimen164
\tagwidth@=\dimen165
\totwidth@=\dimen166
\lineht@=\dimen167
\@envbody=\toks31
\multlinegap=\skip55
\multlinetaggap=\skip56
\mathdisplay@stack=\toks32
LaTeX Info: Redefining \[ on input line 2953.
LaTeX Info: Redefining \] on input line 2954.
)
(C:\Users\augus\AppData\Local\Programs\MiKTeX\tex/latex/newtx\newtxtext.sty
Package: newtxtext 2024/04/01 v1.744(Michael Sharpe) latex and unicode latex su
pport for TeXGyreTermesX

`newtxtext' v1.744, 2024/04/01 Text macros taking advantage of TeXGyre Termes a
nd its extensions (msharpe)
(C:\Users\augus\AppData\Local\Programs\MiKTeX\tex/latex/xpatch\xpatch.sty
(C:\Users\augus\AppData\Local\Programs\MiKTeX\tex/latex/l3kernel\expl3.sty
Package: expl3 2023-01-16 L3 programming layer (loader) 

(C:\Users\augus\AppData\Local\Programs\MiKTeX\tex/latex/l3backend\l3backend-pdf
tex.def
File: l3backend-pdftex.def 2023-01-16 L3 backend support: PDF output (pdfTeX)
\l__color_backend_stack_int=\count292
\l__pdf_internal_box=\box54
))
Package: xpatch 2020/03/25 v0.3a Extending etoolbox patching commands

(C:\Users\augus\AppData\Local\Programs\MiKTeX\tex/latex/l3packages/xparse\xpars
e.sty
Package: xparse 2023-01-16 L3 Experimental document command parser
)
(C:\Users\augus\AppData\Local\Programs\MiKTeX\tex/latex/etoolbox\etoolbox.sty
Package: etoolbox 2020/10/05 v2.5k e-TeX tools for LaTeX (JAW)
\etb@tempcnta=\count293
)) (C:\Users\augus\AppData\Local\Programs\MiKTeX\tex/latex/xcolor\xcolor.sty
Package: xcolor 2022/06/12 v2.14 LaTeX color extensions (UK)

(C:\Users\augus\AppData\Local\Programs\MiKTeX\tex/latex/graphics-cfg\color.cfg
File: color.cfg 2016/01/02 v1.6 sample color configuration
)
Package xcolor Info: Driver file: pdftex.def on input line 227.
(C:\Users\augus\AppData\Local\Programs\MiKTeX\tex/latex/graphics\mathcolor.ltx)
Package xcolor Info: Model `cmy' substituted by `cmy0' on input line 1353.
Package xcolor Info: Model `hsb' substituted by `rgb' on input line 1357.
Package xcolor Info: Model `RGB' extended on input line 1369.
Package xcolor Info: Model `HTML' substituted by `rgb' on input line 1371.
Package xcolor Info: Model `Hsb' substituted by `hsb' on input line 1372.
Package xcolor Info: Model `tHsb' substituted by `hsb' on input line 1373.
Package xcolor Info: Model `HSB' substituted by `hsb' on input line 1374.
Package xcolor Info: Model `Gray' substituted by `gray' on input line 1375.
Package xcolor Info: Model `wave' substituted by `hsb' on input line 1376.
) (C:\Users\augus\AppData\Local\Programs\MiKTeX\tex/latex/xkeyval\xkeyval.sty
Package: xkeyval 2022/06/16 v2.9 package option processing (HA)

(C:\Users\augus\AppData\Local\Programs\MiKTeX\tex/generic/xkeyval\xkeyval.tex
(C:\Users\augus\AppData\Local\Programs\MiKTeX\tex/generic/xkeyval\xkvutils.tex
\XKV@toks=\toks33
\XKV@tempa@toks=\toks34
)
\XKV@depth=\count294
File: xkeyval.tex 2014/12/03 v2.7a key=value parser (HA)
)) (C:\Users\augus\AppData\Local\Programs\MiKTeX\tex/latex/base\textcomp.sty
Package: textcomp 2020/02/02 v2.0n Standard LaTeX package
)
(C:\Users\augus\AppData\Local\Programs\MiKTeX\tex/latex/xstring\xstring.sty
(C:\Users\augus\AppData\Local\Programs\MiKTeX\tex/generic/xstring\xstring.tex
\integerpart=\count295
\decimalpart=\count296
)
Package: xstring 2023/01/14 v1.85 String manipulations (CT)
) (C:\Users\augus\AppData\Local\Programs\MiKTeX\tex/latex/carlisle\scalefnt.sty
)
LaTeX Font Info:    Setting ntxLF sub-encoding to TS1/0 on input line 24.
LaTeX Font Info:    Setting ntxTLF sub-encoding to TS1/0 on input line 24.
LaTeX Font Info:    Setting ntxOsF sub-encoding to TS1/0 on input line 24.
LaTeX Font Info:    Setting ntxTOsF sub-encoding to TS1/0 on input line 24.
(C:\Users\augus\AppData\Local\Programs\MiKTeX\tex/generic/binhex\binhex.tex)
\ntx@tmpcnta=\count297
\ntx@cnt=\count298

(C:\Users\augus\AppData\Local\Programs\MiKTeX\tex/latex/fontaxes\fontaxes.sty
Package: fontaxes 2020/07/21 v1.0e Font selection axes
LaTeX Info: Redefining \upshape on input line 29.
LaTeX Info: Redefining \itshape on input line 31.
LaTeX Info: Redefining \slshape on input line 33.
LaTeX Info: Redefining \swshape on input line 35.
LaTeX Info: Redefining \scshape on input line 37.
LaTeX Info: Redefining \sscshape on input line 39.
LaTeX Info: Redefining \ulcshape on input line 41.
LaTeX Info: Redefining \textsw on input line 47.
LaTeX Info: Redefining \textssc on input line 48.
LaTeX Info: Redefining \textulc on input line 49.
)
\tx@sixem=\dimen168
\tx@y=\dimen169
\tx@x=\dimen170
\tx@tmpdima=\dimen171
\tx@tmpdimb=\dimen172
\tx@tmpdimc=\dimen173
\tx@tmpdimd=\dimen174
\tx@tmpdime=\dimen175
\tx@tmpdimf=\dimen176
\tx@dimA=\dimen177
\tx@dimAA=\dimen178
\tx@dimB=\dimen179
\tx@dimBB=\dimen180
\tx@dimC=\dimen181
LaTeX Info: Redefining \oldstylenums on input line 902.
) (C:\Users\augus\AppData\Local\Programs\MiKTeX\tex/latex/newtx\newtxmath.sty
Package: newtxmath 2024/06/18 v1.75

`newtxmath' v1.75, 2024/06/18 Math macros based originally on txfonts (msharpe)
(C:\Users\augus\AppData\Local\Programs\MiKTeX\tex/latex/oberdiek\centernot.sty
Package: centernot 2016/05/16 v1.4 Centers the not symbol horizontally (HO)
)
\tx@cntz=\count299
(C:\Users\augus\AppData\Local\Programs\MiKTeX\tex/generic/binhex\binhex.tex)
\tx@Isdigit=\count300
\tx@IsAlNum=\count301
\tx@tA=\toks35
\tx@tB=\toks36
\tx@su=\read2

amsthm NOT loaded
LaTeX Font Info:    Redeclaring symbol font `operators' on input line 402.
LaTeX Font Info:    Overwriting symbol font `operators' in version `normal'
(Font)                  OT1/lmr/m/n --> OT1/minntx/m/n on input line 402.
LaTeX Font Info:    Overwriting symbol font `operators' in version `bold'
(Font)                  OT1/lmr/bx/n --> OT1/minntx/m/n on input line 402.
LaTeX Font Info:    Overwriting symbol font `operators' in version `bold'
(Font)                  OT1/minntx/m/n --> OT1/minntx/b/n on input line 403.
LaTeX Font Info:    Redeclaring math alphabet \mathsf on input line 410.
LaTeX Font Info:    Overwriting math alphabet `\mathsf' in version `normal'
(Font)                  OT1/lmss/m/n --> OT1/lmss/m/n on input line 410.
LaTeX Font Info:    Overwriting math alphabet `\mathsf' in version `bold'
(Font)                  OT1/lmss/bx/n --> OT1/lmss/m/n on input line 410.
LaTeX Font Info:    Overwriting math alphabet `\mathsf' in version `bold'
(Font)                  OT1/lmss/m/n --> OT1/lmss/b/n on input line 412.
LaTeX Font Info:    Redeclaring math alphabet \mathit on input line 419.
LaTeX Font Info:    Overwriting math alphabet `\mathit' in version `normal'
(Font)                  OT1/lmr/m/it --> OT1/minntx/m/it on input line 419.
LaTeX Font Info:    Overwriting math alphabet `\mathit' in version `bold'
(Font)                  OT1/lmr/bx/it --> OT1/minntx/m/it on input line 419.
LaTeX Font Info:    Redeclaring math alphabet \mathtt on input line 420.
LaTeX Font Info:    Overwriting math alphabet `\mathtt' in version `normal'
(Font)                  OT1/lmtt/m/n --> T1/lmtt/m/n on input line 420.
LaTeX Font Info:    Overwriting math alphabet `\mathtt' in version `bold'
(Font)                  OT1/lmtt/m/n --> T1/lmtt/m/n on input line 420.
LaTeX Font Info:    Redeclaring math alphabet \mathbf on input line 422.
LaTeX Font Info:    Overwriting math alphabet `\mathbf' in version `normal'
(Font)                  OT1/lmr/bx/n --> OT1/minntx/b/n on input line 422.
LaTeX Font Info:    Overwriting math alphabet `\mathbf' in version `bold'
(Font)                  OT1/lmr/bx/n --> OT1/minntx/b/n on input line 422.
LaTeX Font Info:    Overwriting math alphabet `\mathit' in version `bold'
(Font)                  OT1/minntx/m/it --> OT1/minntx/b/it on input line 423.
LaTeX Font Info:    Overwriting math alphabet `\mathtt' in version `bold'
(Font)                  T1/lmtt/m/n --> T1/lmtt/b/n on input line 426.
LaTeX Font Info:    Redeclaring symbol font `letters' on input line 534.
LaTeX Font Info:    Overwriting symbol font `letters' in version `normal'
(Font)                  OML/lmm/m/it --> OML/ntxmi/m/it on input line 534.
LaTeX Font Info:    Overwriting symbol font `letters' in version `bold'
(Font)                  OML/lmm/b/it --> OML/ntxmi/m/it on input line 534.
LaTeX Font Info:    Overwriting symbol font `letters' in version `bold'
(Font)                  OML/ntxmi/m/it --> OML/ntxmi/b/it on input line 535.
\symlettersA=\mathgroup4
LaTeX Font Info:    Overwriting symbol font `lettersA' in version `bold'
(Font)                  U/ntxmia/m/it --> U/ntxmia/b/it on input line 582.
Now handling font encoding LMS ...
... no UTF-8 mapping file for font encoding LMS
LaTeX Font Info:    Redeclaring symbol font `symbols' on input line 604.
LaTeX Font Info:    Encoding `OMS' has changed to `LMS' for symbol font
(Font)              `symbols' in the math version `normal' on input line 604.
LaTeX Font Info:    Overwriting symbol font `symbols' in version `normal'
(Font)                  OMS/lmsy/m/n --> LMS/ntxsy/m/n on input line 604.
LaTeX Font Info:    Encoding `OMS' has changed to `LMS' for symbol font
(Font)              `symbols' in the math version `bold' on input line 604.
LaTeX Font Info:    Overwriting symbol font `symbols' in version `bold'
(Font)                  OMS/lmsy/b/n --> LMS/ntxsy/m/n on input line 604.
LaTeX Font Info:    Overwriting symbol font `symbols' in version `bold'
(Font)                  LMS/ntxsy/m/n --> LMS/ntxsy/b/n on input line 605.
\symAMSm=\mathgroup5
LaTeX Font Info:    Overwriting symbol font `AMSm' in version `bold'
(Font)                  U/ntxsym/m/n --> U/ntxsym/b/n on input line 630.
\symsymbolsC=\mathgroup6
LaTeX Font Info:    Overwriting symbol font `symbolsC' in version `bold'
(Font)                  U/ntxsyc/m/n --> U/ntxsyc/b/n on input line 651.
Now handling font encoding LMX ...
... no UTF-8 mapping file for font encoding LMX
LaTeX Font Info:    Redeclaring symbol font `largesymbols' on input line 664.
LaTeX Font Info:    Encoding `OMX' has changed to `LMX' for symbol font
(Font)              `largesymbols' in the math version `normal' on input line 6
64.
LaTeX Font Info:    Overwriting symbol font `largesymbols' in version `normal'
(Font)                  OMX/lmex/m/n --> LMX/ntxexx/m/n on input line 664.
LaTeX Font Info:    Encoding `OMX' has changed to `LMX' for symbol font
(Font)              `largesymbols' in the math version `bold' on input line 664
.
LaTeX Font Info:    Overwriting symbol font `largesymbols' in version `bold'
(Font)                  OMX/lmex/m/n --> LMX/ntxexx/m/n on input line 664.
LaTeX Font Info:    Overwriting symbol font `largesymbols' in version `bold'
(Font)                  LMX/ntxexx/m/n --> LMX/ntxexx/b/n on input line 665.
\symlargesymbolsTXA=\mathgroup7
LaTeX Font Info:    Overwriting symbol font `largesymbolsTXA' in version `bold'

(Font)                  U/ntxexa/m/n --> U/ntxexa/b/n on input line 679.
\tx@sbptoks=\toks37
LaTeX Font Info:    Redeclaring math delimiter \lfloor on input line 902.
LaTeX Font Info:    Redeclaring math delimiter \rfloor on input line 903.
LaTeX Font Info:    Redeclaring math delimiter \lceil on input line 904.
LaTeX Font Info:    Redeclaring math delimiter \rceil on input line 905.
LaTeX Font Info:    Redeclaring math delimiter \lbrace on input line 910.
LaTeX Font Info:    Redeclaring math delimiter \rbrace on input line 911.
LaTeX Font Info:    Redeclaring math delimiter \langle on input line 913.
LaTeX Font Info:    Redeclaring math delimiter \rangle on input line 915.
LaTeX Font Info:    Redeclaring math delimiter \arrowvert on input line 919.
LaTeX Font Info:    Redeclaring math delimiter \vert on input line 920.
LaTeX Font Info:    Redeclaring math symbol \hbar on input line 966.
LaTeX Font Info:    Redeclaring math accent \dot on input line 991.
LaTeX Font Info:    Redeclaring math accent \ddot on input line 992.
LaTeX Font Info:    Redeclaring math accent \vec on input line 2057.
LaTeX Info: Redefining \Bbbk on input line 2847.
LaTeX Info: Redefining \not on input line 2995.
) (C:\Users\augus\AppData\Local\Programs\MiKTeX\tex/latex/hyperref\hyperref.sty
Package: hyperref 2022-11-13 v7.00u Hypertext links for LaTeX
(C:\Users\augus\AppData\Local\Programs\MiKTeX\tex/generic/ltxcmds\ltxcmds.sty
Package: ltxcmds 2020-05-10 v1.25 LaTeX kernel commands for general use (HO)
)
(C:\Users\augus\AppData\Local\Programs\MiKTeX\tex/generic/pdftexcmds\pdftexcmds
.sty
Package: pdftexcmds 2020-06-27 v0.33 Utility functions of pdfTeX for LuaTeX (HO
)

(C:\Users\augus\AppData\Local\Programs\MiKTeX\tex/generic/infwarerr\infwarerr.s
ty
Package: infwarerr 2019/12/03 v1.5 Providing info/warning/error messages (HO)
)
Package pdftexcmds Info: \pdf@primitive is available.
Package pdftexcmds Info: \pdf@ifprimitive is available.
Package pdftexcmds Info: \pdfdraftmode found.
)
(C:\Users\augus\AppData\Local\Programs\MiKTeX\tex/latex/kvsetkeys\kvsetkeys.sty
Package: kvsetkeys 2022-10-05 v1.19 Key value parser (HO)
)
(C:\Users\augus\AppData\Local\Programs\MiKTeX\tex/generic/kvdefinekeys\kvdefine
keys.sty
Package: kvdefinekeys 2019-12-19 v1.6 Define keys (HO)
)
(C:\Users\augus\AppData\Local\Programs\MiKTeX\tex/generic/pdfescape\pdfescape.s
ty
Package: pdfescape 2019/12/09 v1.15 Implements pdfTeX's escape features (HO)
) (C:\Users\augus\AppData\Local\Programs\MiKTeX\tex/latex/hycolor\hycolor.sty
Package: hycolor 2020-01-27 v1.10 Color options for hyperref/bookmark (HO)
)
(C:\Users\augus\AppData\Local\Programs\MiKTeX\tex/latex/letltxmacro\letltxmacro
.sty
Package: letltxmacro 2019/12/03 v1.6 Let assignment for LaTeX macros (HO)
)
(C:\Users\augus\AppData\Local\Programs\MiKTeX\tex/latex/auxhook\auxhook.sty
Package: auxhook 2019-12-17 v1.6 Hooks for auxiliary files (HO)
)
(C:\Users\augus\AppData\Local\Programs\MiKTeX\tex/latex/hyperref\nameref.sty
Package: nameref 2022-05-17 v2.50 Cross-referencing by name of section

(C:\Users\augus\AppData\Local\Programs\MiKTeX\tex/latex/refcount\refcount.sty
Package: refcount 2019/12/15 v3.6 Data extraction from label references (HO)
)
(C:\Users\augus\AppData\Local\Programs\MiKTeX\tex/generic/gettitlestring\gettit
lestring.sty
Package: gettitlestring 2019/12/15 v1.6 Cleanup title references (HO)

(C:\Users\augus\AppData\Local\Programs\MiKTeX\tex/latex/kvoptions\kvoptions.sty
Package: kvoptions 2022-06-15 v3.15 Key value format for package options (HO)
))
\c@section@level=\count302
)
\@linkdim=\dimen182
\Hy@linkcounter=\count303
\Hy@pagecounter=\count304
 (C:\Users\augus\AppData\Local\Programs\MiKTeX\tex/latex/hyperref\pd1enc.def
File: pd1enc.def 2022-11-13 v7.00u Hyperref: PDFDocEncoding definition (HO)
Now handling font encoding PD1 ...
... no UTF-8 mapping file for font encoding PD1
) (C:\Users\augus\AppData\Local\Programs\MiKTeX\tex/generic/intcalc\intcalc.sty
Package: intcalc 2019/12/15 v1.3 Expandable calculations with integers (HO)
)
(C:\Users\augus\AppData\Local\Programs\MiKTeX\tex/generic/etexcmds\etexcmds.sty
Package: etexcmds 2019/12/15 v1.7 Avoid name clashes with e-TeX commands (HO)
)
\Hy@SavedSpaceFactor=\count305
 (C:\Users\augus\AppData\Local\Programs\MiKTeX\tex/latex/hyperref\puenc.def
File: puenc.def 2022-11-13 v7.00u Hyperref: PDF Unicode definition (HO)
Now handling font encoding PU ...
... no UTF-8 mapping file for font encoding PU
)
Package hyperref Info: Option `colorlinks' set `true' on input line 4045.
Package hyperref Info: Hyper figures OFF on input line 4162.
Package hyperref Info: Link nesting OFF on input line 4167.
Package hyperref Info: Hyper index ON on input line 4170.
Package hyperref Info: Plain pages OFF on input line 4177.
Package hyperref Info: Backreferencing OFF on input line 4182.
Package hyperref Info: Implicit mode ON; LaTeX internals redefined.
Package hyperref Info: Bookmarks ON on input line 4410.
\c@Hy@tempcnt=\count306

(C:\Users\augus\AppData\Local\Programs\MiKTeX\tex/latex/url\url.sty
\Urlmuskip=\muskip17
Package: url 2013/09/16  ver 3.4  Verb mode for urls, etc.
)
LaTeX Info: Redefining \url on input line 4748.
\XeTeXLinkMargin=\dimen183

(C:\Users\augus\AppData\Local\Programs\MiKTeX\tex/generic/bitset\bitset.sty
Package: bitset 2019/12/09 v1.3 Handle bit-vector datatype (HO)

(C:\Users\augus\AppData\Local\Programs\MiKTeX\tex/generic/bigintcalc\bigintcalc
.sty
Package: bigintcalc 2019/12/15 v1.5 Expandable calculations on big integers (HO
)
))
\Fld@menulength=\count307
\Field@Width=\dimen184
\Fld@charsize=\dimen185
Package hyperref Info: Hyper figures OFF on input line 6027.
Package hyperref Info: Link nesting OFF on input line 6032.
Package hyperref Info: Hyper index ON on input line 6035.
Package hyperref Info: backreferencing OFF on input line 6042.
Package hyperref Info: Link coloring ON on input line 6045.
Package hyperref Info: Link coloring with OCG OFF on input line 6052.
Package hyperref Info: PDF/A mode OFF on input line 6057.

(C:\Users\augus\AppData\Local\Programs\MiKTeX\tex/latex/base\atbegshi-ltx.sty
Package: atbegshi-ltx 2021/01/10 v1.0c Emulation of the original atbegshi
package with kernel methods
)
\Hy@abspage=\count308
\c@Item=\count309
\c@Hfootnote=\count310
)
Package hyperref Info: Driver (autodetected): hpdftex.
(C:\Users\augus\AppData\Local\Programs\MiKTeX\tex/latex/hyperref\hpdftex.def
File: hpdftex.def 2022-11-13 v7.00u Hyperref driver for pdfTeX

(C:\Users\augus\AppData\Local\Programs\MiKTeX\tex/latex/base\atveryend-ltx.sty
Package: atveryend-ltx 2020/08/19 v1.0a Emulation of the original atveryend pac
kage
with kernel methods
)
\Fld@listcount=\count311
\c@bookmark@seq@number=\count312

(C:\Users\augus\AppData\Local\Programs\MiKTeX\tex/latex/rerunfilecheck\rerunfil
echeck.sty
Package: rerunfilecheck 2022-07-10 v1.10 Rerun checks for auxiliary files (HO)

(C:\Users\augus\AppData\Local\Programs\MiKTeX\tex/generic/uniquecounter\uniquec
ounter.sty
Package: uniquecounter 2019/12/15 v1.4 Provide unlimited unique counter (HO)
)
Package uniquecounter Info: New unique counter `rerunfilecheck' on input line 2
85.
)
\Hy@SectionHShift=\skip57
)
\LeftFootSpace=\skip58
LaTeX Font Info:    Trying to load font information for T1+ntxtlf on input line
 28.

(C:\Users\augus\AppData\Local\Programs\MiKTeX\tex/latex/newtx\t1ntxtlf.fd
File: t1ntxtlf.fd 2021/05/24 v1.1 font definition file for T1/ntx/tlf
)
LaTeX Font Info:    Font shape `T1/ntxtlf/m/n' will be
(Font)              scaled to size 12.0pt on input line 28.

(ascexmpl-new.aux

LaTeX Warning: Label `' multiply defined.


LaTeX Warning: Label `' multiply defined.


LaTeX Warning: Label `' multiply defined.

)
\openout1 = `ascexmpl-new.aux'.

LaTeX Font Info:    Checking defaults for OML/ntxmi/m/it on input line 28.
LaTeX Font Info:    Trying to load font information for OML+ntxmi on input line
 28.
 (C:\Users\augus\AppData\Local\Programs\MiKTeX\tex/latex/newtx\omlntxmi.fd
File: omlntxmi.fd 2015/08/25 Fontinst v1.933 font definitions for OML/ntxmi.
)
LaTeX Font Info:    ... okay on input line 28.
LaTeX Font Info:    Checking defaults for OMS/cmsy/m/n on input line 28.
LaTeX Font Info:    ... okay on input line 28.
LaTeX Font Info:    Checking defaults for OT1/cmr/m/n on input line 28.
LaTeX Font Info:    ... okay on input line 28.
LaTeX Font Info:    Checking defaults for T1/cmr/m/n on input line 28.
LaTeX Font Info:    ... okay on input line 28.
LaTeX Font Info:    Checking defaults for TS1/cmr/m/n on input line 28.
LaTeX Font Info:    ... okay on input line 28.
LaTeX Font Info:    Checking defaults for OMX/cmex/m/n on input line 28.
LaTeX Font Info:    ... okay on input line 28.
LaTeX Font Info:    Checking defaults for U/ntxexa/m/n on input line 28.
LaTeX Font Info:    Trying to load font information for U+ntxexa on input line 
28.

(C:\Users\augus\AppData\Local\Programs\MiKTeX\tex/latex/newtx\untxexa.fd
File: untxexa.fd 2012/04/16 Fontinst v1.933 font definitions for U/ntxexa.
)
LaTeX Font Info:    ... okay on input line 28.
LaTeX Font Info:    Checking defaults for LMS/ntxsy/m/n on input line 28.
LaTeX Font Info:    Trying to load font information for LMS+ntxsy on input line
 28.

(C:\Users\augus\AppData\Local\Programs\MiKTeX\tex/latex/newtx\lmsntxsy.fd
File: lmsntxsy.fd 2016/07/02 Fontinst v1.933 font definitions for LMS/ntxsy.
)
LaTeX Font Info:    ... okay on input line 28.
LaTeX Font Info:    Checking defaults for LMX/ntxexx/m/n on input line 28.
LaTeX Font Info:    Trying to load font information for LMX+ntxexx on input lin
e 28.

(C:\Users\augus\AppData\Local\Programs\MiKTeX\tex/latex/newtx\lmxntxexx.fd
File: lmxntxexx.fd 2016/07/03 Fontinst v1.933 font definitions for LMX/ntxexx.
)
LaTeX Font Info:    ... okay on input line 28.
LaTeX Font Info:    Checking defaults for PD1/pdf/m/n on input line 28.
LaTeX Font Info:    ... okay on input line 28.
LaTeX Font Info:    Checking defaults for PU/pdf/m/n on input line 28.
LaTeX Font Info:    ... okay on input line 28.

*geometry* driver: auto-detecting
*geometry* detected driver: pdftex
*geometry* verbose mode - [ preamble ] result:
* pass: disregarded the geometry package!
* \paperwidth=614.295pt
* \paperheight=794.96999pt
* \textwidth=469.75499pt
* \textheight=650.43pt
* \oddsidemargin=0.0pt
* \evensidemargin=40.0pt
* \topmargin=0.0pt
* \headheight=0.0pt
* \headsep=0.0pt
* \topskip=12.0pt
* \footskip=36.135pt
* \marginparwidth=0.0pt
* \marginparsep=0.0pt
* \columnsep=10.0pt
* \skip\footins=10.8pt plus 4.0pt minus 2.0pt
* \hoffset=0.0pt
* \voffset=0.0pt
* \mag=1000
* \@twocolumnfalse
* \@twosidefalse
* \@mparswitchfalse
* \@reversemarginfalse
* (1in=72.27pt=25.4mm, 1cm=28.453pt)

(C:\Users\augus\AppData\Local\Programs\MiKTeX\tex/latex/endfloat\endfloat.sty
Package: endfloat 2019/04/15 v2.7 LaTeX2e package puts figures and tables at en
d (jdm)
\c@posttable=\count313
\efloat@postttt=\write3
\@ef@tttopen=\count314
\c@postfigure=\count315
\efloat@postfff=\write4
\@ef@fffopen=\count316
)
(C:\Users\augus\AppData\Local\Programs\MiKTeX\tex/latex/setspace\setspace.sty
Package: setspace 2022/12/04 v6.7b set line spacing
)
(C:\Users\augus\AppData\Local\Programs\MiKTeX\tex/latex/lineno\lineno.sty
Package: lineno 2023/05/20 line numbers on paragraphs v5.3
\linenopenalty=\count317
\output=\toks38
\linenoprevgraf=\count318
\linenumbersep=\dimen186
\linenumberwidth=\dimen187
\c@linenumber=\count319
\c@pagewiselinenumber=\count320
\c@LN@truepage=\count321
\c@internallinenumber=\count322
\c@internallinenumbers=\count323
\quotelinenumbersep=\dimen188
\bframerule=\dimen189
\bframesep=\dimen190
\bframebox=\box55
\linenoamsmath@ams@eqpen=\count324
LaTeX Info: Redefining \\ on input line 3180.
)
(C:\Users\augus\AppData\Local\Programs\MiKTeX\tex/context/base/mkii\supp-pdf.mk
ii
[Loading MPS to PDF converter (version 2006.09.02).]
\scratchcounter=\count325
\scratchdimen=\dimen191
\scratchbox=\box56
\nofMPsegments=\count326
\nofMParguments=\count327
\everyMPshowfont=\toks39
\MPscratchCnt=\count328
\MPscratchDim=\dimen192
\MPnumerator=\count329
\makeMPintoPDFobject=\count330
\everyMPtoPDFconversion=\toks40
)
(C:\Users\augus\AppData\Local\Programs\MiKTeX\tex/latex/epstopdf-pkg\epstopdf-b
ase.sty
Package: epstopdf-base 2020-01-24 v2.11 Base part for package epstopdf
Package epstopdf-base Info: Redefining graphics rule for `.eps' on input line 4
85.

(C:\Users\augus\AppData\Local\Programs\MiKTeX\tex/latex/00miktex\epstopdf-sys.c
fg
File: epstopdf-sys.cfg 2021/03/18 v2.0 Configuration of epstopdf for MiKTeX
))
Package caption Info: Begin \AtBeginDocument code.
Package caption Info: hyperref package is loaded.
Package caption Info: End \AtBeginDocument code.
LaTeX Info: Command `\dddot' is already robust on input line 28.
LaTeX Info: Command `\ddddot' is already robust on input line 28.
\c@mv@tabular=\count331
\c@mv@boldtabular=\count332
Package hyperref Info: Link coloring ON on input line 28.
 (ascexmpl-new.out) (ascexmpl-new.out)
\@outlinefile=\write5
\openout5 = `ascexmpl-new.out'.

LaTeX Font Info:    Font shape `T1/ntxtlf/m/n' will be
(Font)              scaled to size 14.4pt on input line 74.
LaTeX Font Info:    Font shape `T1/ntxtlf/b/n' will be
(Font)              scaled to size 14.4pt on input line 74.
LaTeX Font Info:    Font shape `T1/ntxtlf/m/n' will be
(Font)              scaled to size 6.0pt on input line 74.
LaTeX Font Info:    Trying to load font information for T1+lmss on input line 7
4.

(C:\Users\augus\AppData\Local\Programs\MiKTeX\tex/latex/lm\t1lmss.fd
File: t1lmss.fd 2015/05/01 v1.6.1 Font defs for Latin Modern
)
LaTeX Font Info:    Trying to load font information for OT1+minntx on input lin
e 74.

(C:\Users\augus\AppData\Local\Programs\MiKTeX\tex/latex/newtx\ot1minntx.fd
File: ot1minntx.fd 2023/09/09 v1.1 font definition file for OT1/minntx
)
LaTeX Font Info:    Font shape `OT1/minntx/m/n' will be
(Font)              scaled to size 12.0pt on input line 74.
LaTeX Font Info:    Font shape `OT1/minntx/m/n' will be
(Font)              scaled to size 8.8pt on input line 74.
LaTeX Font Info:    Font shape `OT1/minntx/m/n' will be
(Font)              scaled to size 6.6pt on input line 74.
LaTeX Font Info:    Font shape `OML/ntxmi/m/it' will be
(Font)              scaled to size 12.0pt on input line 74.
LaTeX Font Info:    Font shape `OML/ntxmi/m/it' will be
(Font)              scaled to size 8.8pt on input line 74.
LaTeX Font Info:    Font shape `OML/ntxmi/m/it' will be
(Font)              scaled to size 6.6pt on input line 74.
LaTeX Font Info:    Font shape `LMS/ntxsy/m/n' will be
(Font)              scaled to size 12.0pt on input line 74.
LaTeX Font Info:    Font shape `LMS/ntxsy/m/n' will be
(Font)              scaled to size 8.8pt on input line 74.
LaTeX Font Info:    Font shape `LMS/ntxsy/m/n' will be
(Font)              scaled to size 6.6pt on input line 74.
LaTeX Font Info:    Font shape `LMX/ntxexx/m/n' will be
(Font)              scaled to size 12.0pt on input line 74.
LaTeX Font Info:    Font shape `LMX/ntxexx/m/n' will be
(Font)              scaled to size 8.8pt on input line 74.
LaTeX Font Info:    Font shape `LMX/ntxexx/m/n' will be
(Font)              scaled to size 6.6pt on input line 74.
LaTeX Font Info:    Trying to load font information for U+ntxmia on input line 
74.

(C:\Users\augus\AppData\Local\Programs\MiKTeX\tex/latex/newtx\untxmia.fd
File: untxmia.fd 2024/04/09 Fontinst v1.933 font definitions for U/ntxmia.
)
LaTeX Font Info:    Font shape `U/ntxmia/m/it' will be
(Font)              scaled to size 12.0pt on input line 74.
LaTeX Font Info:    Font shape `U/ntxmia/m/it' will be
(Font)              scaled to size 8.8pt on input line 74.
LaTeX Font Info:    Font shape `U/ntxmia/m/it' will be
(Font)              scaled to size 6.6pt on input line 74.
LaTeX Font Info:    Trying to load font information for U+ntxsym on input line 
74.

(C:\Users\augus\AppData\Local\Programs\MiKTeX\tex/latex/newtx\untxsym.fd
File: untxsym.fd 2023/08/16 Fontinst v1.933 font definitions for U/ntxsym.
)
LaTeX Font Info:    Font shape `U/ntxsym/m/n' will be
(Font)              scaled to size 12.0pt on input line 74.
LaTeX Font Info:    Font shape `U/ntxsym/m/n' will be
(Font)              scaled to size 8.8pt on input line 74.
LaTeX Font Info:    Font shape `U/ntxsym/m/n' will be
(Font)              scaled to size 6.6pt on input line 74.
LaTeX Font Info:    Trying to load font information for U+ntxsyc on input line 
74.

(C:\Users\augus\AppData\Local\Programs\MiKTeX\tex/latex/newtx\untxsyc.fd
File: untxsyc.fd 2012/04/12 Fontinst v1.933 font definitions for U/ntxsyc.
)
LaTeX Font Info:    Font shape `U/ntxsyc/m/n' will be
(Font)              scaled to size 12.0pt on input line 74.
LaTeX Font Info:    Font shape `U/ntxsyc/m/n' will be
(Font)              scaled to size 8.8pt on input line 74.
LaTeX Font Info:    Font shape `U/ntxsyc/m/n' will be
(Font)              scaled to size 6.6pt on input line 74.
LaTeX Font Info:    Font shape `U/ntxexa/m/n' will be
(Font)              scaled to size 12.0pt on input line 74.
LaTeX Font Info:    Font shape `U/ntxexa/m/n' will be
(Font)              scaled to size 8.8pt on input line 74.
LaTeX Font Info:    Font shape `U/ntxexa/m/n' will be
(Font)              scaled to size 6.6pt on input line 74.
LaTeX Font Info:    Font shape `T1/ntxtlf/m/n' will be
(Font)              scaled to size 8.8pt on input line 74.
LaTeX Font Info:    Font shape `T1/ntxtlf/b/n' will be
(Font)              scaled to size 12.0pt on input line 76.

[1

{C:/Users/augus/AppData/Local/MiKTeX/fonts/map/pdftex/pdftex.map}] [2]
[3] [4] [5]
LaTeX Font Info:    Trying to load font information for TS1+ntxtlf on input lin
e 105.

(C:\Users\augus\AppData\Local\Programs\MiKTeX\tex/latex/newtx\ts1ntxtlf.fd
File: ts1ntxtlf.fd 2015/01/18 v1.0 fd file for TS1/ntxtlf
)
LaTeX Font Info:    Font shape `TS1/ntxtlf/m/n' will be
(Font)              scaled to size 12.0pt on input line 105.

[6] [7]
LaTeX Font Info:    Font shape `OT1/minntx/b/n' will be
(Font)              scaled to size 12.0pt on input line 130.
LaTeX Font Info:    Font shape `OT1/minntx/b/n' will be
(Font)              scaled to size 8.8pt on input line 130.
LaTeX Font Info:    Font shape `OT1/minntx/b/n' will be
(Font)              scaled to size 6.6pt on input line 130.
LaTeX Font Info:    Font shape `OML/ntxmi/b/it' will be
(Font)              scaled to size 12.0pt on input line 130.
LaTeX Font Info:    Font shape `OML/ntxmi/b/it' will be
(Font)              scaled to size 8.8pt on input line 130.
LaTeX Font Info:    Font shape `OML/ntxmi/b/it' will be
(Font)              scaled to size 6.6pt on input line 130.
LaTeX Font Info:    Font shape `LMS/ntxsy/b/n' will be
(Font)              scaled to size 12.0pt on input line 130.
LaTeX Font Info:    Font shape `LMS/ntxsy/b/n' will be
(Font)              scaled to size 8.8pt on input line 130.
LaTeX Font Info:    Font shape `LMS/ntxsy/b/n' will be
(Font)              scaled to size 6.6pt on input line 130.
LaTeX Font Info:    Font shape `LMX/ntxexx/b/n' will be
(Font)              scaled to size 12.0pt on input line 130.
LaTeX Font Info:    Font shape `LMX/ntxexx/b/n' will be
(Font)              scaled to size 8.8pt on input line 130.
LaTeX Font Info:    Font shape `LMX/ntxexx/b/n' will be
(Font)              scaled to size 6.6pt on input line 130.
LaTeX Font Info:    Font shape `U/ntxmia/b/it' will be
(Font)              scaled to size 12.0pt on input line 130.
LaTeX Font Info:    Font shape `U/ntxmia/b/it' will be
(Font)              scaled to size 8.8pt on input line 130.
LaTeX Font Info:    Font shape `U/ntxmia/b/it' will be
(Font)              scaled to size 6.6pt on input line 130.
LaTeX Font Info:    Font shape `U/ntxsym/b/n' will be
(Font)              scaled to size 12.0pt on input line 130.
LaTeX Font Info:    Font shape `U/ntxsym/b/n' will be
(Font)              scaled to size 8.8pt on input line 130.
LaTeX Font Info:    Font shape `U/ntxsym/b/n' will be
(Font)              scaled to size 6.6pt on input line 130.
LaTeX Font Info:    Font shape `U/ntxsyc/b/n' will be
(Font)              scaled to size 12.0pt on input line 130.
LaTeX Font Info:    Font shape `U/ntxsyc/b/n' will be
(Font)              scaled to size 8.8pt on input line 130.
LaTeX Font Info:    Font shape `U/ntxsyc/b/n' will be
(Font)              scaled to size 6.6pt on input line 130.
LaTeX Font Info:    Font shape `U/ntxexa/b/n' will be
(Font)              scaled to size 12.0pt on input line 130.
LaTeX Font Info:    Font shape `U/ntxexa/b/n' will be
(Font)              scaled to size 8.8pt on input line 130.
LaTeX Font Info:    Font shape `U/ntxexa/b/n' will be
(Font)              scaled to size 6.6pt on input line 130.
 [8]
\openout4 = `ascexmpl-new.fff'.

 (ascexmpl-new.fff)
LaTeX Font Info:    Font shape `T1/ntxtlf/m/n' will be
(Font)              scaled to size 6.6pt on input line 159.
 [9] [10] [11] [12] [13] [14]
\openout3 = `ascexmpl-new.ttt'.

 (ascexmpl-new.ttt)
[15] [16] [17] [18] [19] [20] [21] [22] [23] [24] [25] [26] [27] [28] [29]
[30] (ascexmpl-new.bbl
LaTeX Font Info:    Font shape `T1/ntxtlf/m/it' will be
(Font)              scaled to size 12.0pt on input line 6.
 [31] [32] [33] [34] [35]
Underfull \hbox (badness 6944) in paragraph at lines 284--288
[]\T1/ntxtlf/m/n/12 Nyren, R. (1998). ``Field mea-sure-ments above twin tun-nel
s in Lon-don Clay.''
 []


Underfull \hbox (badness 1902) in paragraph at lines 284--288
\T1/ntxtlf/m/n/12 Ph.D. The-sis, Im-pe-rial Col-lege Lon-don (Uni-ver-sity of L
on-don), Lon-don, Eng-land,
 []


Underfull \hbox (badness 1975) in paragraph at lines 334--339
[]\T1/ntxtlf/m/n/12 Quevedo, F. P. M. (2021). ``Análise com-puta-cional das de-
for-mações em túneis pro-
 []


Underfull \hbox (badness 2486) in paragraph at lines 334--339
\T1/ntxtlf/m/n/12 fun-dos con-siderando o acopla-mento plasticidade-viscoplasti
cidade.'' Ph.D. The-sis (in
 []


Underfull \hbox (badness 4927) in paragraph at lines 334--339
\T1/ntxtlf/m/n/12 por-tuguese), Fed-eral Uni-ver-sity of Rio Grande do Sul, Por
to Ale-gre, Brazil,
 []

[36] [37]) AED endfloat: Processing end Figures and Tables [38]
(ascexmpl-new.ttt
LaTeX Font Info:    Font shape `T1/ntxtlf/m/n' will be
(Font)              scaled to size 10.0pt on input line 27.
LaTeX Font Info:    Font shape `OT1/minntx/m/n' will be
(Font)              scaled to size 10.0pt on input line 27.
LaTeX Font Info:    Font shape `OT1/minntx/m/n' will be
(Font)              scaled to size 7.3pt on input line 27.
LaTeX Font Info:    Font shape `OT1/minntx/m/n' will be
(Font)              scaled to size 5.5pt on input line 27.
LaTeX Font Info:    Font shape `OML/ntxmi/m/it' will be
(Font)              scaled to size 10.0pt on input line 27.
LaTeX Font Info:    Font shape `OML/ntxmi/m/it' will be
(Font)              scaled to size 7.3pt on input line 27.
LaTeX Font Info:    Font shape `OML/ntxmi/m/it' will be
(Font)              scaled to size 5.5pt on input line 27.
LaTeX Font Info:    Font shape `LMS/ntxsy/m/n' will be
(Font)              scaled to size 10.0pt on input line 27.
LaTeX Font Info:    Font shape `LMS/ntxsy/m/n' will be
(Font)              scaled to size 7.3pt on input line 27.
LaTeX Font Info:    Font shape `LMS/ntxsy/m/n' will be
(Font)              scaled to size 5.5pt on input line 27.
LaTeX Font Info:    Font shape `LMX/ntxexx/m/n' will be
(Font)              scaled to size 10.0pt on input line 27.
LaTeX Font Info:    Font shape `LMX/ntxexx/m/n' will be
(Font)              scaled to size 7.3pt on input line 27.
LaTeX Font Info:    Font shape `LMX/ntxexx/m/n' will be
(Font)              scaled to size 5.5pt on input line 27.
LaTeX Font Info:    Font shape `U/ntxmia/m/it' will be
(Font)              scaled to size 10.0pt on input line 27.
LaTeX Font Info:    Font shape `U/ntxmia/m/it' will be
(Font)              scaled to size 7.3pt on input line 27.
LaTeX Font Info:    Font shape `U/ntxmia/m/it' will be
(Font)              scaled to size 5.5pt on input line 27.
LaTeX Font Info:    Font shape `U/ntxsym/m/n' will be
(Font)              scaled to size 10.0pt on input line 27.
LaTeX Font Info:    Font shape `U/ntxsym/m/n' will be
(Font)              scaled to size 7.3pt on input line 27.
LaTeX Font Info:    Font shape `U/ntxsym/m/n' will be
(Font)              scaled to size 5.5pt on input line 27.
LaTeX Font Info:    Font shape `U/ntxsyc/m/n' will be
(Font)              scaled to size 10.0pt on input line 27.
LaTeX Font Info:    Font shape `U/ntxsyc/m/n' will be
(Font)              scaled to size 7.3pt on input line 27.
LaTeX Font Info:    Font shape `U/ntxsyc/m/n' will be
(Font)              scaled to size 5.5pt on input line 27.
LaTeX Font Info:    Font shape `U/ntxexa/m/n' will be
(Font)              scaled to size 10.0pt on input line 27.
LaTeX Font Info:    Font shape `U/ntxexa/m/n' will be
(Font)              scaled to size 7.3pt on input line 27.
LaTeX Font Info:    Font shape `U/ntxexa/m/n' will be
(Font)              scaled to size 5.5pt on input line 27.
LaTeX Font Info:    Font shape `T1/ntxtlf/m/n' will be
(Font)              scaled to size 7.3pt on input line 27.
 [39] [40



]) [41

] (ascexmpl-new.fff
<Rheological representation.pdf, id=566, 306.86569pt x 170.44194pt>
File: Rheological representation.pdf Graphic file (type pdf)
<use Rheological representation.pdf>
Package pdftex.def Info: Rheological representation.pdf  used on input line 3.
(pdftex.def)             Requested size: 306.86493pt x 170.44151pt.
 [42


 <./Rheological representation.pdf>]
<Elastic-plastic-viscoplastic domains.pdf, id=576, 341.08398pt x 213.32077pt>
File: Elastic-plastic-viscoplastic domains.pdf Graphic file (type pdf)
<use Elastic-plastic-viscoplastic domains.pdf>
Package pdftex.def Info: Elastic-plastic-viscoplastic domains.pdf  used on inpu
t line 11.
(pdftex.def)             Requested size: 272.86755pt x 170.65683pt.
 [43

 <./Elastic-plastic-viscoplastic domains.pdf>]
<Rheological_representation_concrete.pdf, id=613, 435.82964pt x 162.71996pt>
File: Rheological_representation_concrete.pdf Graphic file (type pdf)
<use Rheological_representation_concrete.pdf>
Package pdftex.def Info: Rheological_representation_concrete.pdf  used on input
 line 19.
(pdftex.def)             Requested size: 435.82857pt x 162.71954pt.
 [44

 <./Rheological_representation_concrete.pdf>]
<Domain.pdf, id=629, 415.02281pt x 129.6322pt>
File: Domain.pdf Graphic file (type pdf)
<use Domain.pdf>
Package pdftex.def Info: Domain.pdf  used on input line 27.
(pdftex.def)             Requested size: 415.02179pt x 129.63188pt.
 [45

 <./Domain.pdf>]
<Mesh1.pdf, id=680, 677.70567pt x 531.0825pt>
File: Mesh1.pdf Graphic file (type pdf)
<use Mesh1.pdf>
Package pdftex.def Info: Mesh1.pdf  used on input line 35.
(pdftex.def)             Requested size: 338.852pt x 265.54059pt.
 [46

 <./Mesh1.pdf>]
<Mesh2.pdf, id=694, 290.57947pt x 205.54703pt>
File: Mesh2.pdf Graphic file (type pdf)
<use Mesh2.pdf>
Package pdftex.def Info: Mesh2.pdf  used on input line 43.
(pdftex.def)             Requested size: 232.46388pt x 164.43782pt.

[47

 <./Mesh2.pdf>]
<Mesh3.pdf, id=715, 545.45775pt x 274.00345pt>
File: Mesh3.pdf Graphic file (type pdf)
<use Mesh3.pdf>
Package pdftex.def Info: Mesh3.pdf  used on input line 51.
(pdftex.def)             Requested size: 436.36678pt x 219.20305pt.
 [48

 <./Mesh3.pdf>]
<Mesh4.pdf, id=737, 486.81274pt x 437.76105pt>
File: Mesh4.pdf Graphic file (type pdf)
<use Mesh4.pdf>
Package pdftex.def Info: Mesh4.pdf  used on input line 59.
(pdftex.def)             Requested size: 292.08989pt x 262.65865pt.
 [49

 <./Mesh4.pdf>]
<Mesh5.pdf, id=760, 465.05559pt x 435.00398pt>
File: Mesh5.pdf Graphic file (type pdf)
<use Mesh5.pdf>
Package pdftex.def Info: Mesh5.pdf  used on input line 67.
(pdftex.def)             Requested size: 279.03549pt x 261.0044pt.
 [50

 <./Mesh5.pdf>]
<Mesh6.pdf, id=782, 459.33456pt x 498.24783pt>
File: Mesh6.pdf Graphic file (type pdf)
<use Mesh6.pdf>
Package pdftex.def Info: Mesh6.pdf  used on input line 75.
(pdftex.def)             Requested size: 275.60286pt x 298.951pt.

[51

 <./Mesh6.pdf>]
<Diagram of excavations.pdf, id=809, 326.31583pt x 150.96735pt>
File: Diagram of excavations.pdf Graphic file (type pdf)
<use Diagram of excavations.pdf>
Package pdftex.def Info: Diagram of excavations.pdf  used on input line 83.
(pdftex.def)             Requested size: 424.21051pt x 196.25752pt.
 [52

 <./Diagram of excavations.pdf>]
<GUO_FIG0.pdf, id=823, 268.28249pt x 259.401pt>
File: GUO_FIG0.pdf Graphic file (type pdf)
<use GUO_FIG0.pdf>
Package pdftex.def Info: GUO_FIG0.pdf  used on input line 91.
(pdftex.def)             Requested size: 187.79645pt x 181.57945pt.
 [53

 <./GUO_FIG0.pdf>]
<Convergence Profiles in B.pdf, id=830, 570.13pt x 340.27126pt>
File: Convergence Profiles in B.pdf Graphic file (type pdf)
<use Convergence Profiles in B.pdf>
Package pdftex.def Info: Convergence Profiles in B.pdf  used on input line 99.
(pdftex.def)             Requested size: 370.58011pt x 221.17369pt.

[54

 <./Convergence Profiles in B.pdf>]
<Relationship between Convergence in B and A.pdf, id=1116, 573.14125pt x 340.27
126pt>
File: Relationship between Convergence in B and A.pdf Graphic file (type pdf)
<use Relationship between Convergence in B and A.pdf>
Package pdftex.def Info: Relationship between Convergence in B and A.pdf  used 
on input line 107.
(pdftex.def)             Requested size: 372.5374pt x 221.17369pt.
 [55

 <./Relationship between Convergence in B and A.pdf>]
<Tangencial stress concentration factor in A.pdf, id=1475, 588.1975pt x 340.271
26pt>
File: Tangencial stress concentration factor in A.pdf Graphic file (type pdf)
<use Tangencial stress concentration factor in A.pdf>
Package pdftex.def Info: Tangencial stress concentration factor in A.pdf  used 
on input line 115.
(pdftex.def)             Requested size: 382.32384pt x 221.17369pt.
 [56

 <./Tangencial stress concentration factor in A.pdf>]
<GUO_FIG1.pdf, id=1899, 282.92361pt x 174.32298pt>
File: GUO_FIG1.pdf Graphic file (type pdf)
<use GUO_FIG1.pdf>
Package pdftex.def Info: GUO_FIG1.pdf  used on input line 123.
(pdftex.def)             Requested size: 282.92291pt x 174.32254pt.

[57

 <./GUO_FIG1.pdf>]
<MA_Convergence Profiles in B.pdf, id=1922, 570.13pt x 340.27126pt>
File: MA_Convergence Profiles in B.pdf Graphic file (type pdf)
<use MA_Convergence Profiles in B.pdf>
Package pdftex.def Info: MA_Convergence Profiles in B.pdf  used on input line 1
31.
(pdftex.def)             Requested size: 370.58011pt x 221.17369pt.
 [58

 <./MA_Convergence Profiles in B.pdf>]
<MA_Relationship between Convergence in B and A.pdf, id=2220, 588.1975pt x 340.
27126pt>
File: MA_Relationship between Convergence in B and A.pdf Graphic file (type pdf
)
<use MA_Relationship between Convergence in B and A.pdf>
Package pdftex.def Info: MA_Relationship between Convergence in B and A.pdf  us
ed on input line 139.
(pdftex.def)             Requested size: 382.32384pt x 221.17369pt.
 [59

 <./MA_Relationship between Convergence in B and A.pdf>]
<MA_Comparisions_plastic_zones.pdf, id=2590, 659.32217pt x 400.0251pt>
File: MA_Comparisions_plastic_zones.pdf Graphic file (type pdf)
<use MA_Comparisions_plastic_zones.pdf>
Package pdftex.def Info: MA_Comparisions_plastic_zones.pdf  used on input line 
147.
(pdftex.def)             Requested size: 461.52238pt x 280.01564pt.
 [60

 <./MA_Comparisions_plastic_zones.pdf>]
<MA_stresspaths.pdf, id=2951, 657.88791pt x 677.71976pt>
File: MA_stresspaths.pdf Graphic file (type pdf)
<use MA_stresspaths.pdf>
Package pdftex.def Info: MA_stresspaths.pdf  used on input line 155.
(pdftex.def)             Requested size: 394.7358pt x 406.63498pt.
 [61

 <./MA_stresspaths.pdf>]
<Ovalization effect and monitoring point.pdf, id=6100, 453.695pt x 345.29pt>
File: Ovalization effect and monitoring point.pdf Graphic file (type pdf)
<use Ovalization effect and monitoring point.pdf>
Package pdftex.def Info: Ovalization effect and monitoring point.pdf  used on i
nput line 163.
(pdftex.def)             Requested size: 226.84694pt x 172.64456pt.
 [62

 <./Ovalization effect and monitoring point.pdf>]
<zones.pdf, id=6173, 521.77295pt x 320.23767pt>
File: zones.pdf Graphic file (type pdf)
<use zones.pdf>
Package pdftex.def Info: zones.pdf  used on input line 171.
(pdftex.def)             Requested size: 313.06618pt x 192.14407pt.
 [63

 <./zones.pdf>]
<Convergence Profiles - WG_ST_LT - $d_1=16R_i$_anotate.pdf, id=6205, 487.8225pt
 x 271.0125pt>
File: Convergence Profiles - WG_ST_LT - $d_1=16R_i$_anotate.pdf Graphic file (t
ype pdf)
<use Convergence Profiles - WG_ST_LT - $d_1=16R_i$_anotate.pdf>
Package pdftex.def Info: Convergence Profiles - WG_ST_LT - $d_1=16R_i$_anotate.
pdf  used on input line 179.
(pdftex.def)             Requested size: 439.0362pt x 243.90898pt.
 [64

 <./Convergence Profiles - WG_ST_LT - $d_1=16R_i$_anotate.pdf>]
<Convergence Profiles - WG_ST_LT - $d_1=8R_i$_anotate.pdf, id=6461, 487.8225pt 
x 271.0125pt>
File: Convergence Profiles - WG_ST_LT - $d_1=8R_i$_anotate.pdf Graphic file (ty
pe pdf)
<use Convergence Profiles - WG_ST_LT - $d_1=8R_i$_anotate.pdf>
Package pdftex.def Info: Convergence Profiles - WG_ST_LT - $d_1=8R_i$_anotate.p
df  used on input line 187.
(pdftex.def)             Requested size: 439.0362pt x 243.90898pt.
 [65

 <./Convergence Profiles - WG_ST_LT - $d_1=8R_i$_anotate.pdf>]
<Convergence Profiles - WG_ST_LT - $d_1=4R_i$_anotate.pdf, id=6717, 487.8225pt 
x 271.0125pt>
File: Convergence Profiles - WG_ST_LT - $d_1=4R_i$_anotate.pdf Graphic file (ty
pe pdf)
<use Convergence Profiles - WG_ST_LT - $d_1=4R_i$_anotate.pdf>
Package pdftex.def Info: Convergence Profiles - WG_ST_LT - $d_1=4R_i$_anotate.p
df  used on input line 196.
(pdftex.def)             Requested size: 439.0362pt x 243.90898pt.
 [66

 <./Convergence Profiles - WG_ST_LT - $d_1=4R_i$_anotate.pdf>]
<ovalization.pdf, id=6973, 748.71045pt x 832.81702pt>
File: ovalization.pdf Graphic file (type pdf)
<use ovalization.pdf>
Package pdftex.def Info: ovalization.pdf  used on input line 204.
(pdftex.def)             Requested size: 299.47887pt x 333.1209pt.
 [67

 <./ovalization.pdf>]
<Convergence Profiles - UB - UAUB - $d_1=4R_t - ST_Lt$.pdf, id=7041, 653.53915p
t x 406.73724pt>
File: Convergence Profiles - UB - UAUB - $d_1=4R_t - ST_Lt$.pdf Graphic file (t
ype pdf)
<use Convergence Profiles - UB - UAUB - $d_1=4R_t - ST_Lt$.pdf>
Package pdftex.def Info: Convergence Profiles - UB - UAUB - $d_1=4R_t - ST_Lt$.
pdf  used on input line 212.
(pdftex.def)             Requested size: 424.79541pt x 264.37607pt.
 [68

 <./Convergence Profiles - UB - UAUB - $d_1=4R_t - ST_Lt$.pdf>]
<Convergence Profiles - VP_EPVP_EL_VEL_WG_LT_anotate.pdf, id=7453, 487.8225pt x
 271.0125pt>
File: Convergence Profiles - VP_EPVP_EL_VEL_WG_LT_anotate.pdf Graphic file (typ
e pdf)
<use Convergence Profiles - VP_EPVP_EL_VEL_WG_LT_anotate.pdf>
Package pdftex.def Info: Convergence Profiles - VP_EPVP_EL_VEL_WG_LT_anotate.pd
f  used on input line 220.
(pdftex.def)             Requested size: 439.0362pt x 243.90898pt.
 [69

 <./Convergence Profiles - VP_EPVP_EL_VEL_WG_LT_anotate.pdf>]
<Convergence Profiles - EP_EL_EPVP_VEL_WG_ST_LT_anotate.pdf, id=7733, 487.8225p
t x 271.0125pt>
File: Convergence Profiles - EP_EL_EPVP_VEL_WG_ST_LT_anotate.pdf Graphic file (
type pdf)
<use Convergence Profiles - EP_EL_EPVP_VEL_WG_ST_LT_anotate.pdf>
Package pdftex.def Info: Convergence Profiles - EP_EL_EPVP_VEL_WG_ST_LT_anotate
.pdf  used on input line 228.
(pdftex.def)             Requested size: 439.0362pt x 243.90898pt.
 [70

 <./Convergence Profiles - EP_EL_EPVP_VEL_WG_ST_LT_anotate.pdf>]
<Convergence Profiles - EP_d1_16Ri_anotate.pdf, id=8013, 487.8225pt x 271.0125p
t>
File: Convergence Profiles - EP_d1_16Ri_anotate.pdf Graphic file (type pdf)
<use Convergence Profiles - EP_d1_16Ri_anotate.pdf>
Package pdftex.def Info: Convergence Profiles - EP_d1_16Ri_anotate.pdf  used on
 input line 236.
(pdftex.def)             Requested size: 439.0362pt x 243.90898pt.
 [71

 <./Convergence Profiles - EP_d1_16Ri_anotate.pdf>]
<Convergence Profiles - EP_d1_4Ri_anotate.pdf, id=8260, 487.8225pt x 271.0125pt
>
File: Convergence Profiles - EP_d1_4Ri_anotate.pdf Graphic file (type pdf)
<use Convergence Profiles - EP_d1_4Ri_anotate.pdf>
Package pdftex.def Info: Convergence Profiles - EP_d1_4Ri_anotate.pdf  used on 
input line 244.
(pdftex.def)             Requested size: 439.0362pt x 243.90898pt.
 [72

 <./Convergence Profiles - EP_d1_4Ri_anotate.pdf>]
<Convergence Profiles - EPVP_VEL_d1_16Ri_anotate.pdf, id=8507, 487.8225pt x 271
.0125pt>
File: Convergence Profiles - EPVP_VEL_d1_16Ri_anotate.pdf Graphic file (type pd
f)
<use Convergence Profiles - EPVP_VEL_d1_16Ri_anotate.pdf>
Package pdftex.def Info: Convergence Profiles - EPVP_VEL_d1_16Ri_anotate.pdf  u
sed on input line 252.
(pdftex.def)             Requested size: 439.0362pt x 243.90898pt.
 [73

 <./Convergence Profiles - EPVP_VEL_d1_16Ri_anotate.pdf>]
<Convergence Profiles - EPVP_VEL_d1_4Ri_anotate.pdf, id=8737, 487.8225pt x 271.
0125pt>
File: Convergence Profiles - EPVP_VEL_d1_4Ri_anotate.pdf Graphic file (type pdf
)
<use Convergence Profiles - EPVP_VEL_d1_4Ri_anotate.pdf>
Package pdftex.def Info: Convergence Profiles - EPVP_VEL_d1_4Ri_anotate.pdf  us
ed on input line 260.
(pdftex.def)             Requested size: 439.0362pt x 243.90898pt.
 [74

 <./Convergence Profiles - EPVP_VEL_d1_4Ri_anotate.pdf>]
<Convergence Profiles - EPVP_EL_VEL_d1_16Ri_anotate.pdf, id=8966, 487.8225pt x 
271.0125pt>
File: Convergence Profiles - EPVP_EL_VEL_d1_16Ri_anotate.pdf Graphic file (type
 pdf)
<use Convergence Profiles - EPVP_EL_VEL_d1_16Ri_anotate.pdf>
Package pdftex.def Info: Convergence Profiles - EPVP_EL_VEL_d1_16Ri_anotate.pdf
  used on input line 268.
(pdftex.def)             Requested size: 439.0362pt x 243.90898pt.
 [75

 <./Convergence Profiles - EPVP_EL_VEL_d1_16Ri_anotate.pdf>]
<Convergence Profiles - EPVP_EL_VEL_d1_4Ri_anotate.pdf, id=9196, 487.8225pt x 2
71.0125pt>
File: Convergence Profiles - EPVP_EL_VEL_d1_4Ri_anotate.pdf Graphic file (type 
pdf)
<use Convergence Profiles - EPVP_EL_VEL_d1_4Ri_anotate.pdf>
Package pdftex.def Info: Convergence Profiles - EPVP_EL_VEL_d1_4Ri_anotate.pdf 
 used on input line 276.
(pdftex.def)             Requested size: 439.0362pt x 243.90898pt.
) [76

 <./Convergence Profiles - EPVP_EL_VEL_d1_4Ri_anotate.pdf>] (ascexmpl-new.aux)

LaTeX Warning: There were multiply-defined labels.

Package rerunfilecheck Info: File `ascexmpl-new.out' has not changed.
(rerunfilecheck)             Checksum: 5641591080396BC976988684B4A503AD;1745.
 ) 
Here is how much of TeX's memory you used:
 17384 strings out of 476404
 279255 string characters out of 2789525
 1864324 words of memory out of 3000000
 37197 multiletter control sequences out of 15000+600000
 594709 words of font info for 147 fonts, out of 8000000 for 9000
 1141 hyphenation exceptions out of 8191
 75i,16n,77p,2567b,591s stack positions out of 10000i,1000n,20000p,200000b,80000s

pdfTeX warning (dest): name{Hfootnote.1} has been referenced but does not exist
, replaced by a fixed one

{C:/Users/augus/AppData/Local/Programs/MiKTeX/fonts/enc/dvips/newtx/ntx-ec-tlf.
enc}{C:/Users/augus/AppData/Local/Programs/MiKTeX/fonts/enc/dvips/newtx/ntx-ot1
-tlf.enc}{C:/Users/augus/AppData/Local/Programs/MiKTeX/fonts/enc/dvips/tex-gyre
/q-ts1.enc}{C:/Users/augus/AppData/Local/Programs/MiKTeX/fonts/enc/dvips/lm/lm-
ec.enc}<C:/Users/augus/AppData/Local/Programs/MiKTeX/fonts/type1/public/newtx/N
ewTXBMI.pfb><C:/Users/augus/AppData/Local/Programs/MiKTeX/fonts/type1/public/ne
wtx/NewTXMI.pfb><C:/Users/augus/AppData/Local/Programs/MiKTeX/fonts/type1/publi
c/newtx/NewTXMI7.pfb><C:/Users/augus/AppData/Local/Programs/MiKTeX/fonts/type1/
public/lm/lmss8.pfb><C:/Users/augus/AppData/Local/Programs/MiKTeX/fonts/type1/p
ublic/lm/lmssbx10.pfb><C:/Users/augus/AppData/Local/Programs/MiKTeX/fonts/type1
/public/tex-gyre/qtmr.pfb><C:/Users/augus/AppData/Local/Programs/MiKTeX/fonts/t
ype1/public/newtx/txbsys.pfb><C:/Users/augus/AppData/Local/Programs/MiKTeX/font
s/type1/public/newtx/txexs.pfb><C:/Users/augus/AppData/Local/Programs/MiKTeX/fo
nts/type1/public/newtx/txmiaX.pfb><C:/Users/augus/AppData/Local/Programs/MiKTeX
/fonts/type1/public/newtx/txsys.pfb><C:/Users/augus/AppData/Local/Programs/MiKT
eX/fonts/type1/public/newtx/ztmb.pfb><C:/Users/augus/AppData/Local/Programs/MiK
TeX/fonts/type1/public/newtx/ztmr.pfb><C:/Users/augus/AppData/Local/Programs/Mi
KTeX/fonts/type1/public/newtx/ztmri.pfb>
Output written on ascexmpl-new.pdf (76 pages, 4147515 bytes).
PDF statistics:
 9536 PDF objects out of 10688 (max. 8388607)
 212 named destinations out of 1000 (max. 500000)
 224 words of extra memory for PDF output out of 10000 (max. 10000000)

