/COM,ANSYS RELEASE 2022 R1           BUILD 22.1      UP20211129       21:25:46

 *** WARNING ***                         CP =       0.891   TIME= 21:25:51
 Shape testing revealed that 7 of the 15 new or modified elements        
 violate shape warning limits.  To review test results, please see the   
 output file or issue the CHECK command.                                 

 *** WARNING ***                         CP =       1.016   TIME= 21:25:51
 Overlapping elements will be generated due to zero node increment.      

 *** WARNING ***                         CP =       1.297   TIME= 21:25:51
 Overlapping elements will be generated due to zero node increment.      

 *** WARNING ***                         CP =       1.453   TIME= 21:25:51
 Previous testing revealed that 7 of the 3212 selected elements violate  
 shape warning limits.  To review warning messages, please see the       
 output or error file, or issue the CHECK command.                       

 *** WARNING ***                         CP =       1.484   TIME= 21:25:51
 ANSYS,INC.-supplied version of coding for USERCK has been used.         

 *** WARNING ***                         CP =       1.484   TIME= 21:25:51
 ANSYS,INC.-supplied version of coding for USERCK has been used.         

 *** WARNING ***                         CP =       1.484   TIME= 21:25:51
 ANSYS,INC.-supplied version of coding for USERCK has been used.         

 *** WARNING ***                         CP =       1.484   TIME= 21:25:51
 ANSYS,INC.-supplied version of coding for USERCK has been used.         

 *** WARNING ***                         CP =       1.484   TIME= 21:25:51
 ANSYS,INC.-supplied version of coding for USERCK has been used.         

 *** WARNING ***                         CP =       1.484   TIME= 21:25:51
 ANSYS,INC.-supplied version of coding for USERCK has been used.         

 *** WARNING ***                         CP =       1.484   TIME= 21:25:51
 ANSYS,INC.-supplied version of coding for USERCK has been used.         

 *** WARNING ***                         CP =       1.484   TIME= 21:25:51
 ANSYS,INC.-supplied version of coding for USERCK has been used.         

 *** WARNING ***                         CP =       1.484   TIME= 21:25:51
 ANSYS,INC.-supplied version of coding for USERCK has been used.         

 *** WARNING ***                         CP =       1.484   TIME= 21:25:51
 ANSYS,INC.-supplied version of coding for USERCK has been used.         

 *** WARNING ***                         CP =       1.484   TIME= 21:25:51
 ANSYS,INC.-supplied version of coding for USERCK has been used.         

 *** WARNING ***                         CP =       1.484   TIME= 21:25:51
 ANSYS,INC.-supplied version of coding for USERCK has been used.         

 *** WARNING ***                         CP =       1.484   TIME= 21:25:51
 ANSYS,INC.-supplied version of coding for USERCK has been used.         

 *** WARNING ***                         CP =       1.484   TIME= 21:25:51
 ANSYS,INC.-supplied version of coding for USERCK has been used.         

 *** WARNING ***                         CP =       1.484   TIME= 21:25:51
 ANSYS,INC.-supplied version of coding for USERCK has been used.         

 *** WARNING ***                         CP =       1.484   TIME= 21:25:51
 ANSYS,INC.-supplied version of coding for USERCK has been used.         

 *** WARNING ***                         CP =       1.484   TIME= 21:25:51
 ANSYS,INC.-supplied version of coding for USERCK has been used.         

 *** WARNING ***                         CP =       1.484   TIME= 21:25:51
 ANSYS,INC.-supplied version of coding for USERCK has been used.         

 *** WARNING ***                         CP =       1.484   TIME= 21:25:51
 ANSYS,INC.-supplied version of coding for USERCK has been used.         

 *** WARNING ***                         CP =       1.484   TIME= 21:25:51
 ANSYS,INC.-supplied version of coding for USERCK has been used.         

 *** WARNING ***                         CP =       1.484   TIME= 21:25:51
 ANSYS,INC.-supplied version of coding for USERCK has been used.         

 *** WARNING ***                         CP =       1.484   TIME= 21:25:51
 ANSYS,INC.-supplied version of coding for USERCK has been used.         

 *** WARNING ***                         CP =       1.484   TIME= 21:25:51
 ANSYS,INC.-supplied version of coding for USERCK has been used.         

 *** WARNING ***                         CP =       1.484   TIME= 21:25:51
 ANSYS,INC.-supplied version of coding for USERCK has been used.         

 *** WARNING ***                         CP =       1.484   TIME= 21:25:51
 ANSYS,INC.-supplied version of coding for USERCK has been used.         

 *** WARNING ***                         CP =       1.484   TIME= 21:25:51
 ANSYS,INC.-supplied version of coding for USERCK has been used.         

 *** WARNING ***                         CP =       1.484   TIME= 21:25:51
 ANSYS,INC.-supplied version of coding for USERCK has been used.         

 *** WARNING ***                         CP =       1.484   TIME= 21:25:51
 ANSYS,INC.-supplied version of coding for USERCK has been used.         

 *** WARNING ***                         CP =       1.484   TIME= 21:25:51
 ANSYS,INC.-supplied version of coding for USERCK has been used.         

 *** WARNING ***                         CP =       1.484   TIME= 21:25:51
 ANSYS,INC.-supplied version of coding for USERCK has been used.         

 *** WARNING ***                         CP =       1.484   TIME= 21:25:51
 ANSYS,INC.-supplied version of coding for USERCK has been used.         

 *** WARNING ***                         CP =       1.484   TIME= 21:25:51
 ANSYS,INC.-supplied version of coding for USERCK has been used.         

 *** WARNING ***                         CP =       1.484   TIME= 21:25:51
 ANSYS,INC.-supplied version of coding for USERCK has been used.         

 *** WARNING ***                         CP =       1.484   TIME= 21:25:51
 ANSYS,INC.-supplied version of coding for USERCK has been used.         

 *** WARNING ***                         CP =       1.484   TIME= 21:25:51
 ANSYS,INC.-supplied version of coding for USERCK has been used.         

 *** WARNING ***                         CP =       1.484   TIME= 21:25:51
 ANSYS,INC.-supplied version of coding for USERCK has been used.         

 *** WARNING ***                         CP =       1.484   TIME= 21:25:51
 ANSYS,INC.-supplied version of coding for USERCK has been used.         

 *** WARNING ***                         CP =       1.484   TIME= 21:25:51
 ANSYS,INC.-supplied version of coding for USERCK has been used.         

 *** WARNING ***                         CP =       1.484   TIME= 21:25:51
 ANSYS,INC.-supplied version of coding for USERCK has been used.         

 *** WARNING ***                         CP =       1.484   TIME= 21:25:51
 ANSYS,INC.-supplied version of coding for USERCK has been used.         

 *** WARNING ***                         CP =       1.484   TIME= 21:25:51
 ANSYS,INC.-supplied version of coding for USERCK has been used.         

 *** WARNING ***                         CP =       1.484   TIME= 21:25:51
 ANSYS,INC.-supplied version of coding for USERCK has been used.         

 *** WARNING ***                         CP =       1.484   TIME= 21:25:51
 ANSYS,INC.-supplied version of coding for USERCK has been used.         

 *** WARNING ***                         CP =       1.484   TIME= 21:25:51
 ANSYS,INC.-supplied version of coding for USERCK has been used.         

 *** WARNING ***                         CP =       1.484   TIME= 21:25:51
 ANSYS,INC.-supplied version of coding for USERCK has been used.         

 *** WARNING ***                         CP =       1.484   TIME= 21:25:51
 ANSYS,INC.-supplied version of coding for USERCK has been used.         

 *** WARNING ***                         CP =       1.484   TIME= 21:25:51
 ANSYS,INC.-supplied version of coding for USERCK has been used.         

 *** WARNING ***                         CP =       1.484   TIME= 21:25:51
 ANSYS,INC.-supplied version of coding for USERCK has been used.         

 *** WARNING ***                         CP =       1.484   TIME= 21:25:51
 ANSYS,INC.-supplied version of coding for USERCK has been used.         

 *** WARNING ***                         CP =       1.484   TIME= 21:25:51
 ANSYS,INC.-supplied version of coding for USERCK has been used.         

 *** WARNING ***                         CP =       1.484   TIME= 21:25:51
 ANSYS,INC.-supplied version of coding for USERCK has been used.         

 *** WARNING ***                         CP =       1.484   TIME= 21:25:51
 ANSYS,INC.-supplied version of coding for USERCK has been used.         

 *** WARNING ***                         CP =       1.484   TIME= 21:25:51
 ANSYS,INC.-supplied version of coding for USERCK has been used.         

 *** WARNING ***                         CP =       1.484   TIME= 21:25:51
 ANSYS,INC.-supplied version of coding for USERCK has been used.         

 *** WARNING ***                         CP =       1.484   TIME= 21:25:51
 ANSYS,INC.-supplied version of coding for USERCK has been used.         

 *** WARNING ***                         CP =       1.484   TIME= 21:25:51
 ANSYS,INC.-supplied version of coding for USERCK has been used.         

 *** WARNING ***                         CP =       1.484   TIME= 21:25:51
 ANSYS,INC.-supplied version of coding for USERCK has been used.         

 *** WARNING ***                         CP =       1.484   TIME= 21:25:51
 ANSYS,INC.-supplied version of coding for USERCK has been used.         

 *** WARNING ***                         CP =       1.484   TIME= 21:25:51
 ANSYS,INC.-supplied version of coding for USERCK has been used.         

 *** WARNING ***                         CP =       1.484   TIME= 21:25:51
 ANSYS,INC.-supplied version of coding for USERCK has been used.         

 *** WARNING ***                         CP =       1.484   TIME= 21:25:51
 ANSYS,INC.-supplied version of coding for USERCK has been used.         

 *** WARNING ***                         CP =       1.484   TIME= 21:25:51
 ANSYS,INC.-supplied version of coding for USERCK has been used.         

 *** WARNING ***                         CP =       1.484   TIME= 21:25:51
 ANSYS,INC.-supplied version of coding for USERCK has been used.         

 *** WARNING ***                         CP =       1.484   TIME= 21:25:51
 ANSYS,INC.-supplied version of coding for USERCK has been used.         

 *** WARNING ***                         CP =       1.484   TIME= 21:25:51
 ANSYS,INC.-supplied version of coding for USERCK has been used.         

 *** WARNING ***                         CP =       1.484   TIME= 21:25:51
 ANSYS,INC.-supplied version of coding for USERCK has been used.         

 *** WARNING ***                         CP =       1.484   TIME= 21:25:51
 ANSYS,INC.-supplied version of coding for USERCK has been used.         

 *** WARNING ***                         CP =       1.484   TIME= 21:25:51
 ANSYS,INC.-supplied version of coding for USERCK has been used.         

 *** WARNING ***                         CP =       1.484   TIME= 21:25:51
 ANSYS,INC.-supplied version of coding for USERCK has been used.         

 *** WARNING ***                         CP =       1.484   TIME= 21:25:51
 ANSYS,INC.-supplied version of coding for USERCK has been used.         

 *** WARNING ***                         CP =       1.484   TIME= 21:25:51
 ANSYS,INC.-supplied version of coding for USERCK has been used.         

 *** WARNING ***                         CP =       1.484   TIME= 21:25:51
 ANSYS,INC.-supplied version of coding for USERCK has been used.         

 *** WARNING ***                         CP =       1.484   TIME= 21:25:51
 ANSYS,INC.-supplied version of coding for USERCK has been used.         

 *** WARNING ***                         CP =       1.484   TIME= 21:25:51
 ANSYS,INC.-supplied version of coding for USERCK has been used.         

 *** WARNING ***                         CP =       1.484   TIME= 21:25:51
 ANSYS,INC.-supplied version of coding for USERCK has been used.         

 *** WARNING ***                         CP =       1.484   TIME= 21:25:51
 ANSYS,INC.-supplied version of coding for USERCK has been used.         

 *** WARNING ***                         CP =       1.484   TIME= 21:25:51
 ANSYS,INC.-supplied version of coding for USERCK has been used.         

 *** WARNING ***                         CP =       1.484   TIME= 21:25:51
 ANSYS,INC.-supplied version of coding for USERCK has been used.         

 *** WARNING ***                         CP =       1.484   TIME= 21:25:51
 ANSYS,INC.-supplied version of coding for USERCK has been used.         

 *** WARNING ***                         CP =       1.484   TIME= 21:25:51
 ANSYS,INC.-supplied version of coding for USERCK has been used.         

 *** WARNING ***                         CP =       1.484   TIME= 21:25:51
 ANSYS,INC.-supplied version of coding for USERCK has been used.         

 *** WARNING ***                         CP =       1.484   TIME= 21:25:51
 ANSYS,INC.-supplied version of coding for USERCK has been used.         

 *** WARNING ***                         CP =       1.484   TIME= 21:25:51
 ANSYS,INC.-supplied version of coding for USERCK has been used.         

 *** WARNING ***                         CP =       1.484   TIME= 21:25:51
 ANSYS,INC.-supplied version of coding for USERCK has been used.         

 *** WARNING ***                         CP =       1.484   TIME= 21:25:51
 ANSYS,INC.-supplied version of coding for USERCK has been used.         

 *** WARNING ***                         CP =       1.484   TIME= 21:25:51
 ANSYS,INC.-supplied version of coding for USERCK has been used.         

 *** WARNING ***                         CP =       1.484   TIME= 21:25:51
 ANSYS,INC.-supplied version of coding for USERCK has been used.         

 *** WARNING ***                         CP =       1.484   TIME= 21:25:51
 ANSYS,INC.-supplied version of coding for USERCK has been used.         

 *** WARNING ***                         CP =       1.484   TIME= 21:25:51
 ANSYS,INC.-supplied version of coding for USERCK has been used.         

 *** WARNING ***                         CP =       1.484   TIME= 21:25:51
 ANSYS,INC.-supplied version of coding for USERCK has been used.         

 *** WARNING ***                         CP =       1.484   TIME= 21:25:51
 ANSYS,INC.-supplied version of coding for USERCK has been used.         

 *** WARNING ***                         CP =       1.484   TIME= 21:25:51
 ANSYS,INC.-supplied version of coding for USERCK has been used.         

 *** WARNING ***                         CP =       1.484   TIME= 21:25:51
 ANSYS,INC.-supplied version of coding for USERCK has been used.         

 *** WARNING ***                         CP =       1.484   TIME= 21:25:51
 ANSYS,INC.-supplied version of coding for USERCK has been used.         

 *** WARNING ***                         CP =       1.484   TIME= 21:25:51
 ANSYS,INC.-supplied version of coding for USERCK has been used.         

 *** WARNING ***                         CP =       1.484   TIME= 21:25:51
 ANSYS,INC.-supplied version of coding for USERCK has been used.         

 *** WARNING ***                         CP =       1.484   TIME= 21:25:51
 ANSYS,INC.-supplied version of coding for USERCK has been used.         

 *** WARNING ***                         CP =       1.484   TIME= 21:25:51
 ANSYS,INC.-supplied version of coding for USERCK has been used.         

 *** WARNING ***                         CP =       6.984   TIME= 21:25:56
 Both solid model and finite element model boundary conditions have been 
 applied to this model.  As solid loads are transferred to the nodes or  
 elements, they can overwrite directly applied loads.                    

 *** WARNING ***                         CP =       6.984   TIME= 21:25:56
 Both solid model and finite element model boundary conditions have been 
 applied to this model.  As solid loads are transferred to the nodes or  
 elements, they can overwrite directly applied loads.                    

 *** WARNING ***                         CP =     343.188   TIME= 21:31:03
 The view for graph plots is currently NOT changeable.                   
  To enable graph view manipulation, issue /GROPTS,VIEW,1.               
